[0.079s] Invoking command in '/workspace/run/ros2_ws/build/armkidd_cvprocesser': CMAKE_PREFIX_PATH=${CMAKE_PREFIX_PATH}:/opt/ros/jazzy /usr/bin/cmake --build /workspace/run/ros2_ws/build/armkidd_cvprocesser -- -j6 -l6
[1.154s] Built target ament_cmake_python_copy_armkidd_cvprocesser
[1.708s] running egg_info
[1.737s] writing armkidd_cvprocesser.egg-info/PKG-INFO
[1.738s] writing dependency_links to armkidd_cvprocesser.egg-info/dependency_links.txt
[1.738s] writing top-level names to armkidd_cvprocesser.egg-info/top_level.txt
[1.824s] reading manifest file 'armkidd_cvprocesser.egg-info/SOURCES.txt'
[1.826s] writing manifest file 'armkidd_cvprocesser.egg-info/SOURCES.txt'
[1.918s] Built target ament_cmake_python_build_armkidd_cvprocesser_egg
[1.946s] Invoked command in '/workspace/run/ros2_ws/build/armkidd_cvprocesser' returned '0': CMAKE_PREFIX_PATH=${CMAKE_PREFIX_PATH}:/opt/ros/jazzy /usr/bin/cmake --build /workspace/run/ros2_ws/build/armkidd_cvprocesser -- -j6 -l6
[1.969s] Invoking command in '/workspace/run/ros2_ws/build/armkidd_cvprocesser': CMAKE_PREFIX_PATH=${CMAKE_PREFIX_PATH}:/opt/ros/jazzy /usr/bin/cmake --install /workspace/run/ros2_ws/build/armkidd_cvprocesser
[1.986s] -- Install configuration: ""
[1.987s] -- Up-to-date: /workspace/run/ros2_ws/install/armkidd_cvprocesser/share/armkidd_cvprocesser/environment/pythonpath.sh
[1.988s] -- Up-to-date: /workspace/run/ros2_ws/install/armkidd_cvprocesser/share/armkidd_cvprocesser/environment/pythonpath.dsv
[1.988s] -- Up-to-date: /workspace/run/ros2_ws/install/armkidd_cvprocesser/lib/python3.12/site-packages/armkidd_cvprocesser-0.0.0-py3.12.egg-info
[1.989s] -- Installing: /workspace/run/ros2_ws/install/armkidd_cvprocesser/lib/python3.12/site-packages/armkidd_cvprocesser-0.0.0-py3.12.egg-info/PKG-INFO
[1.990s] -- Installing: /workspace/run/ros2_ws/install/armkidd_cvprocesser/lib/python3.12/site-packages/armkidd_cvprocesser-0.0.0-py3.12.egg-info/top_level.txt
[1.990s] -- Installing: /workspace/run/ros2_ws/install/armkidd_cvprocesser/lib/python3.12/site-packages/armkidd_cvprocesser-0.0.0-py3.12.egg-info/dependency_links.txt
[1.990s] -- Installing: /workspace/run/ros2_ws/install/armkidd_cvprocesser/lib/python3.12/site-packages/armkidd_cvprocesser-0.0.0-py3.12.egg-info/SOURCES.txt
[1.991s] -- Up-to-date: /workspace/run/ros2_ws/install/armkidd_cvprocesser/lib/python3.12/site-packages/armkidd_cvprocesser
[1.991s] -- Installing: /workspace/run/ros2_ws/install/armkidd_cvprocesser/lib/python3.12/site-packages/armkidd_cvprocesser/cv_processer_node.py
[1.991s] -- Up-to-date: /workspace/run/ros2_ws/install/armkidd_cvprocesser/lib/python3.12/site-packages/armkidd_cvprocesser/ImageServiceStream_pb2.py
[1.991s] -- Up-to-date: /workspace/run/ros2_ws/install/armkidd_cvprocesser/lib/python3.12/site-packages/armkidd_cvprocesser/AgentServiceStream_pb2.py
[1.992s] -- Up-to-date: /workspace/run/ros2_ws/install/armkidd_cvprocesser/lib/python3.12/site-packages/armkidd_cvprocesser/AgentServiceStream.proto
[1.992s] -- Up-to-date: /workspace/run/ros2_ws/install/armkidd_cvprocesser/lib/python3.12/site-packages/armkidd_cvprocesser/__init__.py
[1.992s] -- Up-to-date: /workspace/run/ros2_ws/install/armkidd_cvprocesser/lib/python3.12/site-packages/armkidd_cvprocesser/ImageServiceStream.proto
[1.993s] -- Up-to-date: /workspace/run/ros2_ws/install/armkidd_cvprocesser/lib/python3.12/site-packages/armkidd_cvprocesser/ImageServiceStream_pb2_grpc.py
[1.993s] -- Up-to-date: /workspace/run/ros2_ws/install/armkidd_cvprocesser/lib/python3.12/site-packages/armkidd_cvprocesser/AgentServiceStream_pb2_grpc.py
[1.993s] -- Up-to-date: /workspace/run/ros2_ws/install/armkidd_cvprocesser/lib/python3.12/site-packages/armkidd_cvprocesser/ImageClient.py
[1.994s] -- Up-to-date: /workspace/run/ros2_ws/install/armkidd_cvprocesser/lib/python3.12/site-packages/armkidd_cvprocesser/AgentClient.py
[1.994s] -- Up-to-date: /workspace/run/ros2_ws/install/armkidd_cvprocesser/lib/python3.12/site-packages/armkidd_cvprocesser/load_config.py
[2.079s] Listing '/workspace/run/ros2_ws/install/armkidd_cvprocesser/lib/python3.12/site-packages/armkidd_cvprocesser'...
[2.081s] Compiling '/workspace/run/ros2_ws/install/armkidd_cvprocesser/lib/python3.12/site-packages/armkidd_cvprocesser/cv_processer_node.py'...
[2.107s] -- Up-to-date: /workspace/run/ros2_ws/install/armkidd_cvprocesser/lib//armkidd_cvprocesser
[2.109s] -- Installing: /workspace/run/ros2_ws/install/armkidd_cvprocesser/lib//armkidd_cvprocesser/cv_processer_node.py
[2.109s] -- Up-to-date: /workspace/run/ros2_ws/install/armkidd_cvprocesser/lib//armkidd_cvprocesser/ImageServiceStream_pb2.py
[2.110s] -- Up-to-date: /workspace/run/ros2_ws/install/armkidd_cvprocesser/lib//armkidd_cvprocesser/AgentServiceStream_pb2.py
[2.111s] -- Up-to-date: /workspace/run/ros2_ws/install/armkidd_cvprocesser/lib//armkidd_cvprocesser/AgentServiceStream.proto
[2.111s] -- Up-to-date: /workspace/run/ros2_ws/install/armkidd_cvprocesser/lib//armkidd_cvprocesser/__init__.py
[2.112s] -- Up-to-date: /workspace/run/ros2_ws/install/armkidd_cvprocesser/lib//armkidd_cvprocesser/ImageServiceStream.proto
[2.112s] -- Up-to-date: /workspace/run/ros2_ws/install/armkidd_cvprocesser/lib//armkidd_cvprocesser/ImageServiceStream_pb2_grpc.py
[2.113s] -- Up-to-date: /workspace/run/ros2_ws/install/armkidd_cvprocesser/lib//armkidd_cvprocesser/AgentServiceStream_pb2_grpc.py
[2.113s] -- Up-to-date: /workspace/run/ros2_ws/install/armkidd_cvprocesser/lib//armkidd_cvprocesser/ImageClient.py
[2.113s] -- Up-to-date: /workspace/run/ros2_ws/install/armkidd_cvprocesser/lib//armkidd_cvprocesser/AgentClient.py
[2.114s] -- Up-to-date: /workspace/run/ros2_ws/install/armkidd_cvprocesser/lib//armkidd_cvprocesser/load_config.py
[2.114s] -- Up-to-date: /workspace/run/ros2_ws/install/armkidd_cvprocesser/lib/armkidd_cvprocesser/cv_processer_node.py
[2.114s] -- Up-to-date: /workspace/run/ros2_ws/install/armkidd_cvprocesser/share/ament_index/resource_index/package_run_dependencies/armkidd_cvprocesser
[2.114s] -- Up-to-date: /workspace/run/ros2_ws/install/armkidd_cvprocesser/share/ament_index/resource_index/parent_prefix_path/armkidd_cvprocesser
[2.115s] -- Up-to-date: /workspace/run/ros2_ws/install/armkidd_cvprocesser/share/armkidd_cvprocesser/environment/ament_prefix_path.sh
[2.115s] -- Up-to-date: /workspace/run/ros2_ws/install/armkidd_cvprocesser/share/armkidd_cvprocesser/environment/ament_prefix_path.dsv
[2.115s] -- Up-to-date: /workspace/run/ros2_ws/install/armkidd_cvprocesser/share/armkidd_cvprocesser/environment/path.sh
[2.115s] -- Up-to-date: /workspace/run/ros2_ws/install/armkidd_cvprocesser/share/armkidd_cvprocesser/environment/path.dsv
[2.115s] -- Up-to-date: /workspace/run/ros2_ws/install/armkidd_cvprocesser/share/armkidd_cvprocesser/local_setup.bash
[2.116s] -- Up-to-date: /workspace/run/ros2_ws/install/armkidd_cvprocesser/share/armkidd_cvprocesser/local_setup.sh
[2.116s] -- Up-to-date: /workspace/run/ros2_ws/install/armkidd_cvprocesser/share/armkidd_cvprocesser/local_setup.zsh
[2.116s] -- Up-to-date: /workspace/run/ros2_ws/install/armkidd_cvprocesser/share/armkidd_cvprocesser/local_setup.dsv
[2.116s] -- Installing: /workspace/run/ros2_ws/install/armkidd_cvprocesser/share/armkidd_cvprocesser/package.dsv
[2.116s] -- Up-to-date: /workspace/run/ros2_ws/install/armkidd_cvprocesser/share/ament_index/resource_index/packages/armkidd_cvprocesser
[2.117s] -- Up-to-date: /workspace/run/ros2_ws/install/armkidd_cvprocesser/share/armkidd_cvprocesser/cmake/armkidd_cvprocesserConfig.cmake
[2.118s] -- Up-to-date: /workspace/run/ros2_ws/install/armkidd_cvprocesser/share/armkidd_cvprocesser/cmake/armkidd_cvprocesserConfig-version.cmake
[2.119s] -- Up-to-date: /workspace/run/ros2_ws/install/armkidd_cvprocesser/share/armkidd_cvprocesser/package.xml
[2.120s] Invoked command in '/workspace/run/ros2_ws/build/armkidd_cvprocesser' returned '0': CMAKE_PREFIX_PATH=${CMAKE_PREFIX_PATH}:/opt/ros/jazzy /usr/bin/cmake --install /workspace/run/ros2_ws/build/armkidd_cvprocesser
