[0.028s] Invoking command in '/workspace/run/ros2_ws/build/armkidd_interfaces': CMAKE_PREFIX_PATH=${CMAKE_PREFIX_PATH}:/opt/ros/jazzy /usr/bin/cmake --build /workspace/run/ros2_ws/build/armkidd_interfaces -- -j6 -l6
[0.324s] [  2%] Built target armkidd_interfaces__rosidl_generator_type_description
[0.348s] [  2%] Built target ament_cmake_python_copy_armkidd_interfaces
[0.371s] [  5%] Built target armkidd_interfaces__cpp
[0.387s] [ 20%] Built target armkidd_interfaces__rosidl_generator_c
[0.443s] [ 29%] Built target armkidd_interfaces__rosidl_typesupport_introspection_c
[0.458s] [ 38%] Built target armkidd_interfaces__rosidl_typesupport_fastrtps_c
[0.459s] [ 47%] Built target armkidd_interfaces__rosidl_typesupport_c
[0.470s] [ 55%] Built target armkidd_interfaces__rosidl_typesupport_cpp
[0.473s] [ 64%] Built target armkidd_interfaces__rosidl_typesupport_fastrtps_cpp
[0.505s] [ 73%] Built target armkidd_interfaces__rosidl_typesupport_introspection_cpp
[0.552s] [ 73%] Built target armkidd_interfaces
[0.604s] [ 76%] Built target armkidd_interfaces__py
[0.661s] [ 82%] Built target armkidd_interfaces__rosidl_generator_py
[0.716s] [ 94%] Built target armkidd_interfaces_s__rosidl_typesupport_c
[0.716s] [100%] Built target armkidd_interfaces_s__rosidl_typesupport_fastrtps_c
[0.717s] [ 94%] Built target armkidd_interfaces_s__rosidl_typesupport_introspection_c
[0.909s] running egg_info
[0.937s] writing armkidd_interfaces.egg-info/PKG-INFO
[0.938s] writing dependency_links to armkidd_interfaces.egg-info/dependency_links.txt
[0.939s] writing top-level names to armkidd_interfaces.egg-info/top_level.txt
[1.027s] reading manifest file 'armkidd_interfaces.egg-info/SOURCES.txt'
[1.029s] writing manifest file 'armkidd_interfaces.egg-info/SOURCES.txt'
[1.119s] [100%] Built target ament_cmake_python_build_armkidd_interfaces_egg
[1.173s] Invoked command in '/workspace/run/ros2_ws/build/armkidd_interfaces' returned '0': CMAKE_PREFIX_PATH=${CMAKE_PREFIX_PATH}:/opt/ros/jazzy /usr/bin/cmake --build /workspace/run/ros2_ws/build/armkidd_interfaces -- -j6 -l6
[1.176s] Invoking command in '/workspace/run/ros2_ws/build/armkidd_interfaces': CMAKE_PREFIX_PATH=${CMAKE_PREFIX_PATH}:/opt/ros/jazzy /usr/bin/cmake --install /workspace/run/ros2_ws/build/armkidd_interfaces
[1.195s] -- Install configuration: ""
[1.195s] -- Up-to-date: /workspace/run/ros2_ws/install/armkidd_interfaces/share/ament_index/resource_index/rosidl_interfaces/armkidd_interfaces
[1.196s] -- Up-to-date: /workspace/run/ros2_ws/install/armkidd_interfaces/share/armkidd_interfaces/msg/ArmkiddTarget.json
[1.196s] -- Up-to-date: /workspace/run/ros2_ws/install/armkidd_interfaces/include/armkidd_interfaces/armkidd_interfaces
[1.196s] -- Up-to-date: /workspace/run/ros2_ws/install/armkidd_interfaces/include/armkidd_interfaces/armkidd_interfaces/msg
[1.196s] -- Up-to-date: /workspace/run/ros2_ws/install/armkidd_interfaces/include/armkidd_interfaces/armkidd_interfaces/msg/armkidd_target.h
[1.196s] -- Up-to-date: /workspace/run/ros2_ws/install/armkidd_interfaces/include/armkidd_interfaces/armkidd_interfaces/msg/rosidl_generator_c__visibility_control.h
[1.197s] -- Up-to-date: /workspace/run/ros2_ws/install/armkidd_interfaces/include/armkidd_interfaces/armkidd_interfaces/msg/detail
[1.197s] -- Up-to-date: /workspace/run/ros2_ws/install/armkidd_interfaces/include/armkidd_interfaces/armkidd_interfaces/msg/detail/armkidd_target__type_support.h
[1.197s] -- Up-to-date: /workspace/run/ros2_ws/install/armkidd_interfaces/include/armkidd_interfaces/armkidd_interfaces/msg/detail/armkidd_target__description.c
[1.197s] -- Up-to-date: /workspace/run/ros2_ws/install/armkidd_interfaces/include/armkidd_interfaces/armkidd_interfaces/msg/detail/armkidd_target__functions.h
[1.197s] -- Up-to-date: /workspace/run/ros2_ws/install/armkidd_interfaces/include/armkidd_interfaces/armkidd_interfaces/msg/detail/armkidd_target__struct.h
[1.198s] -- Installing: /workspace/run/ros2_ws/install/armkidd_interfaces/include/armkidd_interfaces/armkidd_interfaces/msg/detail/armkidd_target__type_support.c
[1.198s] -- Up-to-date: /workspace/run/ros2_ws/install/armkidd_interfaces/include/armkidd_interfaces/armkidd_interfaces/msg/detail/armkidd_target__functions.c
[1.198s] -- Up-to-date: /workspace/run/ros2_ws/install/armkidd_interfaces/share/armkidd_interfaces/environment/library_path.sh
[1.198s] -- Up-to-date: /workspace/run/ros2_ws/install/armkidd_interfaces/share/armkidd_interfaces/environment/library_path.dsv
[1.199s] -- Up-to-date: /workspace/run/ros2_ws/install/armkidd_interfaces/lib/libarmkidd_interfaces__rosidl_generator_c.so
[1.199s] -- Up-to-date: /workspace/run/ros2_ws/install/armkidd_interfaces/include/armkidd_interfaces/armkidd_interfaces
[1.199s] -- Up-to-date: /workspace/run/ros2_ws/install/armkidd_interfaces/include/armkidd_interfaces/armkidd_interfaces/msg
[1.200s] -- Up-to-date: /workspace/run/ros2_ws/install/armkidd_interfaces/include/armkidd_interfaces/armkidd_interfaces/msg/detail
[1.200s] -- Up-to-date: /workspace/run/ros2_ws/install/armkidd_interfaces/include/armkidd_interfaces/armkidd_interfaces/msg/detail/armkidd_target__rosidl_typesupport_fastrtps_c.h
[1.200s] -- Up-to-date: /workspace/run/ros2_ws/install/armkidd_interfaces/include/armkidd_interfaces/armkidd_interfaces/msg/rosidl_typesupport_fastrtps_c__visibility_control.h
[1.201s] -- Up-to-date: /workspace/run/ros2_ws/install/armkidd_interfaces/lib/libarmkidd_interfaces__rosidl_typesupport_fastrtps_c.so
[1.201s] -- Up-to-date: /workspace/run/ros2_ws/install/armkidd_interfaces/include/armkidd_interfaces/armkidd_interfaces
[1.201s] -- Up-to-date: /workspace/run/ros2_ws/install/armkidd_interfaces/include/armkidd_interfaces/armkidd_interfaces/msg
[1.202s] -- Up-to-date: /workspace/run/ros2_ws/install/armkidd_interfaces/include/armkidd_interfaces/armkidd_interfaces/msg/detail
[1.202s] -- Installing: /workspace/run/ros2_ws/install/armkidd_interfaces/include/armkidd_interfaces/armkidd_interfaces/msg/detail/armkidd_target__type_support.c
[1.202s] -- Up-to-date: /workspace/run/ros2_ws/install/armkidd_interfaces/include/armkidd_interfaces/armkidd_interfaces/msg/detail/armkidd_target__rosidl_typesupport_introspection_c.h
[1.203s] -- Up-to-date: /workspace/run/ros2_ws/install/armkidd_interfaces/include/armkidd_interfaces/armkidd_interfaces/msg/rosidl_typesupport_introspection_c__visibility_control.h
[1.204s] -- Up-to-date: /workspace/run/ros2_ws/install/armkidd_interfaces/lib/libarmkidd_interfaces__rosidl_typesupport_introspection_c.so
[1.205s] -- Up-to-date: /workspace/run/ros2_ws/install/armkidd_interfaces/lib/libarmkidd_interfaces__rosidl_typesupport_c.so
[1.205s] -- Up-to-date: /workspace/run/ros2_ws/install/armkidd_interfaces/include/armkidd_interfaces/armkidd_interfaces
[1.206s] -- Up-to-date: /workspace/run/ros2_ws/install/armkidd_interfaces/include/armkidd_interfaces/armkidd_interfaces/msg
[1.206s] -- Up-to-date: /workspace/run/ros2_ws/install/armkidd_interfaces/include/armkidd_interfaces/armkidd_interfaces/msg/rosidl_generator_cpp__visibility_control.hpp
[1.206s] -- Up-to-date: /workspace/run/ros2_ws/install/armkidd_interfaces/include/armkidd_interfaces/armkidd_interfaces/msg/detail
[1.206s] -- Up-to-date: /workspace/run/ros2_ws/install/armkidd_interfaces/include/armkidd_interfaces/armkidd_interfaces/msg/detail/armkidd_target__struct.hpp
[1.207s] -- Up-to-date: /workspace/run/ros2_ws/install/armkidd_interfaces/include/armkidd_interfaces/armkidd_interfaces/msg/detail/armkidd_target__builder.hpp
[1.207s] -- Up-to-date: /workspace/run/ros2_ws/install/armkidd_interfaces/include/armkidd_interfaces/armkidd_interfaces/msg/detail/armkidd_target__type_support.hpp
[1.207s] -- Up-to-date: /workspace/run/ros2_ws/install/armkidd_interfaces/include/armkidd_interfaces/armkidd_interfaces/msg/detail/armkidd_target__traits.hpp
[1.207s] -- Up-to-date: /workspace/run/ros2_ws/install/armkidd_interfaces/include/armkidd_interfaces/armkidd_interfaces/msg/armkidd_target.hpp
[1.207s] -- Up-to-date: /workspace/run/ros2_ws/install/armkidd_interfaces/include/armkidd_interfaces/armkidd_interfaces
[1.208s] -- Up-to-date: /workspace/run/ros2_ws/install/armkidd_interfaces/include/armkidd_interfaces/armkidd_interfaces/msg
[1.208s] -- Up-to-date: /workspace/run/ros2_ws/install/armkidd_interfaces/include/armkidd_interfaces/armkidd_interfaces/msg/detail
[1.208s] -- Up-to-date: /workspace/run/ros2_ws/install/armkidd_interfaces/include/armkidd_interfaces/armkidd_interfaces/msg/detail/armkidd_target__rosidl_typesupport_fastrtps_cpp.hpp
[1.209s] -- Up-to-date: /workspace/run/ros2_ws/install/armkidd_interfaces/include/armkidd_interfaces/armkidd_interfaces/msg/detail/dds_fastrtps
[1.209s] -- Up-to-date: /workspace/run/ros2_ws/install/armkidd_interfaces/include/armkidd_interfaces/armkidd_interfaces/msg/rosidl_typesupport_fastrtps_cpp__visibility_control.h
[1.209s] -- Up-to-date: /workspace/run/ros2_ws/install/armkidd_interfaces/lib/libarmkidd_interfaces__rosidl_typesupport_fastrtps_cpp.so
[1.209s] -- Up-to-date: /workspace/run/ros2_ws/install/armkidd_interfaces/include/armkidd_interfaces/armkidd_interfaces
[1.210s] -- Up-to-date: /workspace/run/ros2_ws/install/armkidd_interfaces/include/armkidd_interfaces/armkidd_interfaces/msg
[1.210s] -- Up-to-date: /workspace/run/ros2_ws/install/armkidd_interfaces/include/armkidd_interfaces/armkidd_interfaces/msg/detail
[1.210s] -- Up-to-date: /workspace/run/ros2_ws/install/armkidd_interfaces/include/armkidd_interfaces/armkidd_interfaces/msg/detail/armkidd_target__rosidl_typesupport_introspection_cpp.hpp
[1.210s] -- Up-to-date: /workspace/run/ros2_ws/install/armkidd_interfaces/include/armkidd_interfaces/armkidd_interfaces/msg/detail/armkidd_target__type_support.cpp
[1.211s] -- Up-to-date: /workspace/run/ros2_ws/install/armkidd_interfaces/lib/libarmkidd_interfaces__rosidl_typesupport_introspection_cpp.so
[1.211s] -- Up-to-date: /workspace/run/ros2_ws/install/armkidd_interfaces/lib/libarmkidd_interfaces__rosidl_typesupport_cpp.so
[1.211s] -- Up-to-date: /workspace/run/ros2_ws/install/armkidd_interfaces/share/armkidd_interfaces/environment/pythonpath.sh
[1.212s] -- Up-to-date: /workspace/run/ros2_ws/install/armkidd_interfaces/share/armkidd_interfaces/environment/pythonpath.dsv
[1.212s] -- Up-to-date: /workspace/run/ros2_ws/install/armkidd_interfaces/lib/python3.12/site-packages/armkidd_interfaces-0.0.0-py3.12.egg-info
[1.212s] -- Installing: /workspace/run/ros2_ws/install/armkidd_interfaces/lib/python3.12/site-packages/armkidd_interfaces-0.0.0-py3.12.egg-info/PKG-INFO
[1.212s] -- Installing: /workspace/run/ros2_ws/install/armkidd_interfaces/lib/python3.12/site-packages/armkidd_interfaces-0.0.0-py3.12.egg-info/top_level.txt
[1.213s] -- Installing: /workspace/run/ros2_ws/install/armkidd_interfaces/lib/python3.12/site-packages/armkidd_interfaces-0.0.0-py3.12.egg-info/dependency_links.txt
[1.213s] -- Installing: /workspace/run/ros2_ws/install/armkidd_interfaces/lib/python3.12/site-packages/armkidd_interfaces-0.0.0-py3.12.egg-info/SOURCES.txt
[1.213s] -- Up-to-date: /workspace/run/ros2_ws/install/armkidd_interfaces/lib/python3.12/site-packages/armkidd_interfaces
[1.214s] -- Up-to-date: /workspace/run/ros2_ws/install/armkidd_interfaces/lib/python3.12/site-packages/armkidd_interfaces/msg
[1.214s] -- Up-to-date: /workspace/run/ros2_ws/install/armkidd_interfaces/lib/python3.12/site-packages/armkidd_interfaces/msg/_armkidd_target_s.c
[1.214s] -- Up-to-date: /workspace/run/ros2_ws/install/armkidd_interfaces/lib/python3.12/site-packages/armkidd_interfaces/msg/__init__.py
[1.215s] -- Up-to-date: /workspace/run/ros2_ws/install/armkidd_interfaces/lib/python3.12/site-packages/armkidd_interfaces/msg/_armkidd_target.py
[1.215s] -- Up-to-date: /workspace/run/ros2_ws/install/armkidd_interfaces/lib/python3.12/site-packages/armkidd_interfaces/__init__.py
[1.215s] -- Up-to-date: /workspace/run/ros2_ws/install/armkidd_interfaces/lib/python3.12/site-packages/armkidd_interfaces/_armkidd_interfaces_s.ep.rosidl_typesupport_fastrtps_c.c
[1.215s] -- Up-to-date: /workspace/run/ros2_ws/install/armkidd_interfaces/lib/python3.12/site-packages/armkidd_interfaces/_armkidd_interfaces_s.ep.rosidl_typesupport_introspection_c.c
[1.215s] -- Up-to-date: /workspace/run/ros2_ws/install/armkidd_interfaces/lib/python3.12/site-packages/armkidd_interfaces/armkidd_interfaces_s__rosidl_typesupport_fastrtps_c.so
[1.216s] -- Up-to-date: /workspace/run/ros2_ws/install/armkidd_interfaces/lib/python3.12/site-packages/armkidd_interfaces/armkidd_interfaces_s__rosidl_typesupport_c.so
[1.216s] -- Up-to-date: /workspace/run/ros2_ws/install/armkidd_interfaces/lib/python3.12/site-packages/armkidd_interfaces/_armkidd_interfaces_s.ep.rosidl_typesupport_c.c
[1.216s] -- Up-to-date: /workspace/run/ros2_ws/install/armkidd_interfaces/lib/python3.12/site-packages/armkidd_interfaces/armkidd_interfaces_s__rosidl_typesupport_introspection_c.so
[1.304s] Listing '/workspace/run/ros2_ws/install/armkidd_interfaces/lib/python3.12/site-packages/armkidd_interfaces'...
[1.306s] Listing '/workspace/run/ros2_ws/install/armkidd_interfaces/lib/python3.12/site-packages/armkidd_interfaces/msg'...
[1.326s] -- Up-to-date: /workspace/run/ros2_ws/install/armkidd_interfaces/lib/python3.12/site-packages/armkidd_interfaces/armkidd_interfaces_s__rosidl_typesupport_fastrtps_c.so
[1.327s] -- Up-to-date: /workspace/run/ros2_ws/install/armkidd_interfaces/lib/python3.12/site-packages/armkidd_interfaces/armkidd_interfaces_s__rosidl_typesupport_introspection_c.so
[1.328s] -- Up-to-date: /workspace/run/ros2_ws/install/armkidd_interfaces/lib/python3.12/site-packages/armkidd_interfaces/armkidd_interfaces_s__rosidl_typesupport_c.so
[1.329s] -- Up-to-date: /workspace/run/ros2_ws/install/armkidd_interfaces/lib/libarmkidd_interfaces__rosidl_generator_py.so
[1.330s] -- Up-to-date: /workspace/run/ros2_ws/install/armkidd_interfaces/share/armkidd_interfaces/msg/ArmkiddTarget.idl
[1.331s] -- Up-to-date: /workspace/run/ros2_ws/install/armkidd_interfaces/share/armkidd_interfaces/msg/ArmkiddTarget.msg
[1.332s] -- Up-to-date: /workspace/run/ros2_ws/install/armkidd_interfaces/share/armkidd_interfaces/msg
[1.332s] -- Up-to-date: /workspace/run/ros2_ws/install/armkidd_interfaces/share/armkidd_interfaces/msg/ArmkiddTarget.msg
[1.333s] -- Up-to-date: /workspace/run/ros2_ws/install/armkidd_interfaces/share/ament_index/resource_index/package_run_dependencies/armkidd_interfaces
[1.333s] -- Up-to-date: /workspace/run/ros2_ws/install/armkidd_interfaces/share/ament_index/resource_index/parent_prefix_path/armkidd_interfaces
[1.335s] -- Up-to-date: /workspace/run/ros2_ws/install/armkidd_interfaces/share/armkidd_interfaces/environment/ament_prefix_path.sh
[1.335s] -- Up-to-date: /workspace/run/ros2_ws/install/armkidd_interfaces/share/armkidd_interfaces/environment/ament_prefix_path.dsv
[1.337s] -- Up-to-date: /workspace/run/ros2_ws/install/armkidd_interfaces/share/armkidd_interfaces/environment/path.sh
[1.338s] -- Up-to-date: /workspace/run/ros2_ws/install/armkidd_interfaces/share/armkidd_interfaces/environment/path.dsv
[1.339s] -- Up-to-date: /workspace/run/ros2_ws/install/armkidd_interfaces/share/armkidd_interfaces/local_setup.bash
[1.340s] -- Up-to-date: /workspace/run/ros2_ws/install/armkidd_interfaces/share/armkidd_interfaces/local_setup.sh
[1.341s] -- Up-to-date: /workspace/run/ros2_ws/install/armkidd_interfaces/share/armkidd_interfaces/local_setup.zsh
[1.341s] -- Up-to-date: /workspace/run/ros2_ws/install/armkidd_interfaces/share/armkidd_interfaces/local_setup.dsv
[1.342s] -- Installing: /workspace/run/ros2_ws/install/armkidd_interfaces/share/armkidd_interfaces/package.dsv
[1.344s] -- Up-to-date: /workspace/run/ros2_ws/install/armkidd_interfaces/share/ament_index/resource_index/packages/armkidd_interfaces
[1.345s] -- Up-to-date: /workspace/run/ros2_ws/install/armkidd_interfaces/share/armkidd_interfaces/cmake/export_armkidd_interfaces__rosidl_generator_cExport.cmake
[1.346s] -- Up-to-date: /workspace/run/ros2_ws/install/armkidd_interfaces/share/armkidd_interfaces/cmake/export_armkidd_interfaces__rosidl_generator_cExport-noconfig.cmake
[1.347s] -- Up-to-date: /workspace/run/ros2_ws/install/armkidd_interfaces/share/armkidd_interfaces/cmake/export_armkidd_interfaces__rosidl_typesupport_fastrtps_cExport.cmake
[1.348s] -- Up-to-date: /workspace/run/ros2_ws/install/armkidd_interfaces/share/armkidd_interfaces/cmake/export_armkidd_interfaces__rosidl_typesupport_fastrtps_cExport-noconfig.cmake
[1.349s] -- Up-to-date: /workspace/run/ros2_ws/install/armkidd_interfaces/share/armkidd_interfaces/cmake/armkidd_interfaces__rosidl_typesupport_introspection_cExport.cmake
[1.350s] -- Up-to-date: /workspace/run/ros2_ws/install/armkidd_interfaces/share/armkidd_interfaces/cmake/armkidd_interfaces__rosidl_typesupport_introspection_cExport-noconfig.cmake
[1.351s] -- Up-to-date: /workspace/run/ros2_ws/install/armkidd_interfaces/share/armkidd_interfaces/cmake/armkidd_interfaces__rosidl_typesupport_cExport.cmake
[1.351s] -- Up-to-date: /workspace/run/ros2_ws/install/armkidd_interfaces/share/armkidd_interfaces/cmake/armkidd_interfaces__rosidl_typesupport_cExport-noconfig.cmake
[1.352s] -- Up-to-date: /workspace/run/ros2_ws/install/armkidd_interfaces/share/armkidd_interfaces/cmake/export_armkidd_interfaces__rosidl_generator_cppExport.cmake
[1.357s] -- Up-to-date: /workspace/run/ros2_ws/install/armkidd_interfaces/share/armkidd_interfaces/cmake/export_armkidd_interfaces__rosidl_typesupport_fastrtps_cppExport.cmake
[1.359s] -- Up-to-date: /workspace/run/ros2_ws/install/armkidd_interfaces/share/armkidd_interfaces/cmake/export_armkidd_interfaces__rosidl_typesupport_fastrtps_cppExport-noconfig.cmake
[1.360s] -- Up-to-date: /workspace/run/ros2_ws/install/armkidd_interfaces/share/armkidd_interfaces/cmake/armkidd_interfaces__rosidl_typesupport_introspection_cppExport.cmake
[1.361s] -- Up-to-date: /workspace/run/ros2_ws/install/armkidd_interfaces/share/armkidd_interfaces/cmake/armkidd_interfaces__rosidl_typesupport_introspection_cppExport-noconfig.cmake
[1.362s] -- Up-to-date: /workspace/run/ros2_ws/install/armkidd_interfaces/share/armkidd_interfaces/cmake/armkidd_interfaces__rosidl_typesupport_cppExport.cmake
[1.362s] -- Up-to-date: /workspace/run/ros2_ws/install/armkidd_interfaces/share/armkidd_interfaces/cmake/armkidd_interfaces__rosidl_typesupport_cppExport-noconfig.cmake
[1.363s] -- Up-to-date: /workspace/run/ros2_ws/install/armkidd_interfaces/share/armkidd_interfaces/cmake/export_armkidd_interfaces__rosidl_generator_pyExport.cmake
[1.364s] -- Up-to-date: /workspace/run/ros2_ws/install/armkidd_interfaces/share/armkidd_interfaces/cmake/export_armkidd_interfaces__rosidl_generator_pyExport-noconfig.cmake
[1.364s] -- Up-to-date: /workspace/run/ros2_ws/install/armkidd_interfaces/share/armkidd_interfaces/cmake/rosidl_cmake-extras.cmake
[1.365s] -- Up-to-date: /workspace/run/ros2_ws/install/armkidd_interfaces/share/armkidd_interfaces/cmake/ament_cmake_export_dependencies-extras.cmake
[1.366s] -- Up-to-date: /workspace/run/ros2_ws/install/armkidd_interfaces/share/armkidd_interfaces/cmake/ament_cmake_export_include_directories-extras.cmake
[1.367s] -- Up-to-date: /workspace/run/ros2_ws/install/armkidd_interfaces/share/armkidd_interfaces/cmake/ament_cmake_export_libraries-extras.cmake
[1.367s] -- Up-to-date: /workspace/run/ros2_ws/install/armkidd_interfaces/share/armkidd_interfaces/cmake/ament_cmake_export_targets-extras.cmake
[1.369s] -- Up-to-date: /workspace/run/ros2_ws/install/armkidd_interfaces/share/armkidd_interfaces/cmake/rosidl_cmake_export_typesupport_targets-extras.cmake
[1.371s] -- Up-to-date: /workspace/run/ros2_ws/install/armkidd_interfaces/share/armkidd_interfaces/cmake/rosidl_cmake_export_typesupport_libraries-extras.cmake
[1.373s] -- Up-to-date: /workspace/run/ros2_ws/install/armkidd_interfaces/share/armkidd_interfaces/cmake/armkidd_interfacesConfig.cmake
[1.374s] -- Up-to-date: /workspace/run/ros2_ws/install/armkidd_interfaces/share/armkidd_interfaces/cmake/armkidd_interfacesConfig-version.cmake
[1.374s] -- Up-to-date: /workspace/run/ros2_ws/install/armkidd_interfaces/share/armkidd_interfaces/package.xml
[1.415s] Invoked command in '/workspace/run/ros2_ws/build/armkidd_interfaces' returned '0': CMAKE_PREFIX_PATH=${CMAKE_PREFIX_PATH}:/opt/ros/jazzy /usr/bin/cmake --install /workspace/run/ros2_ws/build/armkidd_interfaces
