[0.347s] DEBUG:colcon:Command line arguments: ['/usr/bin/colcon', 'build']
[0.348s] DEBUG:colcon:Parsed command line arguments: Namespace(log_base=None, log_level=None, verb_name='build', build_base='build', install_base='install', merge_install=False, symlink_install=False, test_result_base=None, continue_on_error=False, executor='parallel', parallel_workers=6, event_handlers=None, ignore_user_meta=False, metas=['./colcon.meta'], base_paths=['.'], packages_ignore=None, packages_ignore_regex=None, paths=None, packages_up_to=None, packages_up_to_regex=None, packages_above=None, packages_above_and_dependencies=None, packages_above_depth=None, packages_select_by_dep=None, packages_skip_by_dep=None, packages_skip_up_to=None, packages_select_build_failed=False, packages_skip_build_finished=False, packages_select_test_failures=False, packages_skip_test_passed=False, packages_select=None, packages_skip=None, packages_select_regex=None, packages_skip_regex=None, packages_start=None, packages_end=None, cmake_args=None, cmake_target=None, cmake_target_skip_unavailable=False, cmake_clean_cache=False, cmake_clean_first=False, cmake_force_configure=False, ament_cmake_args=None, catkin_cmake_args=None, catkin_skip_building_tests=False, mixin_files=None, mixin=None, verb_parser=<colcon_mixin.mixin.mixin_argument.MixinArgumentDecorator object at 0xffff8b44e960>, verb_extension=<colcon_core.verb.build.BuildVerb object at 0xffff8b593230>, main=<bound method BuildVerb.main of <colcon_core.verb.build.BuildVerb object at 0xffff8b593230>>, mixin_verb=('build',))
[0.467s] Level 1:colcon.colcon_core.package_discovery:discover_packages(colcon_meta) check parameters
[0.469s] INFO:colcon.colcon_metadata.package_discovery.colcon_meta:Using configuration from '/root/.colcon/metadata/default/Gazebo.meta'
[0.470s] INFO:colcon.colcon_metadata.package_discovery.colcon_meta:Using configuration from '/root/.colcon/metadata/default/fastdds.meta'
[0.471s] INFO:colcon.colcon_metadata.package_discovery.colcon_meta:Using configuration from '/root/.colcon/metadata/default/fastrtps.meta'
[0.471s] Level 1:colcon.colcon_core.package_discovery:discover_packages(recursive) check parameters
[0.471s] Level 1:colcon.colcon_core.package_discovery:discover_packages(ignore) check parameters
[0.471s] Level 1:colcon.colcon_core.package_discovery:discover_packages(path) check parameters
[0.471s] Level 1:colcon.colcon_core.package_discovery:discover_packages(colcon_meta) discover
[0.471s] Level 1:colcon.colcon_core.package_discovery:discover_packages(recursive) discover
[0.471s] INFO:colcon.colcon_core.package_discovery:Crawling recursively for packages in '/workspace/run/ros2_ws'
[0.472s] Level 1:colcon.colcon_core.package_identification:_identify(.) by extensions ['ignore', 'ignore_ament_install']
[0.472s] Level 1:colcon.colcon_core.package_identification:_identify(.) by extension 'ignore'
[0.472s] Level 1:colcon.colcon_core.package_identification:_identify(.) by extension 'ignore_ament_install'
[0.472s] Level 1:colcon.colcon_core.package_identification:_identify(.) by extensions ['colcon_pkg']
[0.472s] Level 1:colcon.colcon_core.package_identification:_identify(.) by extension 'colcon_pkg'
[0.473s] Level 1:colcon.colcon_core.package_identification:_identify(.) by extensions ['colcon_meta']
[0.473s] Level 1:colcon.colcon_core.package_identification:_identify(.) by extension 'colcon_meta'
[0.473s] Level 1:colcon.colcon_core.package_identification:_identify(.) by extensions ['ros']
[0.473s] Level 1:colcon.colcon_core.package_identification:_identify(.) by extension 'ros'
[0.544s] Level 1:colcon.colcon_core.package_identification:_identify(.) by extensions ['cmake', 'python']
[0.544s] Level 1:colcon.colcon_core.package_identification:_identify(.) by extension 'cmake'
[0.545s] Level 1:colcon.colcon_core.package_identification:_identify(.) by extension 'python'
[0.545s] Level 1:colcon.colcon_core.package_identification:_identify(.) by extensions ['python_setup_py']
[0.545s] Level 1:colcon.colcon_core.package_identification:_identify(.) by extension 'python_setup_py'
[0.545s] Level 1:colcon.colcon_core.package_identification:_identify(build) by extensions ['ignore', 'ignore_ament_install']
[0.545s] Level 1:colcon.colcon_core.package_identification:_identify(build) by extension 'ignore'
[0.545s] Level 1:colcon.colcon_core.package_identification:_identify(build) ignored
[0.546s] Level 1:colcon.colcon_core.package_identification:_identify(install) by extensions ['ignore', 'ignore_ament_install']
[0.546s] Level 1:colcon.colcon_core.package_identification:_identify(install) by extension 'ignore'
[0.546s] Level 1:colcon.colcon_core.package_identification:_identify(install) ignored
[0.547s] Level 1:colcon.colcon_core.package_identification:_identify(log) by extensions ['ignore', 'ignore_ament_install']
[0.547s] Level 1:colcon.colcon_core.package_identification:_identify(log) by extension 'ignore'
[0.547s] Level 1:colcon.colcon_core.package_identification:_identify(log) ignored
[0.547s] Level 1:colcon.colcon_core.package_identification:_identify(src) by extensions ['ignore', 'ignore_ament_install']
[0.547s] Level 1:colcon.colcon_core.package_identification:_identify(src) by extension 'ignore'
[0.547s] Level 1:colcon.colcon_core.package_identification:_identify(src) by extension 'ignore_ament_install'
[0.548s] Level 1:colcon.colcon_core.package_identification:_identify(src) by extensions ['colcon_pkg']
[0.548s] Level 1:colcon.colcon_core.package_identification:_identify(src) by extension 'colcon_pkg'
[0.548s] Level 1:colcon.colcon_core.package_identification:_identify(src) by extensions ['colcon_meta']
[0.548s] Level 1:colcon.colcon_core.package_identification:_identify(src) by extension 'colcon_meta'
[0.548s] Level 1:colcon.colcon_core.package_identification:_identify(src) by extensions ['ros']
[0.548s] Level 1:colcon.colcon_core.package_identification:_identify(src) by extension 'ros'
[0.548s] Level 1:colcon.colcon_core.package_identification:_identify(src) by extensions ['cmake', 'python']
[0.548s] Level 1:colcon.colcon_core.package_identification:_identify(src) by extension 'cmake'
[0.548s] Level 1:colcon.colcon_core.package_identification:_identify(src) by extension 'python'
[0.549s] Level 1:colcon.colcon_core.package_identification:_identify(src) by extensions ['python_setup_py']
[0.549s] Level 1:colcon.colcon_core.package_identification:_identify(src) by extension 'python_setup_py'
[0.549s] Level 1:colcon.colcon_core.package_identification:_identify(src/armkidd_cvprocesser) by extensions ['ignore', 'ignore_ament_install']
[0.549s] Level 1:colcon.colcon_core.package_identification:_identify(src/armkidd_cvprocesser) by extension 'ignore'
[0.549s] Level 1:colcon.colcon_core.package_identification:_identify(src/armkidd_cvprocesser) by extension 'ignore_ament_install'
[0.549s] Level 1:colcon.colcon_core.package_identification:_identify(src/armkidd_cvprocesser) by extensions ['colcon_pkg']
[0.549s] Level 1:colcon.colcon_core.package_identification:_identify(src/armkidd_cvprocesser) by extension 'colcon_pkg'
[0.550s] Level 1:colcon.colcon_core.package_identification:_identify(src/armkidd_cvprocesser) by extensions ['colcon_meta']
[0.550s] Level 1:colcon.colcon_core.package_identification:_identify(src/armkidd_cvprocesser) by extension 'colcon_meta'
[0.550s] Level 1:colcon.colcon_core.package_identification:_identify(src/armkidd_cvprocesser) by extensions ['ros']
[0.550s] Level 1:colcon.colcon_core.package_identification:_identify(src/armkidd_cvprocesser) by extension 'ros'
[0.556s] DEBUG:colcon.colcon_core.package_identification:Package 'src/armkidd_cvprocesser' with type 'ros.ament_cmake' and name 'armkidd_cvprocesser'
[0.556s] Level 1:colcon.colcon_core.package_identification:_identify(src/armkidd_interfaces) by extensions ['ignore', 'ignore_ament_install']
[0.556s] Level 1:colcon.colcon_core.package_identification:_identify(src/armkidd_interfaces) by extension 'ignore'
[0.557s] Level 1:colcon.colcon_core.package_identification:_identify(src/armkidd_interfaces) by extension 'ignore_ament_install'
[0.557s] Level 1:colcon.colcon_core.package_identification:_identify(src/armkidd_interfaces) by extensions ['colcon_pkg']
[0.557s] Level 1:colcon.colcon_core.package_identification:_identify(src/armkidd_interfaces) by extension 'colcon_pkg'
[0.557s] Level 1:colcon.colcon_core.package_identification:_identify(src/armkidd_interfaces) by extensions ['colcon_meta']
[0.557s] Level 1:colcon.colcon_core.package_identification:_identify(src/armkidd_interfaces) by extension 'colcon_meta'
[0.557s] Level 1:colcon.colcon_core.package_identification:_identify(src/armkidd_interfaces) by extensions ['ros']
[0.557s] Level 1:colcon.colcon_core.package_identification:_identify(src/armkidd_interfaces) by extension 'ros'
[0.559s] DEBUG:colcon.colcon_core.package_identification:Package 'src/armkidd_interfaces' with type 'ros.ament_cmake' and name 'armkidd_interfaces'
[0.559s] Level 1:colcon.colcon_core.package_identification:_identify(src/other) by extensions ['ignore', 'ignore_ament_install']
[0.559s] Level 1:colcon.colcon_core.package_identification:_identify(src/other) by extension 'ignore'
[0.559s] Level 1:colcon.colcon_core.package_identification:_identify(src/other) by extension 'ignore_ament_install'
[0.559s] Level 1:colcon.colcon_core.package_identification:_identify(src/other) by extensions ['colcon_pkg']
[0.559s] Level 1:colcon.colcon_core.package_identification:_identify(src/other) by extension 'colcon_pkg'
[0.560s] Level 1:colcon.colcon_core.package_identification:_identify(src/other) by extensions ['colcon_meta']
[0.560s] Level 1:colcon.colcon_core.package_identification:_identify(src/other) by extension 'colcon_meta'
[0.560s] Level 1:colcon.colcon_core.package_identification:_identify(src/other) by extensions ['ros']
[0.560s] Level 1:colcon.colcon_core.package_identification:_identify(src/other) by extension 'ros'
[0.560s] Level 1:colcon.colcon_core.package_identification:_identify(src/other) by extensions ['cmake', 'python']
[0.560s] Level 1:colcon.colcon_core.package_identification:_identify(src/other) by extension 'cmake'
[0.560s] Level 1:colcon.colcon_core.package_identification:_identify(src/other) by extension 'python'
[0.560s] Level 1:colcon.colcon_core.package_identification:_identify(src/other) by extensions ['python_setup_py']
[0.560s] Level 1:colcon.colcon_core.package_identification:_identify(src/other) by extension 'python_setup_py'
[0.561s] Level 1:colcon.colcon_core.package_discovery:discover_packages(recursive) using defaults
[0.561s] Level 1:colcon.colcon_core.package_discovery:discover_packages(ignore) discover
[0.561s] Level 1:colcon.colcon_core.package_discovery:discover_packages(ignore) using defaults
[0.561s] Level 1:colcon.colcon_core.package_discovery:discover_packages(path) discover
[0.561s] Level 1:colcon.colcon_core.package_discovery:discover_packages(path) using defaults
[0.614s] Level 5:colcon.colcon_core.verb:set package 'armkidd_cvprocesser' build argument 'cmake_args' from command line to 'None'
[0.615s] Level 5:colcon.colcon_core.verb:set package 'armkidd_cvprocesser' build argument 'cmake_target' from command line to 'None'
[0.615s] Level 5:colcon.colcon_core.verb:set package 'armkidd_cvprocesser' build argument 'cmake_target_skip_unavailable' from command line to 'False'
[0.615s] Level 5:colcon.colcon_core.verb:set package 'armkidd_cvprocesser' build argument 'cmake_clean_cache' from command line to 'False'
[0.615s] Level 5:colcon.colcon_core.verb:set package 'armkidd_cvprocesser' build argument 'cmake_clean_first' from command line to 'False'
[0.615s] Level 5:colcon.colcon_core.verb:set package 'armkidd_cvprocesser' build argument 'cmake_force_configure' from command line to 'False'
[0.615s] Level 5:colcon.colcon_core.verb:set package 'armkidd_cvprocesser' build argument 'ament_cmake_args' from command line to 'None'
[0.615s] Level 5:colcon.colcon_core.verb:set package 'armkidd_cvprocesser' build argument 'catkin_cmake_args' from command line to 'None'
[0.615s] Level 5:colcon.colcon_core.verb:set package 'armkidd_cvprocesser' build argument 'catkin_skip_building_tests' from command line to 'False'
[0.615s] DEBUG:colcon.colcon_core.verb:Building package 'armkidd_cvprocesser' with the following arguments: {'ament_cmake_args': None, 'build_base': '/workspace/run/ros2_ws/build/armkidd_cvprocesser', 'catkin_cmake_args': None, 'catkin_skip_building_tests': False, 'cmake_args': None, 'cmake_clean_cache': False, 'cmake_clean_first': False, 'cmake_force_configure': False, 'cmake_target': None, 'cmake_target_skip_unavailable': False, 'install_base': '/workspace/run/ros2_ws/install/armkidd_cvprocesser', 'merge_install': False, 'path': '/workspace/run/ros2_ws/src/armkidd_cvprocesser', 'symlink_install': False, 'test_result_base': None}
[0.616s] Level 5:colcon.colcon_core.verb:set package 'armkidd_interfaces' build argument 'cmake_args' from command line to 'None'
[0.616s] Level 5:colcon.colcon_core.verb:set package 'armkidd_interfaces' build argument 'cmake_target' from command line to 'None'
[0.616s] Level 5:colcon.colcon_core.verb:set package 'armkidd_interfaces' build argument 'cmake_target_skip_unavailable' from command line to 'False'
[0.616s] Level 5:colcon.colcon_core.verb:set package 'armkidd_interfaces' build argument 'cmake_clean_cache' from command line to 'False'
[0.616s] Level 5:colcon.colcon_core.verb:set package 'armkidd_interfaces' build argument 'cmake_clean_first' from command line to 'False'
[0.616s] Level 5:colcon.colcon_core.verb:set package 'armkidd_interfaces' build argument 'cmake_force_configure' from command line to 'False'
[0.616s] Level 5:colcon.colcon_core.verb:set package 'armkidd_interfaces' build argument 'ament_cmake_args' from command line to 'None'
[0.616s] Level 5:colcon.colcon_core.verb:set package 'armkidd_interfaces' build argument 'catkin_cmake_args' from command line to 'None'
[0.616s] Level 5:colcon.colcon_core.verb:set package 'armkidd_interfaces' build argument 'catkin_skip_building_tests' from command line to 'False'
[0.617s] DEBUG:colcon.colcon_core.verb:Building package 'armkidd_interfaces' with the following arguments: {'ament_cmake_args': None, 'build_base': '/workspace/run/ros2_ws/build/armkidd_interfaces', 'catkin_cmake_args': None, 'catkin_skip_building_tests': False, 'cmake_args': None, 'cmake_clean_cache': False, 'cmake_clean_first': False, 'cmake_force_configure': False, 'cmake_target': None, 'cmake_target_skip_unavailable': False, 'install_base': '/workspace/run/ros2_ws/install/armkidd_interfaces', 'merge_install': False, 'path': '/workspace/run/ros2_ws/src/armkidd_interfaces', 'symlink_install': False, 'test_result_base': None}
[0.617s] INFO:colcon.colcon_core.executor:Executing jobs using 'parallel' executor
[0.619s] DEBUG:colcon.colcon_parallel_executor.executor.parallel:run_until_complete
[0.620s] INFO:colcon.colcon_ros.task.ament_cmake.build:Building ROS package in '/workspace/run/ros2_ws/src/armkidd_cvprocesser' with build type 'ament_cmake'
[0.621s] INFO:colcon.colcon_cmake.task.cmake.build:Building CMake package in '/workspace/run/ros2_ws/src/armkidd_cvprocesser'
[0.628s] INFO:colcon.colcon_core.plugin_system:Skipping extension 'colcon_core.shell.bat': Not used on non-Windows systems
[0.629s] INFO:colcon.colcon_core.shell:Skip shell extension 'powershell' for command environment: Not usable outside of PowerShell
[0.629s] DEBUG:colcon.colcon_core.shell:Skip shell extension 'dsv' for command environment
[0.641s] INFO:colcon.colcon_ros.task.ament_cmake.build:Building ROS package in '/workspace/run/ros2_ws/src/armkidd_interfaces' with build type 'ament_cmake'
[0.642s] INFO:colcon.colcon_cmake.task.cmake.build:Building CMake package in '/workspace/run/ros2_ws/src/armkidd_interfaces'
[0.642s] INFO:colcon.colcon_core.shell:Skip shell extension 'powershell' for command environment: Not usable outside of PowerShell
[0.642s] DEBUG:colcon.colcon_core.shell:Skip shell extension 'dsv' for command environment
[0.660s] DEBUG:colcon.colcon_core.event_handler.log_command:Invoking command in '/workspace/run/ros2_ws/build/armkidd_cvprocesser': CMAKE_PREFIX_PATH=${CMAKE_PREFIX_PATH}:/opt/ros/jazzy /usr/bin/cmake --build /workspace/run/ros2_ws/build/armkidd_cvprocesser -- -j6 -l6
[0.674s] DEBUG:colcon.colcon_core.event_handler.log_command:Invoking command in '/workspace/run/ros2_ws/build/armkidd_interfaces': CMAKE_PREFIX_PATH=${CMAKE_PREFIX_PATH}:/opt/ros/jazzy /usr/bin/cmake --build /workspace/run/ros2_ws/build/armkidd_interfaces -- -j6 -l6
[1.668s] DEBUG:colcon.colcon_core.event_handler.log_command:Invoked command in '/workspace/run/ros2_ws/build/armkidd_cvprocesser' returned '0': CMAKE_PREFIX_PATH=${CMAKE_PREFIX_PATH}:/opt/ros/jazzy /usr/bin/cmake --build /workspace/run/ros2_ws/build/armkidd_cvprocesser -- -j6 -l6
[1.693s] DEBUG:colcon.colcon_core.event_handler.log_command:Invoking command in '/workspace/run/ros2_ws/build/armkidd_cvprocesser': CMAKE_PREFIX_PATH=${CMAKE_PREFIX_PATH}:/opt/ros/jazzy /usr/bin/cmake --install /workspace/run/ros2_ws/build/armkidd_cvprocesser
[1.842s] Level 1:colcon.colcon_core.environment:create_environment_scripts_only(armkidd_cvprocesser)
[1.847s] DEBUG:colcon.colcon_core.event_handler.log_command:Invoked command in '/workspace/run/ros2_ws/build/armkidd_cvprocesser' returned '0': CMAKE_PREFIX_PATH=${CMAKE_PREFIX_PATH}:/opt/ros/jazzy /usr/bin/cmake --install /workspace/run/ros2_ws/build/armkidd_cvprocesser
[1.854s] Level 1:colcon.colcon_core.environment:checking '/workspace/run/ros2_ws/install/armkidd_cvprocesser' for CMake module files
[1.855s] Level 1:colcon.colcon_core.environment:checking '/workspace/run/ros2_ws/install/armkidd_cvprocesser' for CMake config files
[1.856s] Level 1:colcon.colcon_core.shell:create_environment_hook('armkidd_cvprocesser', 'cmake_prefix_path')
[1.856s] INFO:colcon.colcon_core.shell:Creating environment hook '/workspace/run/ros2_ws/install/armkidd_cvprocesser/share/armkidd_cvprocesser/hook/cmake_prefix_path.ps1'
[1.858s] INFO:colcon.colcon_core.shell:Creating environment descriptor '/workspace/run/ros2_ws/install/armkidd_cvprocesser/share/armkidd_cvprocesser/hook/cmake_prefix_path.dsv'
[1.859s] INFO:colcon.colcon_core.shell:Creating environment hook '/workspace/run/ros2_ws/install/armkidd_cvprocesser/share/armkidd_cvprocesser/hook/cmake_prefix_path.sh'
[1.861s] Level 1:colcon.colcon_core.environment:checking '/workspace/run/ros2_ws/install/armkidd_cvprocesser/lib'
[1.861s] Level 1:colcon.colcon_core.environment:checking '/workspace/run/ros2_ws/install/armkidd_cvprocesser/bin'
[1.862s] Level 1:colcon.colcon_core.environment:checking '/workspace/run/ros2_ws/install/armkidd_cvprocesser/lib/pkgconfig/armkidd_cvprocesser.pc'
[1.866s] Level 1:colcon.colcon_core.environment:checking '/workspace/run/ros2_ws/install/armkidd_cvprocesser/lib/python3.12/site-packages'
[1.867s] Level 1:colcon.colcon_core.shell:create_environment_hook('armkidd_cvprocesser', 'pythonpath')
[1.867s] INFO:colcon.colcon_core.shell:Creating environment hook '/workspace/run/ros2_ws/install/armkidd_cvprocesser/share/armkidd_cvprocesser/hook/pythonpath.ps1'
[1.868s] INFO:colcon.colcon_core.shell:Creating environment descriptor '/workspace/run/ros2_ws/install/armkidd_cvprocesser/share/armkidd_cvprocesser/hook/pythonpath.dsv'
[1.869s] INFO:colcon.colcon_core.shell:Creating environment hook '/workspace/run/ros2_ws/install/armkidd_cvprocesser/share/armkidd_cvprocesser/hook/pythonpath.sh'
[1.871s] Level 1:colcon.colcon_core.environment:checking '/workspace/run/ros2_ws/install/armkidd_cvprocesser/bin'
[1.872s] INFO:colcon.colcon_core.shell:Creating package script '/workspace/run/ros2_ws/install/armkidd_cvprocesser/share/armkidd_cvprocesser/package.ps1'
[1.874s] INFO:colcon.colcon_core.shell:Creating package descriptor '/workspace/run/ros2_ws/install/armkidd_cvprocesser/share/armkidd_cvprocesser/package.dsv'
[1.876s] INFO:colcon.colcon_core.shell:Creating package script '/workspace/run/ros2_ws/install/armkidd_cvprocesser/share/armkidd_cvprocesser/package.sh'
[1.880s] INFO:colcon.colcon_core.shell:Creating package script '/workspace/run/ros2_ws/install/armkidd_cvprocesser/share/armkidd_cvprocesser/package.bash'
[1.883s] INFO:colcon.colcon_core.shell:Creating package script '/workspace/run/ros2_ws/install/armkidd_cvprocesser/share/armkidd_cvprocesser/package.zsh'
[1.886s] Level 1:colcon.colcon_core.environment:create_file_with_runtime_dependencies(/workspace/run/ros2_ws/install/armkidd_cvprocesser/share/colcon-core/packages/armkidd_cvprocesser)
[1.887s] Level 1:colcon.colcon_core.environment:create_environment_scripts_only(armkidd_cvprocesser)
[1.888s] Level 1:colcon.colcon_core.environment:checking '/workspace/run/ros2_ws/install/armkidd_cvprocesser' for CMake module files
[1.889s] Level 1:colcon.colcon_core.environment:checking '/workspace/run/ros2_ws/install/armkidd_cvprocesser' for CMake config files
[1.890s] Level 1:colcon.colcon_core.shell:create_environment_hook('armkidd_cvprocesser', 'cmake_prefix_path')
[1.890s] INFO:colcon.colcon_core.shell:Creating environment hook '/workspace/run/ros2_ws/install/armkidd_cvprocesser/share/armkidd_cvprocesser/hook/cmake_prefix_path.ps1'
[1.891s] INFO:colcon.colcon_core.shell:Creating environment descriptor '/workspace/run/ros2_ws/install/armkidd_cvprocesser/share/armkidd_cvprocesser/hook/cmake_prefix_path.dsv'
[1.893s] INFO:colcon.colcon_core.shell:Creating environment hook '/workspace/run/ros2_ws/install/armkidd_cvprocesser/share/armkidd_cvprocesser/hook/cmake_prefix_path.sh'
[1.895s] Level 1:colcon.colcon_core.environment:checking '/workspace/run/ros2_ws/install/armkidd_cvprocesser/lib'
[1.896s] Level 1:colcon.colcon_core.environment:checking '/workspace/run/ros2_ws/install/armkidd_cvprocesser/bin'
[1.896s] Level 1:colcon.colcon_core.environment:checking '/workspace/run/ros2_ws/install/armkidd_cvprocesser/lib/pkgconfig/armkidd_cvprocesser.pc'
[1.897s] Level 1:colcon.colcon_core.environment:checking '/workspace/run/ros2_ws/install/armkidd_cvprocesser/lib/python3.12/site-packages'
[1.897s] Level 1:colcon.colcon_core.shell:create_environment_hook('armkidd_cvprocesser', 'pythonpath')
[1.897s] INFO:colcon.colcon_core.shell:Creating environment hook '/workspace/run/ros2_ws/install/armkidd_cvprocesser/share/armkidd_cvprocesser/hook/pythonpath.ps1'
[1.898s] INFO:colcon.colcon_core.shell:Creating environment descriptor '/workspace/run/ros2_ws/install/armkidd_cvprocesser/share/armkidd_cvprocesser/hook/pythonpath.dsv'
[1.899s] INFO:colcon.colcon_core.shell:Creating environment hook '/workspace/run/ros2_ws/install/armkidd_cvprocesser/share/armkidd_cvprocesser/hook/pythonpath.sh'
[1.901s] Level 1:colcon.colcon_core.environment:checking '/workspace/run/ros2_ws/install/armkidd_cvprocesser/bin'
[1.901s] INFO:colcon.colcon_core.shell:Creating package script '/workspace/run/ros2_ws/install/armkidd_cvprocesser/share/armkidd_cvprocesser/package.ps1'
[1.903s] INFO:colcon.colcon_core.shell:Creating package descriptor '/workspace/run/ros2_ws/install/armkidd_cvprocesser/share/armkidd_cvprocesser/package.dsv'
[1.904s] INFO:colcon.colcon_core.shell:Creating package script '/workspace/run/ros2_ws/install/armkidd_cvprocesser/share/armkidd_cvprocesser/package.sh'
[1.905s] INFO:colcon.colcon_core.shell:Creating package script '/workspace/run/ros2_ws/install/armkidd_cvprocesser/share/armkidd_cvprocesser/package.bash'
[1.906s] INFO:colcon.colcon_core.shell:Creating package script '/workspace/run/ros2_ws/install/armkidd_cvprocesser/share/armkidd_cvprocesser/package.zsh'
[1.907s] Level 1:colcon.colcon_core.environment:create_file_with_runtime_dependencies(/workspace/run/ros2_ws/install/armkidd_cvprocesser/share/colcon-core/packages/armkidd_cvprocesser)
[2.386s] DEBUG:colcon.colcon_core.event_handler.log_command:Invoked command in '/workspace/run/ros2_ws/build/armkidd_interfaces' returned '0': CMAKE_PREFIX_PATH=${CMAKE_PREFIX_PATH}:/opt/ros/jazzy /usr/bin/cmake --build /workspace/run/ros2_ws/build/armkidd_interfaces -- -j6 -l6
[2.391s] DEBUG:colcon.colcon_core.event_handler.log_command:Invoking command in '/workspace/run/ros2_ws/build/armkidd_interfaces': CMAKE_PREFIX_PATH=${CMAKE_PREFIX_PATH}:/opt/ros/jazzy /usr/bin/cmake --install /workspace/run/ros2_ws/build/armkidd_interfaces
[2.566s] Level 1:colcon.colcon_core.environment:create_environment_scripts_only(armkidd_interfaces)
[2.567s] Level 1:colcon.colcon_core.environment:checking '/workspace/run/ros2_ws/install/armkidd_interfaces' for CMake module files
[2.569s] DEBUG:colcon.colcon_core.event_handler.log_command:Invoked command in '/workspace/run/ros2_ws/build/armkidd_interfaces' returned '0': CMAKE_PREFIX_PATH=${CMAKE_PREFIX_PATH}:/opt/ros/jazzy /usr/bin/cmake --install /workspace/run/ros2_ws/build/armkidd_interfaces
[2.571s] Level 1:colcon.colcon_core.environment:checking '/workspace/run/ros2_ws/install/armkidd_interfaces' for CMake config files
[2.572s] Level 1:colcon.colcon_core.shell:create_environment_hook('armkidd_interfaces', 'cmake_prefix_path')
[2.573s] INFO:colcon.colcon_core.shell:Creating environment hook '/workspace/run/ros2_ws/install/armkidd_interfaces/share/armkidd_interfaces/hook/cmake_prefix_path.ps1'
[2.575s] INFO:colcon.colcon_core.shell:Creating environment descriptor '/workspace/run/ros2_ws/install/armkidd_interfaces/share/armkidd_interfaces/hook/cmake_prefix_path.dsv'
[2.576s] INFO:colcon.colcon_core.shell:Creating environment hook '/workspace/run/ros2_ws/install/armkidd_interfaces/share/armkidd_interfaces/hook/cmake_prefix_path.sh'
[2.578s] Level 1:colcon.colcon_core.environment:checking '/workspace/run/ros2_ws/install/armkidd_interfaces/lib'
[2.579s] Level 1:colcon.colcon_core.shell:create_environment_hook('armkidd_interfaces', 'ld_library_path_lib')
[2.579s] INFO:colcon.colcon_core.shell:Creating environment hook '/workspace/run/ros2_ws/install/armkidd_interfaces/share/armkidd_interfaces/hook/ld_library_path_lib.ps1'
[2.581s] INFO:colcon.colcon_core.shell:Creating environment descriptor '/workspace/run/ros2_ws/install/armkidd_interfaces/share/armkidd_interfaces/hook/ld_library_path_lib.dsv'
[2.582s] INFO:colcon.colcon_core.shell:Creating environment hook '/workspace/run/ros2_ws/install/armkidd_interfaces/share/armkidd_interfaces/hook/ld_library_path_lib.sh'
[2.584s] Level 1:colcon.colcon_core.environment:checking '/workspace/run/ros2_ws/install/armkidd_interfaces/bin'
[2.585s] Level 1:colcon.colcon_core.environment:checking '/workspace/run/ros2_ws/install/armkidd_interfaces/lib/pkgconfig/armkidd_interfaces.pc'
[2.586s] Level 1:colcon.colcon_core.environment:checking '/workspace/run/ros2_ws/install/armkidd_interfaces/lib/python3.12/site-packages'
[2.587s] Level 1:colcon.colcon_core.shell:create_environment_hook('armkidd_interfaces', 'pythonpath')
[2.588s] INFO:colcon.colcon_core.shell:Creating environment hook '/workspace/run/ros2_ws/install/armkidd_interfaces/share/armkidd_interfaces/hook/pythonpath.ps1'
[2.589s] INFO:colcon.colcon_core.shell:Creating environment descriptor '/workspace/run/ros2_ws/install/armkidd_interfaces/share/armkidd_interfaces/hook/pythonpath.dsv'
[2.590s] INFO:colcon.colcon_core.shell:Creating environment hook '/workspace/run/ros2_ws/install/armkidd_interfaces/share/armkidd_interfaces/hook/pythonpath.sh'
[2.593s] Level 1:colcon.colcon_core.environment:checking '/workspace/run/ros2_ws/install/armkidd_interfaces/bin'
[2.594s] INFO:colcon.colcon_core.shell:Creating package script '/workspace/run/ros2_ws/install/armkidd_interfaces/share/armkidd_interfaces/package.ps1'
[2.596s] INFO:colcon.colcon_core.shell:Creating package descriptor '/workspace/run/ros2_ws/install/armkidd_interfaces/share/armkidd_interfaces/package.dsv'
[2.598s] INFO:colcon.colcon_core.shell:Creating package script '/workspace/run/ros2_ws/install/armkidd_interfaces/share/armkidd_interfaces/package.sh'
[2.599s] INFO:colcon.colcon_core.shell:Creating package script '/workspace/run/ros2_ws/install/armkidd_interfaces/share/armkidd_interfaces/package.bash'
[2.601s] INFO:colcon.colcon_core.shell:Creating package script '/workspace/run/ros2_ws/install/armkidd_interfaces/share/armkidd_interfaces/package.zsh'
[2.602s] Level 1:colcon.colcon_core.environment:create_file_with_runtime_dependencies(/workspace/run/ros2_ws/install/armkidd_interfaces/share/colcon-core/packages/armkidd_interfaces)
[2.604s] Level 1:colcon.colcon_core.environment:create_environment_scripts_only(armkidd_interfaces)
[2.605s] Level 1:colcon.colcon_core.environment:checking '/workspace/run/ros2_ws/install/armkidd_interfaces' for CMake module files
[2.607s] Level 1:colcon.colcon_core.environment:checking '/workspace/run/ros2_ws/install/armkidd_interfaces' for CMake config files
[2.609s] Level 1:colcon.colcon_core.shell:create_environment_hook('armkidd_interfaces', 'cmake_prefix_path')
[2.609s] INFO:colcon.colcon_core.shell:Creating environment hook '/workspace/run/ros2_ws/install/armkidd_interfaces/share/armkidd_interfaces/hook/cmake_prefix_path.ps1'
[2.611s] INFO:colcon.colcon_core.shell:Creating environment descriptor '/workspace/run/ros2_ws/install/armkidd_interfaces/share/armkidd_interfaces/hook/cmake_prefix_path.dsv'
[2.612s] INFO:colcon.colcon_core.shell:Creating environment hook '/workspace/run/ros2_ws/install/armkidd_interfaces/share/armkidd_interfaces/hook/cmake_prefix_path.sh'
[2.614s] Level 1:colcon.colcon_core.environment:checking '/workspace/run/ros2_ws/install/armkidd_interfaces/lib'
[2.614s] Level 1:colcon.colcon_core.shell:create_environment_hook('armkidd_interfaces', 'ld_library_path_lib')
[2.615s] INFO:colcon.colcon_core.shell:Creating environment hook '/workspace/run/ros2_ws/install/armkidd_interfaces/share/armkidd_interfaces/hook/ld_library_path_lib.ps1'
[2.616s] INFO:colcon.colcon_core.shell:Creating environment descriptor '/workspace/run/ros2_ws/install/armkidd_interfaces/share/armkidd_interfaces/hook/ld_library_path_lib.dsv'
[2.617s] INFO:colcon.colcon_core.shell:Creating environment hook '/workspace/run/ros2_ws/install/armkidd_interfaces/share/armkidd_interfaces/hook/ld_library_path_lib.sh'
[2.619s] Level 1:colcon.colcon_core.environment:checking '/workspace/run/ros2_ws/install/armkidd_interfaces/bin'
[2.619s] Level 1:colcon.colcon_core.environment:checking '/workspace/run/ros2_ws/install/armkidd_interfaces/lib/pkgconfig/armkidd_interfaces.pc'
[2.620s] Level 1:colcon.colcon_core.environment:checking '/workspace/run/ros2_ws/install/armkidd_interfaces/lib/python3.12/site-packages'
[2.620s] Level 1:colcon.colcon_core.shell:create_environment_hook('armkidd_interfaces', 'pythonpath')
[2.621s] INFO:colcon.colcon_core.shell:Creating environment hook '/workspace/run/ros2_ws/install/armkidd_interfaces/share/armkidd_interfaces/hook/pythonpath.ps1'
[2.622s] INFO:colcon.colcon_core.shell:Creating environment descriptor '/workspace/run/ros2_ws/install/armkidd_interfaces/share/armkidd_interfaces/hook/pythonpath.dsv'
[2.623s] INFO:colcon.colcon_core.shell:Creating environment hook '/workspace/run/ros2_ws/install/armkidd_interfaces/share/armkidd_interfaces/hook/pythonpath.sh'
[2.625s] Level 1:colcon.colcon_core.environment:checking '/workspace/run/ros2_ws/install/armkidd_interfaces/bin'
[2.627s] INFO:colcon.colcon_core.shell:Creating package script '/workspace/run/ros2_ws/install/armkidd_interfaces/share/armkidd_interfaces/package.ps1'
[2.629s] INFO:colcon.colcon_core.shell:Creating package descriptor '/workspace/run/ros2_ws/install/armkidd_interfaces/share/armkidd_interfaces/package.dsv'
[2.632s] INFO:colcon.colcon_core.shell:Creating package script '/workspace/run/ros2_ws/install/armkidd_interfaces/share/armkidd_interfaces/package.sh'
[2.634s] INFO:colcon.colcon_core.shell:Creating package script '/workspace/run/ros2_ws/install/armkidd_interfaces/share/armkidd_interfaces/package.bash'
[2.636s] INFO:colcon.colcon_core.shell:Creating package script '/workspace/run/ros2_ws/install/armkidd_interfaces/share/armkidd_interfaces/package.zsh'
[2.638s] Level 1:colcon.colcon_core.environment:create_file_with_runtime_dependencies(/workspace/run/ros2_ws/install/armkidd_interfaces/share/colcon-core/packages/armkidd_interfaces)
[2.639s] DEBUG:colcon.colcon_parallel_executor.executor.parallel:closing loop
[2.640s] DEBUG:colcon.colcon_parallel_executor.executor.parallel:loop closed
[2.641s] DEBUG:colcon.colcon_parallel_executor.executor.parallel:run_until_complete finished with '0'
[2.641s] DEBUG:colcon.colcon_core.event_reactor:joining thread
[2.669s] INFO:colcon.colcon_core.plugin_system:Skipping extension 'colcon_notification.desktop_notification.notify_send': Could not find 'notify-send'
[2.669s] INFO:colcon.colcon_core.plugin_system:Skipping extension 'colcon_notification.desktop_notification.terminal_notifier': Not used on non-Darwin systems
[2.669s] INFO:colcon.colcon_core.plugin_system:Skipping extension 'colcon_notification.desktop_notification.win32': Not used on non-Windows systems
[2.670s] INFO:colcon.colcon_notification.desktop_notification:Sending desktop notification using 'notify2'
[2.670s] DEBUG:colcon.colcon_notification.desktop_notification.notify2:Failed to initialize notify2: org.freedesktop.DBus.Error.NotSupported: Unable to autolaunch a dbus-daemon without a $DISPLAY for X11
[2.670s] DEBUG:colcon.colcon_core.event_reactor:joined thread
[2.671s] INFO:colcon.colcon_core.shell:Creating prefix script '/workspace/run/ros2_ws/install/local_setup.ps1'
[2.675s] INFO:colcon.colcon_core.shell:Creating prefix util module '/workspace/run/ros2_ws/install/_local_setup_util_ps1.py'
[2.680s] INFO:colcon.colcon_core.shell:Creating prefix chain script '/workspace/run/ros2_ws/install/setup.ps1'
[2.683s] INFO:colcon.colcon_core.shell:Creating prefix script '/workspace/run/ros2_ws/install/local_setup.sh'
[2.685s] INFO:colcon.colcon_core.shell:Creating prefix util module '/workspace/run/ros2_ws/install/_local_setup_util_sh.py'
[2.687s] INFO:colcon.colcon_core.shell:Creating prefix chain script '/workspace/run/ros2_ws/install/setup.sh'
[2.690s] INFO:colcon.colcon_core.shell:Creating prefix script '/workspace/run/ros2_ws/install/local_setup.bash'
[2.691s] INFO:colcon.colcon_core.shell:Creating prefix chain script '/workspace/run/ros2_ws/install/setup.bash'
[2.693s] INFO:colcon.colcon_core.shell:Creating prefix script '/workspace/run/ros2_ws/install/local_setup.zsh'
[2.694s] INFO:colcon.colcon_core.shell:Creating prefix chain script '/workspace/run/ros2_ws/install/setup.zsh'
