[0.064s] Invoking command in '/workspace/run/ros2_ws/build/armkidd_cvprocesser': CMAKE_PREFIX_PATH=${CMAKE_PREFIX_PATH}:/opt/ros/jazzy /usr/bin/cmake --build /workspace/run/ros2_ws/build/armkidd_cvprocesser -- -j6 -l6
[0.327s] Built target ament_cmake_python_copy_armkidd_cvprocesser
[0.967s] running egg_info
[0.995s] writing armkidd_cvprocesser.egg-info/PKG-INFO
[0.996s] writing dependency_links to armkidd_cvprocesser.egg-info/dependency_links.txt
[0.997s] writing top-level names to armkidd_cvprocesser.egg-info/top_level.txt
[1.088s] reading manifest file 'armkidd_cvprocesser.egg-info/SOURCES.txt'
[1.090s] writing manifest file 'armkidd_cvprocesser.egg-info/SOURCES.txt'
[1.203s] Built target ament_cmake_python_build_armkidd_cvprocesser_egg
[1.242s] Invoked command in '/workspace/run/ros2_ws/build/armkidd_cvprocesser' returned '0': CMAKE_PREFIX_PATH=${CMAKE_PREFIX_PATH}:/opt/ros/jazzy /usr/bin/cmake --build /workspace/run/ros2_ws/build/armkidd_cvprocesser -- -j6 -l6
[1.248s] Invoking command in '/workspace/run/ros2_ws/build/armkidd_cvprocesser': CMAKE_PREFIX_PATH=${CMAKE_PREFIX_PATH}:/opt/ros/jazzy /usr/bin/cmake --install /workspace/run/ros2_ws/build/armkidd_cvprocesser
[1.272s] -- Install configuration: ""
[1.272s] -- Up-to-date: /workspace/run/ros2_ws/install/armkidd_cvprocesser/share/armkidd_cvprocesser/environment/pythonpath.sh
[1.273s] -- Up-to-date: /workspace/run/ros2_ws/install/armkidd_cvprocesser/share/armkidd_cvprocesser/environment/pythonpath.dsv
[1.273s] -- Up-to-date: /workspace/run/ros2_ws/install/armkidd_cvprocesser/lib/python3.12/site-packages/armkidd_cvprocesser-0.0.0-py3.12.egg-info
[1.273s] -- Installing: /workspace/run/ros2_ws/install/armkidd_cvprocesser/lib/python3.12/site-packages/armkidd_cvprocesser-0.0.0-py3.12.egg-info/PKG-INFO
[1.274s] -- Installing: /workspace/run/ros2_ws/install/armkidd_cvprocesser/lib/python3.12/site-packages/armkidd_cvprocesser-0.0.0-py3.12.egg-info/top_level.txt
[1.274s] -- Installing: /workspace/run/ros2_ws/install/armkidd_cvprocesser/lib/python3.12/site-packages/armkidd_cvprocesser-0.0.0-py3.12.egg-info/dependency_links.txt
[1.275s] -- Installing: /workspace/run/ros2_ws/install/armkidd_cvprocesser/lib/python3.12/site-packages/armkidd_cvprocesser-0.0.0-py3.12.egg-info/SOURCES.txt
[1.275s] -- Up-to-date: /workspace/run/ros2_ws/install/armkidd_cvprocesser/lib/python3.12/site-packages/armkidd_cvprocesser
[1.276s] -- Up-to-date: /workspace/run/ros2_ws/install/armkidd_cvprocesser/lib/python3.12/site-packages/armkidd_cvprocesser/cv_processer_node.py
[1.277s] -- Up-to-date: /workspace/run/ros2_ws/install/armkidd_cvprocesser/lib/python3.12/site-packages/armkidd_cvprocesser/ImageServiceStream_pb2.py
[1.277s] -- Up-to-date: /workspace/run/ros2_ws/install/armkidd_cvprocesser/lib/python3.12/site-packages/armkidd_cvprocesser/AgentServiceStream_pb2.py
[1.277s] -- Up-to-date: /workspace/run/ros2_ws/install/armkidd_cvprocesser/lib/python3.12/site-packages/armkidd_cvprocesser/AgentServiceStream.proto
[1.280s] -- Up-to-date: /workspace/run/ros2_ws/install/armkidd_cvprocesser/lib/python3.12/site-packages/armkidd_cvprocesser/__init__.py
[1.280s] -- Up-to-date: /workspace/run/ros2_ws/install/armkidd_cvprocesser/lib/python3.12/site-packages/armkidd_cvprocesser/ImageServiceStream.proto
[1.280s] -- Up-to-date: /workspace/run/ros2_ws/install/armkidd_cvprocesser/lib/python3.12/site-packages/armkidd_cvprocesser/ImageServiceStream_pb2_grpc.py
[1.281s] -- Up-to-date: /workspace/run/ros2_ws/install/armkidd_cvprocesser/lib/python3.12/site-packages/armkidd_cvprocesser/AgentServiceStream_pb2_grpc.py
[1.282s] -- Up-to-date: /workspace/run/ros2_ws/install/armkidd_cvprocesser/lib/python3.12/site-packages/armkidd_cvprocesser/ImageClient.py
[1.282s] -- Up-to-date: /workspace/run/ros2_ws/install/armkidd_cvprocesser/lib/python3.12/site-packages/armkidd_cvprocesser/AgentClient.py
[1.282s] -- Up-to-date: /workspace/run/ros2_ws/install/armkidd_cvprocesser/lib/python3.12/site-packages/armkidd_cvprocesser/load_config.py
[1.358s] Listing '/workspace/run/ros2_ws/install/armkidd_cvprocesser/lib/python3.12/site-packages/armkidd_cvprocesser'...
[1.381s] -- Up-to-date: /workspace/run/ros2_ws/install/armkidd_cvprocesser/lib//armkidd_cvprocesser
[1.382s] -- Up-to-date: /workspace/run/ros2_ws/install/armkidd_cvprocesser/lib//armkidd_cvprocesser/cv_processer_node.py
[1.382s] -- Up-to-date: /workspace/run/ros2_ws/install/armkidd_cvprocesser/lib//armkidd_cvprocesser/ImageServiceStream_pb2.py
[1.383s] -- Up-to-date: /workspace/run/ros2_ws/install/armkidd_cvprocesser/lib//armkidd_cvprocesser/AgentServiceStream_pb2.py
[1.384s] -- Up-to-date: /workspace/run/ros2_ws/install/armkidd_cvprocesser/lib//armkidd_cvprocesser/AgentServiceStream.proto
[1.384s] -- Up-to-date: /workspace/run/ros2_ws/install/armkidd_cvprocesser/lib//armkidd_cvprocesser/__init__.py
[1.384s] -- Up-to-date: /workspace/run/ros2_ws/install/armkidd_cvprocesser/lib//armkidd_cvprocesser/ImageServiceStream.proto
[1.385s] -- Up-to-date: /workspace/run/ros2_ws/install/armkidd_cvprocesser/lib//armkidd_cvprocesser/ImageServiceStream_pb2_grpc.py
[1.385s] -- Up-to-date: /workspace/run/ros2_ws/install/armkidd_cvprocesser/lib//armkidd_cvprocesser/AgentServiceStream_pb2_grpc.py
[1.386s] -- Up-to-date: /workspace/run/ros2_ws/install/armkidd_cvprocesser/lib//armkidd_cvprocesser/ImageClient.py
[1.386s] -- Up-to-date: /workspace/run/ros2_ws/install/armkidd_cvprocesser/lib//armkidd_cvprocesser/AgentClient.py
[1.386s] -- Up-to-date: /workspace/run/ros2_ws/install/armkidd_cvprocesser/lib//armkidd_cvprocesser/load_config.py
[1.386s] -- Up-to-date: /workspace/run/ros2_ws/install/armkidd_cvprocesser/lib/armkidd_cvprocesser/cv_processer_node.py
[1.387s] -- Up-to-date: /workspace/run/ros2_ws/install/armkidd_cvprocesser/share/ament_index/resource_index/package_run_dependencies/armkidd_cvprocesser
[1.387s] -- Up-to-date: /workspace/run/ros2_ws/install/armkidd_cvprocesser/share/ament_index/resource_index/parent_prefix_path/armkidd_cvprocesser
[1.387s] -- Up-to-date: /workspace/run/ros2_ws/install/armkidd_cvprocesser/share/armkidd_cvprocesser/environment/ament_prefix_path.sh
[1.388s] -- Up-to-date: /workspace/run/ros2_ws/install/armkidd_cvprocesser/share/armkidd_cvprocesser/environment/ament_prefix_path.dsv
[1.388s] -- Up-to-date: /workspace/run/ros2_ws/install/armkidd_cvprocesser/share/armkidd_cvprocesser/environment/path.sh
[1.388s] -- Up-to-date: /workspace/run/ros2_ws/install/armkidd_cvprocesser/share/armkidd_cvprocesser/environment/path.dsv
[1.389s] -- Up-to-date: /workspace/run/ros2_ws/install/armkidd_cvprocesser/share/armkidd_cvprocesser/local_setup.bash
[1.390s] -- Up-to-date: /workspace/run/ros2_ws/install/armkidd_cvprocesser/share/armkidd_cvprocesser/local_setup.sh
[1.392s] -- Up-to-date: /workspace/run/ros2_ws/install/armkidd_cvprocesser/share/armkidd_cvprocesser/local_setup.zsh
[1.393s] -- Up-to-date: /workspace/run/ros2_ws/install/armkidd_cvprocesser/share/armkidd_cvprocesser/local_setup.dsv
[1.393s] -- Installing: /workspace/run/ros2_ws/install/armkidd_cvprocesser/share/armkidd_cvprocesser/package.dsv
[1.394s] -- Up-to-date: /workspace/run/ros2_ws/install/armkidd_cvprocesser/share/ament_index/resource_index/packages/armkidd_cvprocesser
[1.395s] -- Up-to-date: /workspace/run/ros2_ws/install/armkidd_cvprocesser/share/armkidd_cvprocesser/cmake/armkidd_cvprocesserConfig.cmake
[1.395s] -- Up-to-date: /workspace/run/ros2_ws/install/armkidd_cvprocesser/share/armkidd_cvprocesser/cmake/armkidd_cvprocesserConfig-version.cmake
[1.396s] -- Up-to-date: /workspace/run/ros2_ws/install/armkidd_cvprocesser/share/armkidd_cvprocesser/package.xml
[1.398s] Invoked command in '/workspace/run/ros2_ws/build/armkidd_cvprocesser' returned '0': CMAKE_PREFIX_PATH=${CMAKE_PREFIX_PATH}:/opt/ros/jazzy /usr/bin/cmake --install /workspace/run/ros2_ws/build/armkidd_cvprocesser
