[0.030s] Invoking command in '/workspace/run/ros2_ws/build/armkidd_interfaces': CMAKE_PREFIX_PATH=${CMAKE_PREFIX_PATH}:/opt/ros/jazzy /usr/bin/cmake --build /workspace/run/ros2_ws/build/armkidd_interfaces -- -j6 -l6
[0.479s] [  2%] Built target armkidd_interfaces__rosidl_generator_type_description
[0.547s] [  2%] Built target ament_cmake_python_copy_armkidd_interfaces
[0.625s] [ 17%] Built target armkidd_interfaces__rosidl_generator_c
[1.168s] running egg_info
[1.199s] writing armkidd_interfaces.egg-info/PKG-INFO
[1.200s] writing dependency_links to armkidd_interfaces.egg-info/dependency_links.txt
[1.201s] writing top-level names to armkidd_interfaces.egg-info/top_level.txt
[1.300s] reading manifest file 'armkidd_interfaces.egg-info/SOURCES.txt'
[1.303s] writing manifest file 'armkidd_interfaces.egg-info/SOURCES.txt'
[1.444s] [ 17%] Built target ament_cmake_python_build_armkidd_interfaces_egg
[1.529s] [ 26%] Built target armkidd_interfaces__rosidl_typesupport_c
[1.601s] [ 35%] Built target armkidd_interfaces__rosidl_typesupport_introspection_c
[1.679s] [ 44%] Built target armkidd_interfaces__rosidl_typesupport_fastrtps_c
[1.743s] [ 47%] Built target armkidd_interfaces__cpp
[1.798s] [ 55%] Built target armkidd_interfaces__rosidl_typesupport_cpp
[1.866s] [ 64%] Built target armkidd_interfaces__rosidl_typesupport_introspection_cpp
[1.974s] [ 73%] Built target armkidd_interfaces__rosidl_typesupport_fastrtps_cpp
[2.033s] [ 73%] Built target armkidd_interfaces
[2.091s] [ 76%] Built target armkidd_interfaces__py
[2.165s] [ 82%] Built target armkidd_interfaces__rosidl_generator_py
[2.236s] [ 88%] Built target armkidd_interfaces_s__rosidl_typesupport_fastrtps_c
[2.303s] [ 94%] Built target armkidd_interfaces_s__rosidl_typesupport_c
[2.370s] [100%] Built target armkidd_interfaces_s__rosidl_typesupport_introspection_c
[2.410s] Invoked command in '/workspace/run/ros2_ws/build/armkidd_interfaces' returned '0': CMAKE_PREFIX_PATH=${CMAKE_PREFIX_PATH}:/opt/ros/jazzy /usr/bin/cmake --build /workspace/run/ros2_ws/build/armkidd_interfaces -- -j6 -l6
[2.419s] Invoking command in '/workspace/run/ros2_ws/build/armkidd_interfaces': CMAKE_PREFIX_PATH=${CMAKE_PREFIX_PATH}:/opt/ros/jazzy /usr/bin/cmake --install /workspace/run/ros2_ws/build/armkidd_interfaces
[2.446s] -- Install configuration: ""
[2.447s] -- Up-to-date: /workspace/run/ros2_ws/install/armkidd_interfaces/share/ament_index/resource_index/rosidl_interfaces/armkidd_interfaces
[2.448s] -- Up-to-date: /workspace/run/ros2_ws/install/armkidd_interfaces/share/armkidd_interfaces/msg/ArmkiddTarget.json
[2.449s] -- Up-to-date: /workspace/run/ros2_ws/install/armkidd_interfaces/include/armkidd_interfaces/armkidd_interfaces
[2.450s] -- Up-to-date: /workspace/run/ros2_ws/install/armkidd_interfaces/include/armkidd_interfaces/armkidd_interfaces/msg
[2.450s] -- Up-to-date: /workspace/run/ros2_ws/install/armkidd_interfaces/include/armkidd_interfaces/armkidd_interfaces/msg/armkidd_target.h
[2.450s] -- Up-to-date: /workspace/run/ros2_ws/install/armkidd_interfaces/include/armkidd_interfaces/armkidd_interfaces/msg/rosidl_generator_c__visibility_control.h
[2.454s] -- Up-to-date: /workspace/run/ros2_ws/install/armkidd_interfaces/include/armkidd_interfaces/armkidd_interfaces/msg/detail
[2.455s] -- Up-to-date: /workspace/run/ros2_ws/install/armkidd_interfaces/include/armkidd_interfaces/armkidd_interfaces/msg/detail/armkidd_target__type_support.h
[2.455s] -- Up-to-date: /workspace/run/ros2_ws/install/armkidd_interfaces/include/armkidd_interfaces/armkidd_interfaces/msg/detail/armkidd_target__description.c
[2.455s] -- Up-to-date: /workspace/run/ros2_ws/install/armkidd_interfaces/include/armkidd_interfaces/armkidd_interfaces/msg/detail/armkidd_target__functions.h
[2.455s] -- Up-to-date: /workspace/run/ros2_ws/install/armkidd_interfaces/include/armkidd_interfaces/armkidd_interfaces/msg/detail/armkidd_target__struct.h
[2.456s] -- Up-to-date: /workspace/run/ros2_ws/install/armkidd_interfaces/include/armkidd_interfaces/armkidd_interfaces/msg/detail/armkidd_target__type_support.c
[2.456s] -- Up-to-date: /workspace/run/ros2_ws/install/armkidd_interfaces/include/armkidd_interfaces/armkidd_interfaces/msg/detail/armkidd_target__functions.c
[2.456s] -- Up-to-date: /workspace/run/ros2_ws/install/armkidd_interfaces/share/armkidd_interfaces/environment/library_path.sh
[2.456s] -- Up-to-date: /workspace/run/ros2_ws/install/armkidd_interfaces/share/armkidd_interfaces/environment/library_path.dsv
[2.456s] -- Up-to-date: /workspace/run/ros2_ws/install/armkidd_interfaces/lib/libarmkidd_interfaces__rosidl_generator_c.so
[2.457s] -- Up-to-date: /workspace/run/ros2_ws/install/armkidd_interfaces/include/armkidd_interfaces/armkidd_interfaces
[2.457s] -- Up-to-date: /workspace/run/ros2_ws/install/armkidd_interfaces/include/armkidd_interfaces/armkidd_interfaces/msg
[2.457s] -- Up-to-date: /workspace/run/ros2_ws/install/armkidd_interfaces/include/armkidd_interfaces/armkidd_interfaces/msg/detail
[2.458s] -- Up-to-date: /workspace/run/ros2_ws/install/armkidd_interfaces/include/armkidd_interfaces/armkidd_interfaces/msg/detail/armkidd_target__rosidl_typesupport_fastrtps_c.h
[2.460s] -- Up-to-date: /workspace/run/ros2_ws/install/armkidd_interfaces/include/armkidd_interfaces/armkidd_interfaces/msg/rosidl_typesupport_fastrtps_c__visibility_control.h
[2.461s] -- Up-to-date: /workspace/run/ros2_ws/install/armkidd_interfaces/lib/libarmkidd_interfaces__rosidl_typesupport_fastrtps_c.so
[2.461s] -- Up-to-date: /workspace/run/ros2_ws/install/armkidd_interfaces/include/armkidd_interfaces/armkidd_interfaces
[2.461s] -- Up-to-date: /workspace/run/ros2_ws/install/armkidd_interfaces/include/armkidd_interfaces/armkidd_interfaces/msg
[2.461s] -- Up-to-date: /workspace/run/ros2_ws/install/armkidd_interfaces/include/armkidd_interfaces/armkidd_interfaces/msg/detail
[2.461s] -- Up-to-date: /workspace/run/ros2_ws/install/armkidd_interfaces/include/armkidd_interfaces/armkidd_interfaces/msg/detail/armkidd_target__type_support.c
[2.462s] -- Up-to-date: /workspace/run/ros2_ws/install/armkidd_interfaces/include/armkidd_interfaces/armkidd_interfaces/msg/detail/armkidd_target__rosidl_typesupport_introspection_c.h
[2.462s] -- Up-to-date: /workspace/run/ros2_ws/install/armkidd_interfaces/include/armkidd_interfaces/armkidd_interfaces/msg/rosidl_typesupport_introspection_c__visibility_control.h
[2.462s] -- Up-to-date: /workspace/run/ros2_ws/install/armkidd_interfaces/lib/libarmkidd_interfaces__rosidl_typesupport_introspection_c.so
[2.463s] -- Up-to-date: /workspace/run/ros2_ws/install/armkidd_interfaces/lib/libarmkidd_interfaces__rosidl_typesupport_c.so
[2.463s] -- Up-to-date: /workspace/run/ros2_ws/install/armkidd_interfaces/include/armkidd_interfaces/armkidd_interfaces
[2.463s] -- Up-to-date: /workspace/run/ros2_ws/install/armkidd_interfaces/include/armkidd_interfaces/armkidd_interfaces/msg
[2.464s] -- Up-to-date: /workspace/run/ros2_ws/install/armkidd_interfaces/include/armkidd_interfaces/armkidd_interfaces/msg/rosidl_generator_cpp__visibility_control.hpp
[2.464s] -- Up-to-date: /workspace/run/ros2_ws/install/armkidd_interfaces/include/armkidd_interfaces/armkidd_interfaces/msg/detail
[2.464s] -- Up-to-date: /workspace/run/ros2_ws/install/armkidd_interfaces/include/armkidd_interfaces/armkidd_interfaces/msg/detail/armkidd_target__struct.hpp
[2.464s] -- Up-to-date: /workspace/run/ros2_ws/install/armkidd_interfaces/include/armkidd_interfaces/armkidd_interfaces/msg/detail/armkidd_target__builder.hpp
[2.464s] -- Up-to-date: /workspace/run/ros2_ws/install/armkidd_interfaces/include/armkidd_interfaces/armkidd_interfaces/msg/detail/armkidd_target__type_support.hpp
[2.465s] -- Up-to-date: /workspace/run/ros2_ws/install/armkidd_interfaces/include/armkidd_interfaces/armkidd_interfaces/msg/detail/armkidd_target__traits.hpp
[2.465s] -- Up-to-date: /workspace/run/ros2_ws/install/armkidd_interfaces/include/armkidd_interfaces/armkidd_interfaces/msg/armkidd_target.hpp
[2.465s] -- Up-to-date: /workspace/run/ros2_ws/install/armkidd_interfaces/include/armkidd_interfaces/armkidd_interfaces
[2.465s] -- Up-to-date: /workspace/run/ros2_ws/install/armkidd_interfaces/include/armkidd_interfaces/armkidd_interfaces/msg
[2.465s] -- Up-to-date: /workspace/run/ros2_ws/install/armkidd_interfaces/include/armkidd_interfaces/armkidd_interfaces/msg/detail
[2.465s] -- Up-to-date: /workspace/run/ros2_ws/install/armkidd_interfaces/include/armkidd_interfaces/armkidd_interfaces/msg/detail/armkidd_target__rosidl_typesupport_fastrtps_cpp.hpp
[2.466s] -- Up-to-date: /workspace/run/ros2_ws/install/armkidd_interfaces/include/armkidd_interfaces/armkidd_interfaces/msg/detail/dds_fastrtps
[2.466s] -- Up-to-date: /workspace/run/ros2_ws/install/armkidd_interfaces/include/armkidd_interfaces/armkidd_interfaces/msg/rosidl_typesupport_fastrtps_cpp__visibility_control.h
[2.468s] -- Up-to-date: /workspace/run/ros2_ws/install/armkidd_interfaces/lib/libarmkidd_interfaces__rosidl_typesupport_fastrtps_cpp.so
[2.468s] -- Up-to-date: /workspace/run/ros2_ws/install/armkidd_interfaces/include/armkidd_interfaces/armkidd_interfaces
[2.468s] -- Up-to-date: /workspace/run/ros2_ws/install/armkidd_interfaces/include/armkidd_interfaces/armkidd_interfaces/msg
[2.468s] -- Up-to-date: /workspace/run/ros2_ws/install/armkidd_interfaces/include/armkidd_interfaces/armkidd_interfaces/msg/detail
[2.469s] -- Up-to-date: /workspace/run/ros2_ws/install/armkidd_interfaces/include/armkidd_interfaces/armkidd_interfaces/msg/detail/armkidd_target__rosidl_typesupport_introspection_cpp.hpp
[2.469s] -- Up-to-date: /workspace/run/ros2_ws/install/armkidd_interfaces/include/armkidd_interfaces/armkidd_interfaces/msg/detail/armkidd_target__type_support.cpp
[2.469s] -- Up-to-date: /workspace/run/ros2_ws/install/armkidd_interfaces/lib/libarmkidd_interfaces__rosidl_typesupport_introspection_cpp.so
[2.473s] -- Up-to-date: /workspace/run/ros2_ws/install/armkidd_interfaces/lib/libarmkidd_interfaces__rosidl_typesupport_cpp.so
[2.474s] -- Up-to-date: /workspace/run/ros2_ws/install/armkidd_interfaces/share/armkidd_interfaces/environment/pythonpath.sh
[2.474s] -- Up-to-date: /workspace/run/ros2_ws/install/armkidd_interfaces/share/armkidd_interfaces/environment/pythonpath.dsv
[2.474s] -- Up-to-date: /workspace/run/ros2_ws/install/armkidd_interfaces/lib/python3.12/site-packages/armkidd_interfaces-0.0.0-py3.12.egg-info
[2.474s] -- Installing: /workspace/run/ros2_ws/install/armkidd_interfaces/lib/python3.12/site-packages/armkidd_interfaces-0.0.0-py3.12.egg-info/PKG-INFO
[2.475s] -- Installing: /workspace/run/ros2_ws/install/armkidd_interfaces/lib/python3.12/site-packages/armkidd_interfaces-0.0.0-py3.12.egg-info/top_level.txt
[2.475s] -- Installing: /workspace/run/ros2_ws/install/armkidd_interfaces/lib/python3.12/site-packages/armkidd_interfaces-0.0.0-py3.12.egg-info/dependency_links.txt
[2.475s] -- Installing: /workspace/run/ros2_ws/install/armkidd_interfaces/lib/python3.12/site-packages/armkidd_interfaces-0.0.0-py3.12.egg-info/SOURCES.txt
[2.475s] -- Up-to-date: /workspace/run/ros2_ws/install/armkidd_interfaces/lib/python3.12/site-packages/armkidd_interfaces
[2.475s] -- Up-to-date: /workspace/run/ros2_ws/install/armkidd_interfaces/lib/python3.12/site-packages/armkidd_interfaces/msg
[2.475s] -- Up-to-date: /workspace/run/ros2_ws/install/armkidd_interfaces/lib/python3.12/site-packages/armkidd_interfaces/msg/_armkidd_target_s.c
[2.476s] -- Up-to-date: /workspace/run/ros2_ws/install/armkidd_interfaces/lib/python3.12/site-packages/armkidd_interfaces/msg/__init__.py
[2.476s] -- Up-to-date: /workspace/run/ros2_ws/install/armkidd_interfaces/lib/python3.12/site-packages/armkidd_interfaces/msg/_armkidd_target.py
[2.476s] -- Up-to-date: /workspace/run/ros2_ws/install/armkidd_interfaces/lib/python3.12/site-packages/armkidd_interfaces/__init__.py
[2.476s] -- Up-to-date: /workspace/run/ros2_ws/install/armkidd_interfaces/lib/python3.12/site-packages/armkidd_interfaces/_armkidd_interfaces_s.ep.rosidl_typesupport_fastrtps_c.c
[2.476s] -- Up-to-date: /workspace/run/ros2_ws/install/armkidd_interfaces/lib/python3.12/site-packages/armkidd_interfaces/_armkidd_interfaces_s.ep.rosidl_typesupport_introspection_c.c
[2.476s] -- Up-to-date: /workspace/run/ros2_ws/install/armkidd_interfaces/lib/python3.12/site-packages/armkidd_interfaces/armkidd_interfaces_s__rosidl_typesupport_fastrtps_c.so
[2.477s] -- Up-to-date: /workspace/run/ros2_ws/install/armkidd_interfaces/lib/python3.12/site-packages/armkidd_interfaces/armkidd_interfaces_s__rosidl_typesupport_c.so
[2.477s] -- Up-to-date: /workspace/run/ros2_ws/install/armkidd_interfaces/lib/python3.12/site-packages/armkidd_interfaces/_armkidd_interfaces_s.ep.rosidl_typesupport_c.c
[2.477s] -- Up-to-date: /workspace/run/ros2_ws/install/armkidd_interfaces/lib/python3.12/site-packages/armkidd_interfaces/armkidd_interfaces_s__rosidl_typesupport_introspection_c.so
[2.562s] Listing '/workspace/run/ros2_ws/install/armkidd_interfaces/lib/python3.12/site-packages/armkidd_interfaces'...
[2.574s] Listing '/workspace/run/ros2_ws/install/armkidd_interfaces/lib/python3.12/site-packages/armkidd_interfaces/msg'...
[2.599s] -- Up-to-date: /workspace/run/ros2_ws/install/armkidd_interfaces/lib/python3.12/site-packages/armkidd_interfaces/armkidd_interfaces_s__rosidl_typesupport_fastrtps_c.so
[2.600s] -- Up-to-date: /workspace/run/ros2_ws/install/armkidd_interfaces/lib/python3.12/site-packages/armkidd_interfaces/armkidd_interfaces_s__rosidl_typesupport_introspection_c.so
[2.617s] -- Up-to-date: /workspace/run/ros2_ws/install/armkidd_interfaces/lib/python3.12/site-packages/armkidd_interfaces/armkidd_interfaces_s__rosidl_typesupport_c.so
[2.618s] -- Up-to-date: /workspace/run/ros2_ws/install/armkidd_interfaces/lib/libarmkidd_interfaces__rosidl_generator_py.so
[2.619s] -- Up-to-date: /workspace/run/ros2_ws/install/armkidd_interfaces/share/armkidd_interfaces/msg/ArmkiddTarget.idl
[2.620s] -- Up-to-date: /workspace/run/ros2_ws/install/armkidd_interfaces/share/armkidd_interfaces/msg/ArmkiddTarget.msg
[2.620s] -- Up-to-date: /workspace/run/ros2_ws/install/armkidd_interfaces/share/armkidd_interfaces/msg
[2.620s] -- Up-to-date: /workspace/run/ros2_ws/install/armkidd_interfaces/share/armkidd_interfaces/msg/ArmkiddTarget.msg
[2.620s] -- Up-to-date: /workspace/run/ros2_ws/install/armkidd_interfaces/share/ament_index/resource_index/package_run_dependencies/armkidd_interfaces
[2.621s] -- Up-to-date: /workspace/run/ros2_ws/install/armkidd_interfaces/share/ament_index/resource_index/parent_prefix_path/armkidd_interfaces
[2.621s] -- Up-to-date: /workspace/run/ros2_ws/install/armkidd_interfaces/share/armkidd_interfaces/environment/ament_prefix_path.sh
[2.621s] -- Up-to-date: /workspace/run/ros2_ws/install/armkidd_interfaces/share/armkidd_interfaces/environment/ament_prefix_path.dsv
[2.622s] -- Up-to-date: /workspace/run/ros2_ws/install/armkidd_interfaces/share/armkidd_interfaces/environment/path.sh
[2.622s] -- Up-to-date: /workspace/run/ros2_ws/install/armkidd_interfaces/share/armkidd_interfaces/environment/path.dsv
[2.622s] -- Up-to-date: /workspace/run/ros2_ws/install/armkidd_interfaces/share/armkidd_interfaces/local_setup.bash
[2.622s] -- Up-to-date: /workspace/run/ros2_ws/install/armkidd_interfaces/share/armkidd_interfaces/local_setup.sh
[2.622s] -- Up-to-date: /workspace/run/ros2_ws/install/armkidd_interfaces/share/armkidd_interfaces/local_setup.zsh
[2.623s] -- Up-to-date: /workspace/run/ros2_ws/install/armkidd_interfaces/share/armkidd_interfaces/local_setup.dsv
[2.623s] -- Installing: /workspace/run/ros2_ws/install/armkidd_interfaces/share/armkidd_interfaces/package.dsv
[2.623s] -- Up-to-date: /workspace/run/ros2_ws/install/armkidd_interfaces/share/ament_index/resource_index/packages/armkidd_interfaces
[2.623s] -- Up-to-date: /workspace/run/ros2_ws/install/armkidd_interfaces/share/armkidd_interfaces/cmake/export_armkidd_interfaces__rosidl_generator_cExport.cmake
[2.624s] -- Up-to-date: /workspace/run/ros2_ws/install/armkidd_interfaces/share/armkidd_interfaces/cmake/export_armkidd_interfaces__rosidl_generator_cExport-noconfig.cmake
[2.630s] -- Up-to-date: /workspace/run/ros2_ws/install/armkidd_interfaces/share/armkidd_interfaces/cmake/export_armkidd_interfaces__rosidl_typesupport_fastrtps_cExport.cmake
[2.631s] -- Up-to-date: /workspace/run/ros2_ws/install/armkidd_interfaces/share/armkidd_interfaces/cmake/export_armkidd_interfaces__rosidl_typesupport_fastrtps_cExport-noconfig.cmake
[2.647s] -- Up-to-date: /workspace/run/ros2_ws/install/armkidd_interfaces/share/armkidd_interfaces/cmake/armkidd_interfaces__rosidl_typesupport_introspection_cExport.cmake
[2.648s] -- Up-to-date: /workspace/run/ros2_ws/install/armkidd_interfaces/share/armkidd_interfaces/cmake/armkidd_interfaces__rosidl_typesupport_introspection_cExport-noconfig.cmake
[2.656s] -- Up-to-date: /workspace/run/ros2_ws/install/armkidd_interfaces/share/armkidd_interfaces/cmake/armkidd_interfaces__rosidl_typesupport_cExport.cmake
[2.657s] -- Up-to-date: /workspace/run/ros2_ws/install/armkidd_interfaces/share/armkidd_interfaces/cmake/armkidd_interfaces__rosidl_typesupport_cExport-noconfig.cmake
[2.661s] -- Up-to-date: /workspace/run/ros2_ws/install/armkidd_interfaces/share/armkidd_interfaces/cmake/export_armkidd_interfaces__rosidl_generator_cppExport.cmake
[2.673s] -- Up-to-date: /workspace/run/ros2_ws/install/armkidd_interfaces/share/armkidd_interfaces/cmake/export_armkidd_interfaces__rosidl_typesupport_fastrtps_cppExport.cmake
[2.673s] -- Up-to-date: /workspace/run/ros2_ws/install/armkidd_interfaces/share/armkidd_interfaces/cmake/export_armkidd_interfaces__rosidl_typesupport_fastrtps_cppExport-noconfig.cmake
[2.688s] -- Up-to-date: /workspace/run/ros2_ws/install/armkidd_interfaces/share/armkidd_interfaces/cmake/armkidd_interfaces__rosidl_typesupport_introspection_cppExport.cmake
[2.689s] -- Up-to-date: /workspace/run/ros2_ws/install/armkidd_interfaces/share/armkidd_interfaces/cmake/armkidd_interfaces__rosidl_typesupport_introspection_cppExport-noconfig.cmake
[2.698s] -- Up-to-date: /workspace/run/ros2_ws/install/armkidd_interfaces/share/armkidd_interfaces/cmake/armkidd_interfaces__rosidl_typesupport_cppExport.cmake
[2.698s] -- Up-to-date: /workspace/run/ros2_ws/install/armkidd_interfaces/share/armkidd_interfaces/cmake/armkidd_interfaces__rosidl_typesupport_cppExport-noconfig.cmake
[2.706s] -- Up-to-date: /workspace/run/ros2_ws/install/armkidd_interfaces/share/armkidd_interfaces/cmake/export_armkidd_interfaces__rosidl_generator_pyExport.cmake
[2.706s] -- Up-to-date: /workspace/run/ros2_ws/install/armkidd_interfaces/share/armkidd_interfaces/cmake/export_armkidd_interfaces__rosidl_generator_pyExport-noconfig.cmake
[2.706s] -- Up-to-date: /workspace/run/ros2_ws/install/armkidd_interfaces/share/armkidd_interfaces/cmake/rosidl_cmake-extras.cmake
[2.707s] -- Up-to-date: /workspace/run/ros2_ws/install/armkidd_interfaces/share/armkidd_interfaces/cmake/ament_cmake_export_dependencies-extras.cmake
[2.707s] -- Up-to-date: /workspace/run/ros2_ws/install/armkidd_interfaces/share/armkidd_interfaces/cmake/ament_cmake_export_include_directories-extras.cmake
[2.708s] -- Up-to-date: /workspace/run/ros2_ws/install/armkidd_interfaces/share/armkidd_interfaces/cmake/ament_cmake_export_libraries-extras.cmake
[2.708s] -- Up-to-date: /workspace/run/ros2_ws/install/armkidd_interfaces/share/armkidd_interfaces/cmake/ament_cmake_export_targets-extras.cmake
[2.708s] -- Up-to-date: /workspace/run/ros2_ws/install/armkidd_interfaces/share/armkidd_interfaces/cmake/rosidl_cmake_export_typesupport_targets-extras.cmake
[2.708s] -- Up-to-date: /workspace/run/ros2_ws/install/armkidd_interfaces/share/armkidd_interfaces/cmake/rosidl_cmake_export_typesupport_libraries-extras.cmake
[2.708s] -- Up-to-date: /workspace/run/ros2_ws/install/armkidd_interfaces/share/armkidd_interfaces/cmake/armkidd_interfacesConfig.cmake
[2.709s] -- Up-to-date: /workspace/run/ros2_ws/install/armkidd_interfaces/share/armkidd_interfaces/cmake/armkidd_interfacesConfig-version.cmake
[2.709s] -- Up-to-date: /workspace/run/ros2_ws/install/armkidd_interfaces/share/armkidd_interfaces/package.xml
[2.720s] Invoked command in '/workspace/run/ros2_ws/build/armkidd_interfaces' returned '0': CMAKE_PREFIX_PATH=${CMAKE_PREFIX_PATH}:/opt/ros/jazzy /usr/bin/cmake --install /workspace/run/ros2_ws/build/armkidd_interfaces
