[0.529s] DEBUG:colcon:Command line arguments: ['/usr/bin/colcon', 'build']
[0.530s] DEBUG:colcon:Parsed command line arguments: Namespace(log_base=None, log_level=None, verb_name='build', build_base='build', install_base='install', merge_install=False, symlink_install=False, test_result_base=None, continue_on_error=False, executor='parallel', parallel_workers=6, event_handlers=None, ignore_user_meta=False, metas=['./colcon.meta'], base_paths=['.'], packages_ignore=None, packages_ignore_regex=None, paths=None, packages_up_to=None, packages_up_to_regex=None, packages_above=None, packages_above_and_dependencies=None, packages_above_depth=None, packages_select_by_dep=None, packages_skip_by_dep=None, packages_skip_up_to=None, packages_select_build_failed=False, packages_skip_build_finished=False, packages_select_test_failures=False, packages_skip_test_passed=False, packages_select=None, packages_skip=None, packages_select_regex=None, packages_skip_regex=None, packages_start=None, packages_end=None, cmake_args=None, cmake_target=None, cmake_target_skip_unavailable=False, cmake_clean_cache=False, cmake_clean_first=False, cmake_force_configure=False, ament_cmake_args=None, catkin_cmake_args=None, catkin_skip_building_tests=False, mixin_files=None, mixin=None, verb_parser=<colcon_mixin.mixin.mixin_argument.MixinArgumentDecorator object at 0xffffaca8e780>, verb_extension=<colcon_core.verb.build.BuildVerb object at 0xffffacbd7050>, main=<bound method BuildVerb.main of <colcon_core.verb.build.BuildVerb object at 0xffffacbd7050>>, mixin_verb=('build',))
[0.707s] Level 1:colcon.colcon_core.package_discovery:discover_packages(colcon_meta) check parameters
[0.709s] INFO:colcon.colcon_metadata.package_discovery.colcon_meta:Using configuration from '/root/.colcon/metadata/default/Gazebo.meta'
[0.710s] INFO:colcon.colcon_metadata.package_discovery.colcon_meta:Using configuration from '/root/.colcon/metadata/default/fastdds.meta'
[0.711s] INFO:colcon.colcon_metadata.package_discovery.colcon_meta:Using configuration from '/root/.colcon/metadata/default/fastrtps.meta'
[0.711s] Level 1:colcon.colcon_core.package_discovery:discover_packages(recursive) check parameters
[0.711s] Level 1:colcon.colcon_core.package_discovery:discover_packages(ignore) check parameters
[0.712s] Level 1:colcon.colcon_core.package_discovery:discover_packages(path) check parameters
[0.712s] Level 1:colcon.colcon_core.package_discovery:discover_packages(colcon_meta) discover
[0.712s] Level 1:colcon.colcon_core.package_discovery:discover_packages(recursive) discover
[0.712s] INFO:colcon.colcon_core.package_discovery:Crawling recursively for packages in '/workspace/run/ros2_ws'
[0.712s] Level 1:colcon.colcon_core.package_identification:_identify(.) by extensions ['ignore', 'ignore_ament_install']
[0.712s] Level 1:colcon.colcon_core.package_identification:_identify(.) by extension 'ignore'
[0.713s] Level 1:colcon.colcon_core.package_identification:_identify(.) by extension 'ignore_ament_install'
[0.713s] Level 1:colcon.colcon_core.package_identification:_identify(.) by extensions ['colcon_pkg']
[0.713s] Level 1:colcon.colcon_core.package_identification:_identify(.) by extension 'colcon_pkg'
[0.713s] Level 1:colcon.colcon_core.package_identification:_identify(.) by extensions ['colcon_meta']
[0.714s] Level 1:colcon.colcon_core.package_identification:_identify(.) by extension 'colcon_meta'
[0.714s] Level 1:colcon.colcon_core.package_identification:_identify(.) by extensions ['ros']
[0.714s] Level 1:colcon.colcon_core.package_identification:_identify(.) by extension 'ros'
[0.799s] Level 1:colcon.colcon_core.package_identification:_identify(.) by extensions ['cmake', 'python']
[0.800s] Level 1:colcon.colcon_core.package_identification:_identify(.) by extension 'cmake'
[0.800s] Level 1:colcon.colcon_core.package_identification:_identify(.) by extension 'python'
[0.800s] Level 1:colcon.colcon_core.package_identification:_identify(.) by extensions ['python_setup_py']
[0.800s] Level 1:colcon.colcon_core.package_identification:_identify(.) by extension 'python_setup_py'
[0.800s] Level 1:colcon.colcon_core.package_identification:_identify(build) by extensions ['ignore', 'ignore_ament_install']
[0.801s] Level 1:colcon.colcon_core.package_identification:_identify(build) by extension 'ignore'
[0.801s] Level 1:colcon.colcon_core.package_identification:_identify(build) ignored
[0.801s] Level 1:colcon.colcon_core.package_identification:_identify(install) by extensions ['ignore', 'ignore_ament_install']
[0.801s] Level 1:colcon.colcon_core.package_identification:_identify(install) by extension 'ignore'
[0.802s] Level 1:colcon.colcon_core.package_identification:_identify(install) ignored
[0.802s] Level 1:colcon.colcon_core.package_identification:_identify(log) by extensions ['ignore', 'ignore_ament_install']
[0.802s] Level 1:colcon.colcon_core.package_identification:_identify(log) by extension 'ignore'
[0.803s] Level 1:colcon.colcon_core.package_identification:_identify(log) ignored
[0.803s] Level 1:colcon.colcon_core.package_identification:_identify(src) by extensions ['ignore', 'ignore_ament_install']
[0.803s] Level 1:colcon.colcon_core.package_identification:_identify(src) by extension 'ignore'
[0.803s] Level 1:colcon.colcon_core.package_identification:_identify(src) by extension 'ignore_ament_install'
[0.803s] Level 1:colcon.colcon_core.package_identification:_identify(src) by extensions ['colcon_pkg']
[0.803s] Level 1:colcon.colcon_core.package_identification:_identify(src) by extension 'colcon_pkg'
[0.804s] Level 1:colcon.colcon_core.package_identification:_identify(src) by extensions ['colcon_meta']
[0.804s] Level 1:colcon.colcon_core.package_identification:_identify(src) by extension 'colcon_meta'
[0.804s] Level 1:colcon.colcon_core.package_identification:_identify(src) by extensions ['ros']
[0.804s] Level 1:colcon.colcon_core.package_identification:_identify(src) by extension 'ros'
[0.804s] Level 1:colcon.colcon_core.package_identification:_identify(src) by extensions ['cmake', 'python']
[0.804s] Level 1:colcon.colcon_core.package_identification:_identify(src) by extension 'cmake'
[0.804s] Level 1:colcon.colcon_core.package_identification:_identify(src) by extension 'python'
[0.804s] Level 1:colcon.colcon_core.package_identification:_identify(src) by extensions ['python_setup_py']
[0.805s] Level 1:colcon.colcon_core.package_identification:_identify(src) by extension 'python_setup_py'
[0.805s] Level 1:colcon.colcon_core.package_identification:_identify(src/armkidd_cvprocesser) by extensions ['ignore', 'ignore_ament_install']
[0.805s] Level 1:colcon.colcon_core.package_identification:_identify(src/armkidd_cvprocesser) by extension 'ignore'
[0.805s] Level 1:colcon.colcon_core.package_identification:_identify(src/armkidd_cvprocesser) by extension 'ignore_ament_install'
[0.805s] Level 1:colcon.colcon_core.package_identification:_identify(src/armkidd_cvprocesser) by extensions ['colcon_pkg']
[0.805s] Level 1:colcon.colcon_core.package_identification:_identify(src/armkidd_cvprocesser) by extension 'colcon_pkg'
[0.806s] Level 1:colcon.colcon_core.package_identification:_identify(src/armkidd_cvprocesser) by extensions ['colcon_meta']
[0.806s] Level 1:colcon.colcon_core.package_identification:_identify(src/armkidd_cvprocesser) by extension 'colcon_meta'
[0.806s] Level 1:colcon.colcon_core.package_identification:_identify(src/armkidd_cvprocesser) by extensions ['ros']
[0.806s] Level 1:colcon.colcon_core.package_identification:_identify(src/armkidd_cvprocesser) by extension 'ros'
[0.813s] DEBUG:colcon.colcon_core.package_identification:Package 'src/armkidd_cvprocesser' with type 'ros.ament_cmake' and name 'armkidd_cvprocesser'
[0.814s] Level 1:colcon.colcon_core.package_identification:_identify(src/armkidd_interfaces) by extensions ['ignore', 'ignore_ament_install']
[0.814s] Level 1:colcon.colcon_core.package_identification:_identify(src/armkidd_interfaces) by extension 'ignore'
[0.814s] Level 1:colcon.colcon_core.package_identification:_identify(src/armkidd_interfaces) by extension 'ignore_ament_install'
[0.814s] Level 1:colcon.colcon_core.package_identification:_identify(src/armkidd_interfaces) by extensions ['colcon_pkg']
[0.814s] Level 1:colcon.colcon_core.package_identification:_identify(src/armkidd_interfaces) by extension 'colcon_pkg'
[0.815s] Level 1:colcon.colcon_core.package_identification:_identify(src/armkidd_interfaces) by extensions ['colcon_meta']
[0.815s] Level 1:colcon.colcon_core.package_identification:_identify(src/armkidd_interfaces) by extension 'colcon_meta'
[0.815s] Level 1:colcon.colcon_core.package_identification:_identify(src/armkidd_interfaces) by extensions ['ros']
[0.815s] Level 1:colcon.colcon_core.package_identification:_identify(src/armkidd_interfaces) by extension 'ros'
[0.817s] DEBUG:colcon.colcon_core.package_identification:Package 'src/armkidd_interfaces' with type 'ros.ament_cmake' and name 'armkidd_interfaces'
[0.817s] Level 1:colcon.colcon_core.package_identification:_identify(src/other) by extensions ['ignore', 'ignore_ament_install']
[0.817s] Level 1:colcon.colcon_core.package_identification:_identify(src/other) by extension 'ignore'
[0.817s] Level 1:colcon.colcon_core.package_identification:_identify(src/other) by extension 'ignore_ament_install'
[0.817s] Level 1:colcon.colcon_core.package_identification:_identify(src/other) by extensions ['colcon_pkg']
[0.818s] Level 1:colcon.colcon_core.package_identification:_identify(src/other) by extension 'colcon_pkg'
[0.818s] Level 1:colcon.colcon_core.package_identification:_identify(src/other) by extensions ['colcon_meta']
[0.818s] Level 1:colcon.colcon_core.package_identification:_identify(src/other) by extension 'colcon_meta'
[0.818s] Level 1:colcon.colcon_core.package_identification:_identify(src/other) by extensions ['ros']
[0.818s] Level 1:colcon.colcon_core.package_identification:_identify(src/other) by extension 'ros'
[0.818s] Level 1:colcon.colcon_core.package_identification:_identify(src/other) by extensions ['cmake', 'python']
[0.818s] Level 1:colcon.colcon_core.package_identification:_identify(src/other) by extension 'cmake'
[0.819s] Level 1:colcon.colcon_core.package_identification:_identify(src/other) by extension 'python'
[0.819s] Level 1:colcon.colcon_core.package_identification:_identify(src/other) by extensions ['python_setup_py']
[0.819s] Level 1:colcon.colcon_core.package_identification:_identify(src/other) by extension 'python_setup_py'
[0.819s] Level 1:colcon.colcon_core.package_discovery:discover_packages(recursive) using defaults
[0.819s] Level 1:colcon.colcon_core.package_discovery:discover_packages(ignore) discover
[0.819s] Level 1:colcon.colcon_core.package_discovery:discover_packages(ignore) using defaults
[0.819s] Level 1:colcon.colcon_core.package_discovery:discover_packages(path) discover
[0.819s] Level 1:colcon.colcon_core.package_discovery:discover_packages(path) using defaults
[0.902s] Level 5:colcon.colcon_core.verb:set package 'armkidd_cvprocesser' build argument 'cmake_args' from command line to 'None'
[0.902s] Level 5:colcon.colcon_core.verb:set package 'armkidd_cvprocesser' build argument 'cmake_target' from command line to 'None'
[0.902s] Level 5:colcon.colcon_core.verb:set package 'armkidd_cvprocesser' build argument 'cmake_target_skip_unavailable' from command line to 'False'
[0.902s] Level 5:colcon.colcon_core.verb:set package 'armkidd_cvprocesser' build argument 'cmake_clean_cache' from command line to 'False'
[0.902s] Level 5:colcon.colcon_core.verb:set package 'armkidd_cvprocesser' build argument 'cmake_clean_first' from command line to 'False'
[0.902s] Level 5:colcon.colcon_core.verb:set package 'armkidd_cvprocesser' build argument 'cmake_force_configure' from command line to 'False'
[0.902s] Level 5:colcon.colcon_core.verb:set package 'armkidd_cvprocesser' build argument 'ament_cmake_args' from command line to 'None'
[0.903s] Level 5:colcon.colcon_core.verb:set package 'armkidd_cvprocesser' build argument 'catkin_cmake_args' from command line to 'None'
[0.903s] Level 5:colcon.colcon_core.verb:set package 'armkidd_cvprocesser' build argument 'catkin_skip_building_tests' from command line to 'False'
[0.903s] DEBUG:colcon.colcon_core.verb:Building package 'armkidd_cvprocesser' with the following arguments: {'ament_cmake_args': None, 'build_base': '/workspace/run/ros2_ws/build/armkidd_cvprocesser', 'catkin_cmake_args': None, 'catkin_skip_building_tests': False, 'cmake_args': None, 'cmake_clean_cache': False, 'cmake_clean_first': False, 'cmake_force_configure': False, 'cmake_target': None, 'cmake_target_skip_unavailable': False, 'install_base': '/workspace/run/ros2_ws/install/armkidd_cvprocesser', 'merge_install': False, 'path': '/workspace/run/ros2_ws/src/armkidd_cvprocesser', 'symlink_install': False, 'test_result_base': None}
[0.903s] Level 5:colcon.colcon_core.verb:set package 'armkidd_interfaces' build argument 'cmake_args' from command line to 'None'
[0.903s] Level 5:colcon.colcon_core.verb:set package 'armkidd_interfaces' build argument 'cmake_target' from command line to 'None'
[0.904s] Level 5:colcon.colcon_core.verb:set package 'armkidd_interfaces' build argument 'cmake_target_skip_unavailable' from command line to 'False'
[0.904s] Level 5:colcon.colcon_core.verb:set package 'armkidd_interfaces' build argument 'cmake_clean_cache' from command line to 'False'
[0.904s] Level 5:colcon.colcon_core.verb:set package 'armkidd_interfaces' build argument 'cmake_clean_first' from command line to 'False'
[0.904s] Level 5:colcon.colcon_core.verb:set package 'armkidd_interfaces' build argument 'cmake_force_configure' from command line to 'False'
[0.904s] Level 5:colcon.colcon_core.verb:set package 'armkidd_interfaces' build argument 'ament_cmake_args' from command line to 'None'
[0.904s] Level 5:colcon.colcon_core.verb:set package 'armkidd_interfaces' build argument 'catkin_cmake_args' from command line to 'None'
[0.904s] Level 5:colcon.colcon_core.verb:set package 'armkidd_interfaces' build argument 'catkin_skip_building_tests' from command line to 'False'
[0.904s] DEBUG:colcon.colcon_core.verb:Building package 'armkidd_interfaces' with the following arguments: {'ament_cmake_args': None, 'build_base': '/workspace/run/ros2_ws/build/armkidd_interfaces', 'catkin_cmake_args': None, 'catkin_skip_building_tests': False, 'cmake_args': None, 'cmake_clean_cache': False, 'cmake_clean_first': False, 'cmake_force_configure': False, 'cmake_target': None, 'cmake_target_skip_unavailable': False, 'install_base': '/workspace/run/ros2_ws/install/armkidd_interfaces', 'merge_install': False, 'path': '/workspace/run/ros2_ws/src/armkidd_interfaces', 'symlink_install': False, 'test_result_base': None}
[0.904s] INFO:colcon.colcon_core.executor:Executing jobs using 'parallel' executor
[0.907s] DEBUG:colcon.colcon_parallel_executor.executor.parallel:run_until_complete
[0.908s] INFO:colcon.colcon_ros.task.ament_cmake.build:Building ROS package in '/workspace/run/ros2_ws/src/armkidd_cvprocesser' with build type 'ament_cmake'
[0.908s] INFO:colcon.colcon_cmake.task.cmake.build:Building CMake package in '/workspace/run/ros2_ws/src/armkidd_cvprocesser'
[0.921s] INFO:colcon.colcon_core.plugin_system:Skipping extension 'colcon_core.shell.bat': Not used on non-Windows systems
[0.922s] INFO:colcon.colcon_core.shell:Skip shell extension 'powershell' for command environment: Not usable outside of PowerShell
[0.922s] DEBUG:colcon.colcon_core.shell:Skip shell extension 'dsv' for command environment
[0.937s] INFO:colcon.colcon_ros.task.ament_cmake.build:Building ROS package in '/workspace/run/ros2_ws/src/armkidd_interfaces' with build type 'ament_cmake'
[0.938s] INFO:colcon.colcon_cmake.task.cmake.build:Building CMake package in '/workspace/run/ros2_ws/src/armkidd_interfaces'
[0.938s] INFO:colcon.colcon_core.shell:Skip shell extension 'powershell' for command environment: Not usable outside of PowerShell
[0.938s] DEBUG:colcon.colcon_core.shell:Skip shell extension 'dsv' for command environment
[0.953s] DEBUG:colcon.colcon_core.event_handler.log_command:Invoking command in '/workspace/run/ros2_ws/build/armkidd_cvprocesser': CMAKE_PREFIX_PATH=${CMAKE_PREFIX_PATH}:/opt/ros/jazzy /usr/bin/cmake --build /workspace/run/ros2_ws/build/armkidd_cvprocesser -- -j6 -l6
[0.967s] DEBUG:colcon.colcon_core.event_handler.log_command:Invoking command in '/workspace/run/ros2_ws/build/armkidd_interfaces': CMAKE_PREFIX_PATH=${CMAKE_PREFIX_PATH}:/opt/ros/jazzy /usr/bin/cmake --build /workspace/run/ros2_ws/build/armkidd_interfaces -- -j6 -l6
[2.117s] DEBUG:colcon.colcon_core.event_handler.log_command:Invoked command in '/workspace/run/ros2_ws/build/armkidd_interfaces' returned '0': CMAKE_PREFIX_PATH=${CMAKE_PREFIX_PATH}:/opt/ros/jazzy /usr/bin/cmake --build /workspace/run/ros2_ws/build/armkidd_interfaces -- -j6 -l6
[2.142s] DEBUG:colcon.colcon_core.event_handler.log_command:Invoking command in '/workspace/run/ros2_ws/build/armkidd_interfaces': CMAKE_PREFIX_PATH=${CMAKE_PREFIX_PATH}:/opt/ros/jazzy /usr/bin/cmake --install /workspace/run/ros2_ws/build/armkidd_interfaces
[2.146s] DEBUG:colcon.colcon_core.event_handler.log_command:Invoked command in '/workspace/run/ros2_ws/build/armkidd_cvprocesser' returned '0': CMAKE_PREFIX_PATH=${CMAKE_PREFIX_PATH}:/opt/ros/jazzy /usr/bin/cmake --build /workspace/run/ros2_ws/build/armkidd_cvprocesser -- -j6 -l6
[2.150s] DEBUG:colcon.colcon_core.event_handler.log_command:Invoking command in '/workspace/run/ros2_ws/build/armkidd_cvprocesser': CMAKE_PREFIX_PATH=${CMAKE_PREFIX_PATH}:/opt/ros/jazzy /usr/bin/cmake --install /workspace/run/ros2_ws/build/armkidd_cvprocesser
[2.318s] Level 1:colcon.colcon_core.environment:create_environment_scripts_only(armkidd_cvprocesser)
[2.324s] DEBUG:colcon.colcon_core.event_handler.log_command:Invoked command in '/workspace/run/ros2_ws/build/armkidd_cvprocesser' returned '0': CMAKE_PREFIX_PATH=${CMAKE_PREFIX_PATH}:/opt/ros/jazzy /usr/bin/cmake --install /workspace/run/ros2_ws/build/armkidd_cvprocesser
[2.347s] Level 1:colcon.colcon_core.environment:checking '/workspace/run/ros2_ws/install/armkidd_cvprocesser' for CMake module files
[2.352s] Level 1:colcon.colcon_core.environment:checking '/workspace/run/ros2_ws/install/armkidd_cvprocesser' for CMake config files
[2.356s] Level 1:colcon.colcon_core.shell:create_environment_hook('armkidd_cvprocesser', 'cmake_prefix_path')
[2.357s] INFO:colcon.colcon_core.shell:Creating environment hook '/workspace/run/ros2_ws/install/armkidd_cvprocesser/share/armkidd_cvprocesser/hook/cmake_prefix_path.ps1'
[2.369s] INFO:colcon.colcon_core.shell:Creating environment descriptor '/workspace/run/ros2_ws/install/armkidd_cvprocesser/share/armkidd_cvprocesser/hook/cmake_prefix_path.dsv'
[2.374s] INFO:colcon.colcon_core.shell:Creating environment hook '/workspace/run/ros2_ws/install/armkidd_cvprocesser/share/armkidd_cvprocesser/hook/cmake_prefix_path.sh'
[2.376s] Level 1:colcon.colcon_core.environment:checking '/workspace/run/ros2_ws/install/armkidd_cvprocesser/lib'
[2.377s] Level 1:colcon.colcon_core.environment:checking '/workspace/run/ros2_ws/install/armkidd_cvprocesser/bin'
[2.377s] Level 1:colcon.colcon_core.environment:checking '/workspace/run/ros2_ws/install/armkidd_cvprocesser/lib/pkgconfig/armkidd_cvprocesser.pc'
[2.382s] Level 1:colcon.colcon_core.environment:checking '/workspace/run/ros2_ws/install/armkidd_cvprocesser/lib/python3.12/site-packages'
[2.383s] Level 1:colcon.colcon_core.shell:create_environment_hook('armkidd_cvprocesser', 'pythonpath')
[2.383s] INFO:colcon.colcon_core.shell:Creating environment hook '/workspace/run/ros2_ws/install/armkidd_cvprocesser/share/armkidd_cvprocesser/hook/pythonpath.ps1'
[2.385s] INFO:colcon.colcon_core.shell:Creating environment descriptor '/workspace/run/ros2_ws/install/armkidd_cvprocesser/share/armkidd_cvprocesser/hook/pythonpath.dsv'
[2.387s] INFO:colcon.colcon_core.shell:Creating environment hook '/workspace/run/ros2_ws/install/armkidd_cvprocesser/share/armkidd_cvprocesser/hook/pythonpath.sh'
[2.388s] Level 1:colcon.colcon_core.environment:checking '/workspace/run/ros2_ws/install/armkidd_cvprocesser/bin'
[2.389s] INFO:colcon.colcon_core.shell:Creating package script '/workspace/run/ros2_ws/install/armkidd_cvprocesser/share/armkidd_cvprocesser/package.ps1'
[2.391s] INFO:colcon.colcon_core.shell:Creating package descriptor '/workspace/run/ros2_ws/install/armkidd_cvprocesser/share/armkidd_cvprocesser/package.dsv'
[2.393s] INFO:colcon.colcon_core.shell:Creating package script '/workspace/run/ros2_ws/install/armkidd_cvprocesser/share/armkidd_cvprocesser/package.sh'
[2.396s] INFO:colcon.colcon_core.shell:Creating package script '/workspace/run/ros2_ws/install/armkidd_cvprocesser/share/armkidd_cvprocesser/package.bash'
[2.399s] INFO:colcon.colcon_core.shell:Creating package script '/workspace/run/ros2_ws/install/armkidd_cvprocesser/share/armkidd_cvprocesser/package.zsh'
[2.401s] Level 1:colcon.colcon_core.environment:create_file_with_runtime_dependencies(/workspace/run/ros2_ws/install/armkidd_cvprocesser/share/colcon-core/packages/armkidd_cvprocesser)
[2.403s] Level 1:colcon.colcon_core.environment:create_environment_scripts_only(armkidd_cvprocesser)
[2.403s] Level 1:colcon.colcon_core.environment:checking '/workspace/run/ros2_ws/install/armkidd_cvprocesser' for CMake module files
[2.405s] Level 1:colcon.colcon_core.environment:checking '/workspace/run/ros2_ws/install/armkidd_cvprocesser' for CMake config files
[2.405s] Level 1:colcon.colcon_core.shell:create_environment_hook('armkidd_cvprocesser', 'cmake_prefix_path')
[2.406s] INFO:colcon.colcon_core.shell:Creating environment hook '/workspace/run/ros2_ws/install/armkidd_cvprocesser/share/armkidd_cvprocesser/hook/cmake_prefix_path.ps1'
[2.407s] INFO:colcon.colcon_core.shell:Creating environment descriptor '/workspace/run/ros2_ws/install/armkidd_cvprocesser/share/armkidd_cvprocesser/hook/cmake_prefix_path.dsv'
[2.408s] INFO:colcon.colcon_core.shell:Creating environment hook '/workspace/run/ros2_ws/install/armkidd_cvprocesser/share/armkidd_cvprocesser/hook/cmake_prefix_path.sh'
[2.410s] Level 1:colcon.colcon_core.environment:checking '/workspace/run/ros2_ws/install/armkidd_cvprocesser/lib'
[2.410s] Level 1:colcon.colcon_core.environment:checking '/workspace/run/ros2_ws/install/armkidd_cvprocesser/bin'
[2.411s] Level 1:colcon.colcon_core.environment:checking '/workspace/run/ros2_ws/install/armkidd_cvprocesser/lib/pkgconfig/armkidd_cvprocesser.pc'
[2.412s] Level 1:colcon.colcon_core.environment:checking '/workspace/run/ros2_ws/install/armkidd_cvprocesser/lib/python3.12/site-packages'
[2.412s] Level 1:colcon.colcon_core.shell:create_environment_hook('armkidd_cvprocesser', 'pythonpath')
[2.412s] INFO:colcon.colcon_core.shell:Creating environment hook '/workspace/run/ros2_ws/install/armkidd_cvprocesser/share/armkidd_cvprocesser/hook/pythonpath.ps1'
[2.413s] INFO:colcon.colcon_core.shell:Creating environment descriptor '/workspace/run/ros2_ws/install/armkidd_cvprocesser/share/armkidd_cvprocesser/hook/pythonpath.dsv'
[2.414s] INFO:colcon.colcon_core.shell:Creating environment hook '/workspace/run/ros2_ws/install/armkidd_cvprocesser/share/armkidd_cvprocesser/hook/pythonpath.sh'
[2.416s] Level 1:colcon.colcon_core.environment:checking '/workspace/run/ros2_ws/install/armkidd_cvprocesser/bin'
[2.416s] INFO:colcon.colcon_core.shell:Creating package script '/workspace/run/ros2_ws/install/armkidd_cvprocesser/share/armkidd_cvprocesser/package.ps1'
[2.418s] INFO:colcon.colcon_core.shell:Creating package descriptor '/workspace/run/ros2_ws/install/armkidd_cvprocesser/share/armkidd_cvprocesser/package.dsv'
[2.419s] INFO:colcon.colcon_core.shell:Creating package script '/workspace/run/ros2_ws/install/armkidd_cvprocesser/share/armkidd_cvprocesser/package.sh'
[2.420s] INFO:colcon.colcon_core.shell:Creating package script '/workspace/run/ros2_ws/install/armkidd_cvprocesser/share/armkidd_cvprocesser/package.bash'
[2.421s] INFO:colcon.colcon_core.shell:Creating package script '/workspace/run/ros2_ws/install/armkidd_cvprocesser/share/armkidd_cvprocesser/package.zsh'
[2.423s] Level 1:colcon.colcon_core.environment:create_file_with_runtime_dependencies(/workspace/run/ros2_ws/install/armkidd_cvprocesser/share/colcon-core/packages/armkidd_cvprocesser)
[2.425s] Level 1:colcon.colcon_core.environment:create_environment_scripts_only(armkidd_interfaces)
[2.426s] Level 1:colcon.colcon_core.environment:checking '/workspace/run/ros2_ws/install/armkidd_interfaces' for CMake module files
[2.427s] DEBUG:colcon.colcon_core.event_handler.log_command:Invoked command in '/workspace/run/ros2_ws/build/armkidd_interfaces' returned '0': CMAKE_PREFIX_PATH=${CMAKE_PREFIX_PATH}:/opt/ros/jazzy /usr/bin/cmake --install /workspace/run/ros2_ws/build/armkidd_interfaces
[2.429s] Level 1:colcon.colcon_core.environment:checking '/workspace/run/ros2_ws/install/armkidd_interfaces' for CMake config files
[2.430s] Level 1:colcon.colcon_core.shell:create_environment_hook('armkidd_interfaces', 'cmake_prefix_path')
[2.430s] INFO:colcon.colcon_core.shell:Creating environment hook '/workspace/run/ros2_ws/install/armkidd_interfaces/share/armkidd_interfaces/hook/cmake_prefix_path.ps1'
[2.431s] INFO:colcon.colcon_core.shell:Creating environment descriptor '/workspace/run/ros2_ws/install/armkidd_interfaces/share/armkidd_interfaces/hook/cmake_prefix_path.dsv'
[2.432s] INFO:colcon.colcon_core.shell:Creating environment hook '/workspace/run/ros2_ws/install/armkidd_interfaces/share/armkidd_interfaces/hook/cmake_prefix_path.sh'
[2.434s] Level 1:colcon.colcon_core.environment:checking '/workspace/run/ros2_ws/install/armkidd_interfaces/lib'
[2.434s] Level 1:colcon.colcon_core.shell:create_environment_hook('armkidd_interfaces', 'ld_library_path_lib')
[2.435s] INFO:colcon.colcon_core.shell:Creating environment hook '/workspace/run/ros2_ws/install/armkidd_interfaces/share/armkidd_interfaces/hook/ld_library_path_lib.ps1'
[2.436s] INFO:colcon.colcon_core.shell:Creating environment descriptor '/workspace/run/ros2_ws/install/armkidd_interfaces/share/armkidd_interfaces/hook/ld_library_path_lib.dsv'
[2.437s] INFO:colcon.colcon_core.shell:Creating environment hook '/workspace/run/ros2_ws/install/armkidd_interfaces/share/armkidd_interfaces/hook/ld_library_path_lib.sh'
[2.438s] Level 1:colcon.colcon_core.environment:checking '/workspace/run/ros2_ws/install/armkidd_interfaces/bin'
[2.438s] Level 1:colcon.colcon_core.environment:checking '/workspace/run/ros2_ws/install/armkidd_interfaces/lib/pkgconfig/armkidd_interfaces.pc'
[2.438s] Level 1:colcon.colcon_core.environment:checking '/workspace/run/ros2_ws/install/armkidd_interfaces/lib/python3.12/site-packages'
[2.439s] Level 1:colcon.colcon_core.shell:create_environment_hook('armkidd_interfaces', 'pythonpath')
[2.439s] INFO:colcon.colcon_core.shell:Creating environment hook '/workspace/run/ros2_ws/install/armkidd_interfaces/share/armkidd_interfaces/hook/pythonpath.ps1'
[2.440s] INFO:colcon.colcon_core.shell:Creating environment descriptor '/workspace/run/ros2_ws/install/armkidd_interfaces/share/armkidd_interfaces/hook/pythonpath.dsv'
[2.441s] INFO:colcon.colcon_core.shell:Creating environment hook '/workspace/run/ros2_ws/install/armkidd_interfaces/share/armkidd_interfaces/hook/pythonpath.sh'
[2.443s] Level 1:colcon.colcon_core.environment:checking '/workspace/run/ros2_ws/install/armkidd_interfaces/bin'
[2.444s] INFO:colcon.colcon_core.shell:Creating package script '/workspace/run/ros2_ws/install/armkidd_interfaces/share/armkidd_interfaces/package.ps1'
[2.445s] INFO:colcon.colcon_core.shell:Creating package descriptor '/workspace/run/ros2_ws/install/armkidd_interfaces/share/armkidd_interfaces/package.dsv'
[2.446s] INFO:colcon.colcon_core.shell:Creating package script '/workspace/run/ros2_ws/install/armkidd_interfaces/share/armkidd_interfaces/package.sh'
[2.447s] INFO:colcon.colcon_core.shell:Creating package script '/workspace/run/ros2_ws/install/armkidd_interfaces/share/armkidd_interfaces/package.bash'
[2.448s] INFO:colcon.colcon_core.shell:Creating package script '/workspace/run/ros2_ws/install/armkidd_interfaces/share/armkidd_interfaces/package.zsh'
[2.449s] Level 1:colcon.colcon_core.environment:create_file_with_runtime_dependencies(/workspace/run/ros2_ws/install/armkidd_interfaces/share/colcon-core/packages/armkidd_interfaces)
[2.450s] Level 1:colcon.colcon_core.environment:create_environment_scripts_only(armkidd_interfaces)
[2.451s] Level 1:colcon.colcon_core.environment:checking '/workspace/run/ros2_ws/install/armkidd_interfaces' for CMake module files
[2.452s] Level 1:colcon.colcon_core.environment:checking '/workspace/run/ros2_ws/install/armkidd_interfaces' for CMake config files
[2.453s] Level 1:colcon.colcon_core.shell:create_environment_hook('armkidd_interfaces', 'cmake_prefix_path')
[2.453s] INFO:colcon.colcon_core.shell:Creating environment hook '/workspace/run/ros2_ws/install/armkidd_interfaces/share/armkidd_interfaces/hook/cmake_prefix_path.ps1'
[2.454s] INFO:colcon.colcon_core.shell:Creating environment descriptor '/workspace/run/ros2_ws/install/armkidd_interfaces/share/armkidd_interfaces/hook/cmake_prefix_path.dsv'
[2.455s] INFO:colcon.colcon_core.shell:Creating environment hook '/workspace/run/ros2_ws/install/armkidd_interfaces/share/armkidd_interfaces/hook/cmake_prefix_path.sh'
[2.457s] Level 1:colcon.colcon_core.environment:checking '/workspace/run/ros2_ws/install/armkidd_interfaces/lib'
[2.457s] Level 1:colcon.colcon_core.shell:create_environment_hook('armkidd_interfaces', 'ld_library_path_lib')
[2.457s] INFO:colcon.colcon_core.shell:Creating environment hook '/workspace/run/ros2_ws/install/armkidd_interfaces/share/armkidd_interfaces/hook/ld_library_path_lib.ps1'
[2.458s] INFO:colcon.colcon_core.shell:Creating environment descriptor '/workspace/run/ros2_ws/install/armkidd_interfaces/share/armkidd_interfaces/hook/ld_library_path_lib.dsv'
[2.459s] INFO:colcon.colcon_core.shell:Creating environment hook '/workspace/run/ros2_ws/install/armkidd_interfaces/share/armkidd_interfaces/hook/ld_library_path_lib.sh'
[2.460s] Level 1:colcon.colcon_core.environment:checking '/workspace/run/ros2_ws/install/armkidd_interfaces/bin'
[2.460s] Level 1:colcon.colcon_core.environment:checking '/workspace/run/ros2_ws/install/armkidd_interfaces/lib/pkgconfig/armkidd_interfaces.pc'
[2.461s] Level 1:colcon.colcon_core.environment:checking '/workspace/run/ros2_ws/install/armkidd_interfaces/lib/python3.12/site-packages'
[2.461s] Level 1:colcon.colcon_core.shell:create_environment_hook('armkidd_interfaces', 'pythonpath')
[2.462s] INFO:colcon.colcon_core.shell:Creating environment hook '/workspace/run/ros2_ws/install/armkidd_interfaces/share/armkidd_interfaces/hook/pythonpath.ps1'
[2.463s] INFO:colcon.colcon_core.shell:Creating environment descriptor '/workspace/run/ros2_ws/install/armkidd_interfaces/share/armkidd_interfaces/hook/pythonpath.dsv'
[2.464s] INFO:colcon.colcon_core.shell:Creating environment hook '/workspace/run/ros2_ws/install/armkidd_interfaces/share/armkidd_interfaces/hook/pythonpath.sh'
[2.465s] Level 1:colcon.colcon_core.environment:checking '/workspace/run/ros2_ws/install/armkidd_interfaces/bin'
[2.466s] INFO:colcon.colcon_core.shell:Creating package script '/workspace/run/ros2_ws/install/armkidd_interfaces/share/armkidd_interfaces/package.ps1'
[2.467s] INFO:colcon.colcon_core.shell:Creating package descriptor '/workspace/run/ros2_ws/install/armkidd_interfaces/share/armkidd_interfaces/package.dsv'
[2.469s] INFO:colcon.colcon_core.shell:Creating package script '/workspace/run/ros2_ws/install/armkidd_interfaces/share/armkidd_interfaces/package.sh'
[2.470s] INFO:colcon.colcon_core.shell:Creating package script '/workspace/run/ros2_ws/install/armkidd_interfaces/share/armkidd_interfaces/package.bash'
[2.471s] INFO:colcon.colcon_core.shell:Creating package script '/workspace/run/ros2_ws/install/armkidd_interfaces/share/armkidd_interfaces/package.zsh'
[2.472s] Level 1:colcon.colcon_core.environment:create_file_with_runtime_dependencies(/workspace/run/ros2_ws/install/armkidd_interfaces/share/colcon-core/packages/armkidd_interfaces)
[2.472s] DEBUG:colcon.colcon_parallel_executor.executor.parallel:closing loop
[2.473s] DEBUG:colcon.colcon_parallel_executor.executor.parallel:loop closed
[2.473s] DEBUG:colcon.colcon_parallel_executor.executor.parallel:run_until_complete finished with '0'
[2.474s] DEBUG:colcon.colcon_core.event_reactor:joining thread
[2.496s] INFO:colcon.colcon_core.plugin_system:Skipping extension 'colcon_notification.desktop_notification.notify_send': Could not find 'notify-send'
[2.496s] INFO:colcon.colcon_core.plugin_system:Skipping extension 'colcon_notification.desktop_notification.terminal_notifier': Not used on non-Darwin systems
[2.496s] INFO:colcon.colcon_core.plugin_system:Skipping extension 'colcon_notification.desktop_notification.win32': Not used on non-Windows systems
[2.496s] INFO:colcon.colcon_notification.desktop_notification:Sending desktop notification using 'notify2'
[2.497s] DEBUG:colcon.colcon_notification.desktop_notification.notify2:Failed to initialize notify2: org.freedesktop.DBus.Error.NotSupported: Unable to autolaunch a dbus-daemon without a $DISPLAY for X11
[2.497s] DEBUG:colcon.colcon_core.event_reactor:joined thread
[2.497s] INFO:colcon.colcon_core.shell:Creating prefix script '/workspace/run/ros2_ws/install/local_setup.ps1'
[2.500s] INFO:colcon.colcon_core.shell:Creating prefix util module '/workspace/run/ros2_ws/install/_local_setup_util_ps1.py'
[2.505s] INFO:colcon.colcon_core.shell:Creating prefix chain script '/workspace/run/ros2_ws/install/setup.ps1'
[2.508s] INFO:colcon.colcon_core.shell:Creating prefix script '/workspace/run/ros2_ws/install/local_setup.sh'
[2.509s] INFO:colcon.colcon_core.shell:Creating prefix util module '/workspace/run/ros2_ws/install/_local_setup_util_sh.py'
[2.511s] INFO:colcon.colcon_core.shell:Creating prefix chain script '/workspace/run/ros2_ws/install/setup.sh'
[2.514s] INFO:colcon.colcon_core.shell:Creating prefix script '/workspace/run/ros2_ws/install/local_setup.bash'
[2.517s] INFO:colcon.colcon_core.shell:Creating prefix chain script '/workspace/run/ros2_ws/install/setup.bash'
[2.520s] INFO:colcon.colcon_core.shell:Creating prefix script '/workspace/run/ros2_ws/install/local_setup.zsh'
[2.522s] INFO:colcon.colcon_core.shell:Creating prefix chain script '/workspace/run/ros2_ws/install/setup.zsh'
