[0.354s] DEBUG:colcon:Command line arguments: ['/usr/bin/colcon', 'build']
[0.354s] DEBUG:colcon:Parsed command line arguments: Namespace(log_base=None, log_level=None, verb_name='build', build_base='build', install_base='install', merge_install=False, symlink_install=False, test_result_base=None, continue_on_error=False, executor='parallel', parallel_workers=6, event_handlers=None, ignore_user_meta=False, metas=['./colcon.meta'], base_paths=['.'], packages_ignore=None, packages_ignore_regex=None, paths=None, packages_up_to=None, packages_up_to_regex=None, packages_above=None, packages_above_and_dependencies=None, packages_above_depth=None, packages_select_by_dep=None, packages_skip_by_dep=None, packages_skip_up_to=None, packages_select_build_failed=False, packages_skip_build_finished=False, packages_select_test_failures=False, packages_skip_test_passed=False, packages_select=None, packages_skip=None, packages_select_regex=None, packages_skip_regex=None, packages_start=None, packages_end=None, cmake_args=None, cmake_target=None, cmake_target_skip_unavailable=False, cmake_clean_cache=False, cmake_clean_first=False, cmake_force_configure=False, ament_cmake_args=None, catkin_cmake_args=None, catkin_skip_building_tests=False, mixin_files=None, mixin=None, verb_parser=<colcon_mixin.mixin.mixin_argument.MixinArgumentDecorator object at 0xffff9a22ea20>, verb_extension=<colcon_core.verb.build.BuildVerb object at 0xffff9a373200>, main=<bound method BuildVerb.main of <colcon_core.verb.build.BuildVerb object at 0xffff9a373200>>, mixin_verb=('build',))
[0.477s] Level 1:colcon.colcon_core.package_discovery:discover_packages(colcon_meta) check parameters
[0.479s] INFO:colcon.colcon_metadata.package_discovery.colcon_meta:Using configuration from '/root/.colcon/metadata/default/Gazebo.meta'
[0.480s] INFO:colcon.colcon_metadata.package_discovery.colcon_meta:Using configuration from '/root/.colcon/metadata/default/fastdds.meta'
[0.481s] INFO:colcon.colcon_metadata.package_discovery.colcon_meta:Using configuration from '/root/.colcon/metadata/default/fastrtps.meta'
[0.481s] Level 1:colcon.colcon_core.package_discovery:discover_packages(recursive) check parameters
[0.481s] Level 1:colcon.colcon_core.package_discovery:discover_packages(ignore) check parameters
[0.481s] Level 1:colcon.colcon_core.package_discovery:discover_packages(path) check parameters
[0.481s] Level 1:colcon.colcon_core.package_discovery:discover_packages(colcon_meta) discover
[0.482s] Level 1:colcon.colcon_core.package_discovery:discover_packages(recursive) discover
[0.482s] INFO:colcon.colcon_core.package_discovery:Crawling recursively for packages in '/workspace/run/ros2_ws'
[0.482s] Level 1:colcon.colcon_core.package_identification:_identify(.) by extensions ['ignore', 'ignore_ament_install']
[0.482s] Level 1:colcon.colcon_core.package_identification:_identify(.) by extension 'ignore'
[0.482s] Level 1:colcon.colcon_core.package_identification:_identify(.) by extension 'ignore_ament_install'
[0.483s] Level 1:colcon.colcon_core.package_identification:_identify(.) by extensions ['colcon_pkg']
[0.483s] Level 1:colcon.colcon_core.package_identification:_identify(.) by extension 'colcon_pkg'
[0.483s] Level 1:colcon.colcon_core.package_identification:_identify(.) by extensions ['colcon_meta']
[0.483s] Level 1:colcon.colcon_core.package_identification:_identify(.) by extension 'colcon_meta'
[0.483s] Level 1:colcon.colcon_core.package_identification:_identify(.) by extensions ['ros']
[0.483s] Level 1:colcon.colcon_core.package_identification:_identify(.) by extension 'ros'
[0.554s] Level 1:colcon.colcon_core.package_identification:_identify(.) by extensions ['cmake', 'python']
[0.554s] Level 1:colcon.colcon_core.package_identification:_identify(.) by extension 'cmake'
[0.554s] Level 1:colcon.colcon_core.package_identification:_identify(.) by extension 'python'
[0.554s] Level 1:colcon.colcon_core.package_identification:_identify(.) by extensions ['python_setup_py']
[0.554s] Level 1:colcon.colcon_core.package_identification:_identify(.) by extension 'python_setup_py'
[0.554s] Level 1:colcon.colcon_core.package_identification:_identify(build) by extensions ['ignore', 'ignore_ament_install']
[0.555s] Level 1:colcon.colcon_core.package_identification:_identify(build) by extension 'ignore'
[0.555s] Level 1:colcon.colcon_core.package_identification:_identify(build) ignored
[0.555s] Level 1:colcon.colcon_core.package_identification:_identify(install) by extensions ['ignore', 'ignore_ament_install']
[0.555s] Level 1:colcon.colcon_core.package_identification:_identify(install) by extension 'ignore'
[0.556s] Level 1:colcon.colcon_core.package_identification:_identify(install) ignored
[0.556s] Level 1:colcon.colcon_core.package_identification:_identify(log) by extensions ['ignore', 'ignore_ament_install']
[0.556s] Level 1:colcon.colcon_core.package_identification:_identify(log) by extension 'ignore'
[0.556s] Level 1:colcon.colcon_core.package_identification:_identify(log) ignored
[0.557s] Level 1:colcon.colcon_core.package_identification:_identify(src) by extensions ['ignore', 'ignore_ament_install']
[0.557s] Level 1:colcon.colcon_core.package_identification:_identify(src) by extension 'ignore'
[0.557s] Level 1:colcon.colcon_core.package_identification:_identify(src) by extension 'ignore_ament_install'
[0.557s] Level 1:colcon.colcon_core.package_identification:_identify(src) by extensions ['colcon_pkg']
[0.557s] Level 1:colcon.colcon_core.package_identification:_identify(src) by extension 'colcon_pkg'
[0.557s] Level 1:colcon.colcon_core.package_identification:_identify(src) by extensions ['colcon_meta']
[0.557s] Level 1:colcon.colcon_core.package_identification:_identify(src) by extension 'colcon_meta'
[0.557s] Level 1:colcon.colcon_core.package_identification:_identify(src) by extensions ['ros']
[0.557s] Level 1:colcon.colcon_core.package_identification:_identify(src) by extension 'ros'
[0.558s] Level 1:colcon.colcon_core.package_identification:_identify(src) by extensions ['cmake', 'python']
[0.558s] Level 1:colcon.colcon_core.package_identification:_identify(src) by extension 'cmake'
[0.558s] Level 1:colcon.colcon_core.package_identification:_identify(src) by extension 'python'
[0.558s] Level 1:colcon.colcon_core.package_identification:_identify(src) by extensions ['python_setup_py']
[0.558s] Level 1:colcon.colcon_core.package_identification:_identify(src) by extension 'python_setup_py'
[0.558s] Level 1:colcon.colcon_core.package_identification:_identify(src/armkidd_cvprocesser) by extensions ['ignore', 'ignore_ament_install']
[0.559s] Level 1:colcon.colcon_core.package_identification:_identify(src/armkidd_cvprocesser) by extension 'ignore'
[0.559s] Level 1:colcon.colcon_core.package_identification:_identify(src/armkidd_cvprocesser) by extension 'ignore_ament_install'
[0.559s] Level 1:colcon.colcon_core.package_identification:_identify(src/armkidd_cvprocesser) by extensions ['colcon_pkg']
[0.559s] Level 1:colcon.colcon_core.package_identification:_identify(src/armkidd_cvprocesser) by extension 'colcon_pkg'
[0.559s] Level 1:colcon.colcon_core.package_identification:_identify(src/armkidd_cvprocesser) by extensions ['colcon_meta']
[0.559s] Level 1:colcon.colcon_core.package_identification:_identify(src/armkidd_cvprocesser) by extension 'colcon_meta'
[0.559s] Level 1:colcon.colcon_core.package_identification:_identify(src/armkidd_cvprocesser) by extensions ['ros']
[0.559s] Level 1:colcon.colcon_core.package_identification:_identify(src/armkidd_cvprocesser) by extension 'ros'
[0.565s] DEBUG:colcon.colcon_core.package_identification:Package 'src/armkidd_cvprocesser' with type 'ros.ament_cmake' and name 'armkidd_cvprocesser'
[0.566s] Level 1:colcon.colcon_core.package_identification:_identify(src/armkidd_interfaces) by extensions ['ignore', 'ignore_ament_install']
[0.566s] Level 1:colcon.colcon_core.package_identification:_identify(src/armkidd_interfaces) by extension 'ignore'
[0.566s] Level 1:colcon.colcon_core.package_identification:_identify(src/armkidd_interfaces) by extension 'ignore_ament_install'
[0.566s] Level 1:colcon.colcon_core.package_identification:_identify(src/armkidd_interfaces) by extensions ['colcon_pkg']
[0.566s] Level 1:colcon.colcon_core.package_identification:_identify(src/armkidd_interfaces) by extension 'colcon_pkg'
[0.567s] Level 1:colcon.colcon_core.package_identification:_identify(src/armkidd_interfaces) by extensions ['colcon_meta']
[0.567s] Level 1:colcon.colcon_core.package_identification:_identify(src/armkidd_interfaces) by extension 'colcon_meta'
[0.567s] Level 1:colcon.colcon_core.package_identification:_identify(src/armkidd_interfaces) by extensions ['ros']
[0.567s] Level 1:colcon.colcon_core.package_identification:_identify(src/armkidd_interfaces) by extension 'ros'
[0.568s] DEBUG:colcon.colcon_core.package_identification:Package 'src/armkidd_interfaces' with type 'ros.ament_cmake' and name 'armkidd_interfaces'
[0.568s] Level 1:colcon.colcon_core.package_identification:_identify(src/other) by extensions ['ignore', 'ignore_ament_install']
[0.569s] Level 1:colcon.colcon_core.package_identification:_identify(src/other) by extension 'ignore'
[0.569s] Level 1:colcon.colcon_core.package_identification:_identify(src/other) by extension 'ignore_ament_install'
[0.569s] Level 1:colcon.colcon_core.package_identification:_identify(src/other) by extensions ['colcon_pkg']
[0.569s] Level 1:colcon.colcon_core.package_identification:_identify(src/other) by extension 'colcon_pkg'
[0.569s] Level 1:colcon.colcon_core.package_identification:_identify(src/other) by extensions ['colcon_meta']
[0.569s] Level 1:colcon.colcon_core.package_identification:_identify(src/other) by extension 'colcon_meta'
[0.569s] Level 1:colcon.colcon_core.package_identification:_identify(src/other) by extensions ['ros']
[0.569s] Level 1:colcon.colcon_core.package_identification:_identify(src/other) by extension 'ros'
[0.570s] Level 1:colcon.colcon_core.package_identification:_identify(src/other) by extensions ['cmake', 'python']
[0.570s] Level 1:colcon.colcon_core.package_identification:_identify(src/other) by extension 'cmake'
[0.570s] Level 1:colcon.colcon_core.package_identification:_identify(src/other) by extension 'python'
[0.570s] Level 1:colcon.colcon_core.package_identification:_identify(src/other) by extensions ['python_setup_py']
[0.570s] Level 1:colcon.colcon_core.package_identification:_identify(src/other) by extension 'python_setup_py'
[0.570s] Level 1:colcon.colcon_core.package_discovery:discover_packages(recursive) using defaults
[0.570s] Level 1:colcon.colcon_core.package_discovery:discover_packages(ignore) discover
[0.570s] Level 1:colcon.colcon_core.package_discovery:discover_packages(ignore) using defaults
[0.570s] Level 1:colcon.colcon_core.package_discovery:discover_packages(path) discover
[0.570s] Level 1:colcon.colcon_core.package_discovery:discover_packages(path) using defaults
[0.623s] Level 5:colcon.colcon_core.verb:set package 'armkidd_cvprocesser' build argument 'cmake_args' from command line to 'None'
[0.624s] Level 5:colcon.colcon_core.verb:set package 'armkidd_cvprocesser' build argument 'cmake_target' from command line to 'None'
[0.624s] Level 5:colcon.colcon_core.verb:set package 'armkidd_cvprocesser' build argument 'cmake_target_skip_unavailable' from command line to 'False'
[0.624s] Level 5:colcon.colcon_core.verb:set package 'armkidd_cvprocesser' build argument 'cmake_clean_cache' from command line to 'False'
[0.624s] Level 5:colcon.colcon_core.verb:set package 'armkidd_cvprocesser' build argument 'cmake_clean_first' from command line to 'False'
[0.624s] Level 5:colcon.colcon_core.verb:set package 'armkidd_cvprocesser' build argument 'cmake_force_configure' from command line to 'False'
[0.624s] Level 5:colcon.colcon_core.verb:set package 'armkidd_cvprocesser' build argument 'ament_cmake_args' from command line to 'None'
[0.624s] Level 5:colcon.colcon_core.verb:set package 'armkidd_cvprocesser' build argument 'catkin_cmake_args' from command line to 'None'
[0.624s] Level 5:colcon.colcon_core.verb:set package 'armkidd_cvprocesser' build argument 'catkin_skip_building_tests' from command line to 'False'
[0.624s] DEBUG:colcon.colcon_core.verb:Building package 'armkidd_cvprocesser' with the following arguments: {'ament_cmake_args': None, 'build_base': '/workspace/run/ros2_ws/build/armkidd_cvprocesser', 'catkin_cmake_args': None, 'catkin_skip_building_tests': False, 'cmake_args': None, 'cmake_clean_cache': False, 'cmake_clean_first': False, 'cmake_force_configure': False, 'cmake_target': None, 'cmake_target_skip_unavailable': False, 'install_base': '/workspace/run/ros2_ws/install/armkidd_cvprocesser', 'merge_install': False, 'path': '/workspace/run/ros2_ws/src/armkidd_cvprocesser', 'symlink_install': False, 'test_result_base': None}
[0.625s] Level 5:colcon.colcon_core.verb:set package 'armkidd_interfaces' build argument 'cmake_args' from command line to 'None'
[0.625s] Level 5:colcon.colcon_core.verb:set package 'armkidd_interfaces' build argument 'cmake_target' from command line to 'None'
[0.625s] Level 5:colcon.colcon_core.verb:set package 'armkidd_interfaces' build argument 'cmake_target_skip_unavailable' from command line to 'False'
[0.625s] Level 5:colcon.colcon_core.verb:set package 'armkidd_interfaces' build argument 'cmake_clean_cache' from command line to 'False'
[0.625s] Level 5:colcon.colcon_core.verb:set package 'armkidd_interfaces' build argument 'cmake_clean_first' from command line to 'False'
[0.625s] Level 5:colcon.colcon_core.verb:set package 'armkidd_interfaces' build argument 'cmake_force_configure' from command line to 'False'
[0.625s] Level 5:colcon.colcon_core.verb:set package 'armkidd_interfaces' build argument 'ament_cmake_args' from command line to 'None'
[0.625s] Level 5:colcon.colcon_core.verb:set package 'armkidd_interfaces' build argument 'catkin_cmake_args' from command line to 'None'
[0.625s] Level 5:colcon.colcon_core.verb:set package 'armkidd_interfaces' build argument 'catkin_skip_building_tests' from command line to 'False'
[0.626s] DEBUG:colcon.colcon_core.verb:Building package 'armkidd_interfaces' with the following arguments: {'ament_cmake_args': None, 'build_base': '/workspace/run/ros2_ws/build/armkidd_interfaces', 'catkin_cmake_args': None, 'catkin_skip_building_tests': False, 'cmake_args': None, 'cmake_clean_cache': False, 'cmake_clean_first': False, 'cmake_force_configure': False, 'cmake_target': None, 'cmake_target_skip_unavailable': False, 'install_base': '/workspace/run/ros2_ws/install/armkidd_interfaces', 'merge_install': False, 'path': '/workspace/run/ros2_ws/src/armkidd_interfaces', 'symlink_install': False, 'test_result_base': None}
[0.626s] INFO:colcon.colcon_core.executor:Executing jobs using 'parallel' executor
[0.628s] DEBUG:colcon.colcon_parallel_executor.executor.parallel:run_until_complete
[0.629s] INFO:colcon.colcon_ros.task.ament_cmake.build:Building ROS package in '/workspace/run/ros2_ws/src/armkidd_cvprocesser' with build type 'ament_cmake'
[0.629s] INFO:colcon.colcon_cmake.task.cmake.build:Building CMake package in '/workspace/run/ros2_ws/src/armkidd_cvprocesser'
[0.637s] INFO:colcon.colcon_core.plugin_system:Skipping extension 'colcon_core.shell.bat': Not used on non-Windows systems
[0.637s] INFO:colcon.colcon_core.shell:Skip shell extension 'powershell' for command environment: Not usable outside of PowerShell
[0.637s] DEBUG:colcon.colcon_core.shell:Skip shell extension 'dsv' for command environment
[0.650s] INFO:colcon.colcon_ros.task.ament_cmake.build:Building ROS package in '/workspace/run/ros2_ws/src/armkidd_interfaces' with build type 'ament_cmake'
[0.650s] INFO:colcon.colcon_cmake.task.cmake.build:Building CMake package in '/workspace/run/ros2_ws/src/armkidd_interfaces'
[0.651s] INFO:colcon.colcon_core.shell:Skip shell extension 'powershell' for command environment: Not usable outside of PowerShell
[0.651s] DEBUG:colcon.colcon_core.shell:Skip shell extension 'dsv' for command environment
[0.664s] DEBUG:colcon.colcon_core.event_handler.log_command:Invoking command in '/workspace/run/ros2_ws/build/armkidd_cvprocesser': CMAKE_PREFIX_PATH=${CMAKE_PREFIX_PATH}:/opt/ros/jazzy /usr/bin/cmake --build /workspace/run/ros2_ws/build/armkidd_cvprocesser -- -j6 -l6
[0.679s] DEBUG:colcon.colcon_core.event_handler.log_command:Invoking command in '/workspace/run/ros2_ws/build/armkidd_interfaces': CMAKE_PREFIX_PATH=${CMAKE_PREFIX_PATH}:/opt/ros/jazzy /usr/bin/cmake --build /workspace/run/ros2_ws/build/armkidd_interfaces -- -j6 -l6
[1.668s] DEBUG:colcon.colcon_core.event_handler.log_command:Invoked command in '/workspace/run/ros2_ws/build/armkidd_cvprocesser' returned '0': CMAKE_PREFIX_PATH=${CMAKE_PREFIX_PATH}:/opt/ros/jazzy /usr/bin/cmake --build /workspace/run/ros2_ws/build/armkidd_cvprocesser -- -j6 -l6
[1.691s] DEBUG:colcon.colcon_core.event_handler.log_command:Invoking command in '/workspace/run/ros2_ws/build/armkidd_cvprocesser': CMAKE_PREFIX_PATH=${CMAKE_PREFIX_PATH}:/opt/ros/jazzy /usr/bin/cmake --install /workspace/run/ros2_ws/build/armkidd_cvprocesser
[1.694s] DEBUG:colcon.colcon_core.event_handler.log_command:Invoked command in '/workspace/run/ros2_ws/build/armkidd_interfaces' returned '0': CMAKE_PREFIX_PATH=${CMAKE_PREFIX_PATH}:/opt/ros/jazzy /usr/bin/cmake --build /workspace/run/ros2_ws/build/armkidd_interfaces -- -j6 -l6
[1.697s] DEBUG:colcon.colcon_core.event_handler.log_command:Invoking command in '/workspace/run/ros2_ws/build/armkidd_interfaces': CMAKE_PREFIX_PATH=${CMAKE_PREFIX_PATH}:/opt/ros/jazzy /usr/bin/cmake --install /workspace/run/ros2_ws/build/armkidd_interfaces
[1.842s] Level 1:colcon.colcon_core.environment:create_environment_scripts_only(armkidd_cvprocesser)
[1.847s] DEBUG:colcon.colcon_core.event_handler.log_command:Invoked command in '/workspace/run/ros2_ws/build/armkidd_cvprocesser' returned '0': CMAKE_PREFIX_PATH=${CMAKE_PREFIX_PATH}:/opt/ros/jazzy /usr/bin/cmake --install /workspace/run/ros2_ws/build/armkidd_cvprocesser
[1.865s] Level 1:colcon.colcon_core.environment:checking '/workspace/run/ros2_ws/install/armkidd_cvprocesser' for CMake module files
[1.867s] Level 1:colcon.colcon_core.environment:checking '/workspace/run/ros2_ws/install/armkidd_cvprocesser' for CMake config files
[1.867s] Level 1:colcon.colcon_core.shell:create_environment_hook('armkidd_cvprocesser', 'cmake_prefix_path')
[1.868s] INFO:colcon.colcon_core.shell:Creating environment hook '/workspace/run/ros2_ws/install/armkidd_cvprocesser/share/armkidd_cvprocesser/hook/cmake_prefix_path.ps1'
[1.870s] INFO:colcon.colcon_core.shell:Creating environment descriptor '/workspace/run/ros2_ws/install/armkidd_cvprocesser/share/armkidd_cvprocesser/hook/cmake_prefix_path.dsv'
[1.872s] INFO:colcon.colcon_core.shell:Creating environment hook '/workspace/run/ros2_ws/install/armkidd_cvprocesser/share/armkidd_cvprocesser/hook/cmake_prefix_path.sh'
[1.875s] Level 1:colcon.colcon_core.environment:checking '/workspace/run/ros2_ws/install/armkidd_cvprocesser/lib'
[1.876s] Level 1:colcon.colcon_core.environment:checking '/workspace/run/ros2_ws/install/armkidd_cvprocesser/bin'
[1.876s] Level 1:colcon.colcon_core.environment:checking '/workspace/run/ros2_ws/install/armkidd_cvprocesser/lib/pkgconfig/armkidd_cvprocesser.pc'
[1.882s] Level 1:colcon.colcon_core.environment:checking '/workspace/run/ros2_ws/install/armkidd_cvprocesser/lib/python3.12/site-packages'
[1.883s] Level 1:colcon.colcon_core.shell:create_environment_hook('armkidd_cvprocesser', 'pythonpath')
[1.884s] INFO:colcon.colcon_core.shell:Creating environment hook '/workspace/run/ros2_ws/install/armkidd_cvprocesser/share/armkidd_cvprocesser/hook/pythonpath.ps1'
[1.885s] INFO:colcon.colcon_core.shell:Creating environment descriptor '/workspace/run/ros2_ws/install/armkidd_cvprocesser/share/armkidd_cvprocesser/hook/pythonpath.dsv'
[1.887s] INFO:colcon.colcon_core.shell:Creating environment hook '/workspace/run/ros2_ws/install/armkidd_cvprocesser/share/armkidd_cvprocesser/hook/pythonpath.sh'
[1.889s] Level 1:colcon.colcon_core.environment:checking '/workspace/run/ros2_ws/install/armkidd_cvprocesser/bin'
[1.890s] INFO:colcon.colcon_core.shell:Creating package script '/workspace/run/ros2_ws/install/armkidd_cvprocesser/share/armkidd_cvprocesser/package.ps1'
[1.893s] INFO:colcon.colcon_core.shell:Creating package descriptor '/workspace/run/ros2_ws/install/armkidd_cvprocesser/share/armkidd_cvprocesser/package.dsv'
[1.895s] INFO:colcon.colcon_core.shell:Creating package script '/workspace/run/ros2_ws/install/armkidd_cvprocesser/share/armkidd_cvprocesser/package.sh'
[1.899s] INFO:colcon.colcon_core.shell:Creating package script '/workspace/run/ros2_ws/install/armkidd_cvprocesser/share/armkidd_cvprocesser/package.bash'
[1.901s] INFO:colcon.colcon_core.shell:Creating package script '/workspace/run/ros2_ws/install/armkidd_cvprocesser/share/armkidd_cvprocesser/package.zsh'
[1.904s] Level 1:colcon.colcon_core.environment:create_file_with_runtime_dependencies(/workspace/run/ros2_ws/install/armkidd_cvprocesser/share/colcon-core/packages/armkidd_cvprocesser)
[1.906s] Level 1:colcon.colcon_core.environment:create_environment_scripts_only(armkidd_cvprocesser)
[1.906s] Level 1:colcon.colcon_core.environment:checking '/workspace/run/ros2_ws/install/armkidd_cvprocesser' for CMake module files
[1.909s] Level 1:colcon.colcon_core.environment:checking '/workspace/run/ros2_ws/install/armkidd_cvprocesser' for CMake config files
[1.909s] Level 1:colcon.colcon_core.shell:create_environment_hook('armkidd_cvprocesser', 'cmake_prefix_path')
[1.910s] INFO:colcon.colcon_core.shell:Creating environment hook '/workspace/run/ros2_ws/install/armkidd_cvprocesser/share/armkidd_cvprocesser/hook/cmake_prefix_path.ps1'
[1.911s] INFO:colcon.colcon_core.shell:Creating environment descriptor '/workspace/run/ros2_ws/install/armkidd_cvprocesser/share/armkidd_cvprocesser/hook/cmake_prefix_path.dsv'
[1.912s] INFO:colcon.colcon_core.shell:Creating environment hook '/workspace/run/ros2_ws/install/armkidd_cvprocesser/share/armkidd_cvprocesser/hook/cmake_prefix_path.sh'
[1.914s] Level 1:colcon.colcon_core.environment:checking '/workspace/run/ros2_ws/install/armkidd_cvprocesser/lib'
[1.915s] Level 1:colcon.colcon_core.environment:checking '/workspace/run/ros2_ws/install/armkidd_cvprocesser/bin'
[1.915s] Level 1:colcon.colcon_core.environment:checking '/workspace/run/ros2_ws/install/armkidd_cvprocesser/lib/pkgconfig/armkidd_cvprocesser.pc'
[1.916s] Level 1:colcon.colcon_core.environment:checking '/workspace/run/ros2_ws/install/armkidd_cvprocesser/lib/python3.12/site-packages'
[1.916s] Level 1:colcon.colcon_core.shell:create_environment_hook('armkidd_cvprocesser', 'pythonpath')
[1.917s] INFO:colcon.colcon_core.shell:Creating environment hook '/workspace/run/ros2_ws/install/armkidd_cvprocesser/share/armkidd_cvprocesser/hook/pythonpath.ps1'
[1.918s] INFO:colcon.colcon_core.shell:Creating environment descriptor '/workspace/run/ros2_ws/install/armkidd_cvprocesser/share/armkidd_cvprocesser/hook/pythonpath.dsv'
[1.919s] INFO:colcon.colcon_core.shell:Creating environment hook '/workspace/run/ros2_ws/install/armkidd_cvprocesser/share/armkidd_cvprocesser/hook/pythonpath.sh'
[1.921s] Level 1:colcon.colcon_core.environment:checking '/workspace/run/ros2_ws/install/armkidd_cvprocesser/bin'
[1.922s] INFO:colcon.colcon_core.shell:Creating package script '/workspace/run/ros2_ws/install/armkidd_cvprocesser/share/armkidd_cvprocesser/package.ps1'
[1.924s] INFO:colcon.colcon_core.shell:Creating package descriptor '/workspace/run/ros2_ws/install/armkidd_cvprocesser/share/armkidd_cvprocesser/package.dsv'
[1.926s] INFO:colcon.colcon_core.shell:Creating package script '/workspace/run/ros2_ws/install/armkidd_cvprocesser/share/armkidd_cvprocesser/package.sh'
[1.927s] INFO:colcon.colcon_core.shell:Creating package script '/workspace/run/ros2_ws/install/armkidd_cvprocesser/share/armkidd_cvprocesser/package.bash'
[1.929s] INFO:colcon.colcon_core.shell:Creating package script '/workspace/run/ros2_ws/install/armkidd_cvprocesser/share/armkidd_cvprocesser/package.zsh'
[1.930s] Level 1:colcon.colcon_core.environment:create_file_with_runtime_dependencies(/workspace/run/ros2_ws/install/armkidd_cvprocesser/share/colcon-core/packages/armkidd_cvprocesser)
[1.933s] Level 1:colcon.colcon_core.environment:create_environment_scripts_only(armkidd_interfaces)
[1.934s] Level 1:colcon.colcon_core.environment:checking '/workspace/run/ros2_ws/install/armkidd_interfaces' for CMake module files
[1.935s] DEBUG:colcon.colcon_core.event_handler.log_command:Invoked command in '/workspace/run/ros2_ws/build/armkidd_interfaces' returned '0': CMAKE_PREFIX_PATH=${CMAKE_PREFIX_PATH}:/opt/ros/jazzy /usr/bin/cmake --install /workspace/run/ros2_ws/build/armkidd_interfaces
[1.938s] Level 1:colcon.colcon_core.environment:checking '/workspace/run/ros2_ws/install/armkidd_interfaces' for CMake config files
[1.939s] Level 1:colcon.colcon_core.shell:create_environment_hook('armkidd_interfaces', 'cmake_prefix_path')
[1.939s] INFO:colcon.colcon_core.shell:Creating environment hook '/workspace/run/ros2_ws/install/armkidd_interfaces/share/armkidd_interfaces/hook/cmake_prefix_path.ps1'
[1.941s] INFO:colcon.colcon_core.shell:Creating environment descriptor '/workspace/run/ros2_ws/install/armkidd_interfaces/share/armkidd_interfaces/hook/cmake_prefix_path.dsv'
[1.942s] INFO:colcon.colcon_core.shell:Creating environment hook '/workspace/run/ros2_ws/install/armkidd_interfaces/share/armkidd_interfaces/hook/cmake_prefix_path.sh'
[1.945s] Level 1:colcon.colcon_core.environment:checking '/workspace/run/ros2_ws/install/armkidd_interfaces/lib'
[1.945s] Level 1:colcon.colcon_core.shell:create_environment_hook('armkidd_interfaces', 'ld_library_path_lib')
[1.946s] INFO:colcon.colcon_core.shell:Creating environment hook '/workspace/run/ros2_ws/install/armkidd_interfaces/share/armkidd_interfaces/hook/ld_library_path_lib.ps1'
[1.947s] INFO:colcon.colcon_core.shell:Creating environment descriptor '/workspace/run/ros2_ws/install/armkidd_interfaces/share/armkidd_interfaces/hook/ld_library_path_lib.dsv'
[1.948s] INFO:colcon.colcon_core.shell:Creating environment hook '/workspace/run/ros2_ws/install/armkidd_interfaces/share/armkidd_interfaces/hook/ld_library_path_lib.sh'
[1.949s] Level 1:colcon.colcon_core.environment:checking '/workspace/run/ros2_ws/install/armkidd_interfaces/bin'
[1.950s] Level 1:colcon.colcon_core.environment:checking '/workspace/run/ros2_ws/install/armkidd_interfaces/lib/pkgconfig/armkidd_interfaces.pc'
[1.950s] Level 1:colcon.colcon_core.environment:checking '/workspace/run/ros2_ws/install/armkidd_interfaces/lib/python3.12/site-packages'
[1.951s] Level 1:colcon.colcon_core.shell:create_environment_hook('armkidd_interfaces', 'pythonpath')
[1.951s] INFO:colcon.colcon_core.shell:Creating environment hook '/workspace/run/ros2_ws/install/armkidd_interfaces/share/armkidd_interfaces/hook/pythonpath.ps1'
[1.952s] INFO:colcon.colcon_core.shell:Creating environment descriptor '/workspace/run/ros2_ws/install/armkidd_interfaces/share/armkidd_interfaces/hook/pythonpath.dsv'
[1.954s] INFO:colcon.colcon_core.shell:Creating environment hook '/workspace/run/ros2_ws/install/armkidd_interfaces/share/armkidd_interfaces/hook/pythonpath.sh'
[1.956s] Level 1:colcon.colcon_core.environment:checking '/workspace/run/ros2_ws/install/armkidd_interfaces/bin'
[1.957s] INFO:colcon.colcon_core.shell:Creating package script '/workspace/run/ros2_ws/install/armkidd_interfaces/share/armkidd_interfaces/package.ps1'
[1.958s] INFO:colcon.colcon_core.shell:Creating package descriptor '/workspace/run/ros2_ws/install/armkidd_interfaces/share/armkidd_interfaces/package.dsv'
[1.960s] INFO:colcon.colcon_core.shell:Creating package script '/workspace/run/ros2_ws/install/armkidd_interfaces/share/armkidd_interfaces/package.sh'
[1.961s] INFO:colcon.colcon_core.shell:Creating package script '/workspace/run/ros2_ws/install/armkidd_interfaces/share/armkidd_interfaces/package.bash'
[1.962s] INFO:colcon.colcon_core.shell:Creating package script '/workspace/run/ros2_ws/install/armkidd_interfaces/share/armkidd_interfaces/package.zsh'
[1.963s] Level 1:colcon.colcon_core.environment:create_file_with_runtime_dependencies(/workspace/run/ros2_ws/install/armkidd_interfaces/share/colcon-core/packages/armkidd_interfaces)
[1.965s] Level 1:colcon.colcon_core.environment:create_environment_scripts_only(armkidd_interfaces)
[1.965s] Level 1:colcon.colcon_core.environment:checking '/workspace/run/ros2_ws/install/armkidd_interfaces' for CMake module files
[1.967s] Level 1:colcon.colcon_core.environment:checking '/workspace/run/ros2_ws/install/armkidd_interfaces' for CMake config files
[1.968s] Level 1:colcon.colcon_core.shell:create_environment_hook('armkidd_interfaces', 'cmake_prefix_path')
[1.968s] INFO:colcon.colcon_core.shell:Creating environment hook '/workspace/run/ros2_ws/install/armkidd_interfaces/share/armkidd_interfaces/hook/cmake_prefix_path.ps1'
[1.969s] INFO:colcon.colcon_core.shell:Creating environment descriptor '/workspace/run/ros2_ws/install/armkidd_interfaces/share/armkidd_interfaces/hook/cmake_prefix_path.dsv'
[1.970s] INFO:colcon.colcon_core.shell:Creating environment hook '/workspace/run/ros2_ws/install/armkidd_interfaces/share/armkidd_interfaces/hook/cmake_prefix_path.sh'
[1.972s] Level 1:colcon.colcon_core.environment:checking '/workspace/run/ros2_ws/install/armkidd_interfaces/lib'
[1.972s] Level 1:colcon.colcon_core.shell:create_environment_hook('armkidd_interfaces', 'ld_library_path_lib')
[1.972s] INFO:colcon.colcon_core.shell:Creating environment hook '/workspace/run/ros2_ws/install/armkidd_interfaces/share/armkidd_interfaces/hook/ld_library_path_lib.ps1'
[1.973s] INFO:colcon.colcon_core.shell:Creating environment descriptor '/workspace/run/ros2_ws/install/armkidd_interfaces/share/armkidd_interfaces/hook/ld_library_path_lib.dsv'
[1.974s] INFO:colcon.colcon_core.shell:Creating environment hook '/workspace/run/ros2_ws/install/armkidd_interfaces/share/armkidd_interfaces/hook/ld_library_path_lib.sh'
[1.975s] Level 1:colcon.colcon_core.environment:checking '/workspace/run/ros2_ws/install/armkidd_interfaces/bin'
[1.975s] Level 1:colcon.colcon_core.environment:checking '/workspace/run/ros2_ws/install/armkidd_interfaces/lib/pkgconfig/armkidd_interfaces.pc'
[1.976s] Level 1:colcon.colcon_core.environment:checking '/workspace/run/ros2_ws/install/armkidd_interfaces/lib/python3.12/site-packages'
[1.976s] Level 1:colcon.colcon_core.shell:create_environment_hook('armkidd_interfaces', 'pythonpath')
[1.976s] INFO:colcon.colcon_core.shell:Creating environment hook '/workspace/run/ros2_ws/install/armkidd_interfaces/share/armkidd_interfaces/hook/pythonpath.ps1'
[1.977s] INFO:colcon.colcon_core.shell:Creating environment descriptor '/workspace/run/ros2_ws/install/armkidd_interfaces/share/armkidd_interfaces/hook/pythonpath.dsv'
[1.978s] INFO:colcon.colcon_core.shell:Creating environment hook '/workspace/run/ros2_ws/install/armkidd_interfaces/share/armkidd_interfaces/hook/pythonpath.sh'
[1.979s] Level 1:colcon.colcon_core.environment:checking '/workspace/run/ros2_ws/install/armkidd_interfaces/bin'
[1.980s] INFO:colcon.colcon_core.shell:Creating package script '/workspace/run/ros2_ws/install/armkidd_interfaces/share/armkidd_interfaces/package.ps1'
[1.981s] INFO:colcon.colcon_core.shell:Creating package descriptor '/workspace/run/ros2_ws/install/armkidd_interfaces/share/armkidd_interfaces/package.dsv'
[1.983s] INFO:colcon.colcon_core.shell:Creating package script '/workspace/run/ros2_ws/install/armkidd_interfaces/share/armkidd_interfaces/package.sh'
[1.984s] INFO:colcon.colcon_core.shell:Creating package script '/workspace/run/ros2_ws/install/armkidd_interfaces/share/armkidd_interfaces/package.bash'
[1.985s] INFO:colcon.colcon_core.shell:Creating package script '/workspace/run/ros2_ws/install/armkidd_interfaces/share/armkidd_interfaces/package.zsh'
[1.986s] Level 1:colcon.colcon_core.environment:create_file_with_runtime_dependencies(/workspace/run/ros2_ws/install/armkidd_interfaces/share/colcon-core/packages/armkidd_interfaces)
[1.987s] DEBUG:colcon.colcon_parallel_executor.executor.parallel:closing loop
[1.988s] DEBUG:colcon.colcon_parallel_executor.executor.parallel:loop closed
[1.989s] DEBUG:colcon.colcon_parallel_executor.executor.parallel:run_until_complete finished with '0'
[1.989s] DEBUG:colcon.colcon_core.event_reactor:joining thread
[2.010s] INFO:colcon.colcon_core.plugin_system:Skipping extension 'colcon_notification.desktop_notification.notify_send': Could not find 'notify-send'
[2.011s] INFO:colcon.colcon_core.plugin_system:Skipping extension 'colcon_notification.desktop_notification.terminal_notifier': Not used on non-Darwin systems
[2.011s] INFO:colcon.colcon_core.plugin_system:Skipping extension 'colcon_notification.desktop_notification.win32': Not used on non-Windows systems
[2.011s] INFO:colcon.colcon_notification.desktop_notification:Sending desktop notification using 'notify2'
[2.011s] DEBUG:colcon.colcon_notification.desktop_notification.notify2:Failed to initialize notify2: org.freedesktop.DBus.Error.NotSupported: Unable to autolaunch a dbus-daemon without a $DISPLAY for X11
[2.012s] DEBUG:colcon.colcon_core.event_reactor:joined thread
[2.012s] INFO:colcon.colcon_core.shell:Creating prefix script '/workspace/run/ros2_ws/install/local_setup.ps1'
[2.015s] INFO:colcon.colcon_core.shell:Creating prefix util module '/workspace/run/ros2_ws/install/_local_setup_util_ps1.py'
[2.019s] INFO:colcon.colcon_core.shell:Creating prefix chain script '/workspace/run/ros2_ws/install/setup.ps1'
[2.023s] INFO:colcon.colcon_core.shell:Creating prefix script '/workspace/run/ros2_ws/install/local_setup.sh'
[2.025s] INFO:colcon.colcon_core.shell:Creating prefix util module '/workspace/run/ros2_ws/install/_local_setup_util_sh.py'
[2.026s] INFO:colcon.colcon_core.shell:Creating prefix chain script '/workspace/run/ros2_ws/install/setup.sh'
[2.029s] INFO:colcon.colcon_core.shell:Creating prefix script '/workspace/run/ros2_ws/install/local_setup.bash'
[2.031s] INFO:colcon.colcon_core.shell:Creating prefix chain script '/workspace/run/ros2_ws/install/setup.bash'
[2.033s] INFO:colcon.colcon_core.shell:Creating prefix script '/workspace/run/ros2_ws/install/local_setup.zsh'
[2.035s] INFO:colcon.colcon_core.shell:Creating prefix chain script '/workspace/run/ros2_ws/install/setup.zsh'
