[0.488s] DEBUG:colcon:Command line arguments: ['/usr/bin/colcon', 'list', '-p', '--base-paths', '/home/alexubuntu/RoboArmMk2_MTC/src', '--log-base', '/dev/null']
[0.489s] DEBUG:colcon:Parsed command line arguments: Namespace(log_base=None, log_level=None, verb_name='list', build_base='build', ignore_user_meta=False, metas=['./colcon.meta'], base_paths=['/home/alexubuntu/RoboArmMk2_MTC/src', '--log-base', '/dev/null'], packages_ignore=None, packages_ignore_regex=None, paths=None, packages_up_to=None, packages_up_to_regex=None, packages_above=None, packages_above_and_dependencies=None, packages_above_depth=None, packages_select_by_dep=None, packages_skip_by_dep=None, packages_skip_up_to=None, packages_select_build_failed=False, packages_skip_build_finished=False, packages_select_test_failures=False, packages_skip_test_passed=False, packages_select=None, packages_skip=None, packages_select_regex=None, packages_skip_regex=None, packages_start=None, packages_end=None, allow_overriding=[], topological_order=False, names_only=False, paths_only=True, topological_graph=False, topological_graph_dot=False, topological_graph_density=False, topological_graph_legend=False, topological_graph_dot_cluster=False, topological_graph_dot_include_skipped=False, mixin_files=None, mixin=None, verb_parser=<colcon_mixin.mixin.mixin_argument.MixinArgumentDecorator object at 0x76cab90d42c0>, verb_extension=<colcon_package_information.verb.list.ListVerb object at 0x76cab919f9e0>, main=<bound method ListVerb.main of <colcon_package_information.verb.list.ListVerb object at 0x76cab919f9e0>>, mixin_verb=('list',))
[0.552s] Level 1:colcon.colcon_core.package_discovery:discover_packages(colcon_meta) check parameters
[0.552s] Level 1:colcon.colcon_core.package_discovery:discover_packages(recursive) check parameters
[0.552s] Level 1:colcon.colcon_core.package_discovery:discover_packages(ignore) check parameters
[0.552s] Level 1:colcon.colcon_core.package_discovery:discover_packages(path) check parameters
[0.552s] Level 1:colcon.colcon_core.package_discovery:discover_packages(recursive) discover
[0.553s] INFO:colcon.colcon_core.package_discovery:Crawling recursively for packages in '/home/alexubuntu/RoboArmMk2_MTC/src', '/home/alexubuntu/RoboArmMk2_MTC/src/--log-base', '/dev/null'
[0.553s] Level 1:colcon.colcon_core.package_identification:_identify(/home/alexubuntu/RoboArmMk2_MTC/src) by extensions ['ignore', 'ignore_ament_install']
[0.553s] Level 1:colcon.colcon_core.package_identification:_identify(/home/alexubuntu/RoboArmMk2_MTC/src) by extension 'ignore'
[0.553s] Level 1:colcon.colcon_core.package_identification:_identify(/home/alexubuntu/RoboArmMk2_MTC/src) by extension 'ignore_ament_install'
[0.553s] Level 1:colcon.colcon_core.package_identification:_identify(/home/alexubuntu/RoboArmMk2_MTC/src) by extensions ['colcon_pkg']
[0.553s] Level 1:colcon.colcon_core.package_identification:_identify(/home/alexubuntu/RoboArmMk2_MTC/src) by extension 'colcon_pkg'
[0.553s] Level 1:colcon.colcon_core.package_identification:_identify(/home/alexubuntu/RoboArmMk2_MTC/src) by extensions ['colcon_meta']
[0.553s] Level 1:colcon.colcon_core.package_identification:_identify(/home/alexubuntu/RoboArmMk2_MTC/src) by extension 'colcon_meta'
[0.553s] Level 1:colcon.colcon_core.package_identification:_identify(/home/alexubuntu/RoboArmMk2_MTC/src) by extensions ['ros']
[0.554s] Level 1:colcon.colcon_core.package_identification:_identify(/home/alexubuntu/RoboArmMk2_MTC/src) by extension 'ros'
[0.601s] Level 1:colcon.colcon_core.package_identification:_identify(/home/alexubuntu/RoboArmMk2_MTC/src) by extensions ['cmake', 'python']
[0.601s] Level 1:colcon.colcon_core.package_identification:_identify(/home/alexubuntu/RoboArmMk2_MTC/src) by extension 'cmake'
[0.601s] Level 1:colcon.colcon_core.package_identification:_identify(/home/alexubuntu/RoboArmMk2_MTC/src) by extension 'python'
[0.601s] Level 1:colcon.colcon_core.package_identification:_identify(/home/alexubuntu/RoboArmMk2_MTC/src) by extensions ['python_setup_py']
[0.601s] Level 1:colcon.colcon_core.package_identification:_identify(/home/alexubuntu/RoboArmMk2_MTC/src) by extension 'python_setup_py'
[0.601s] Level 1:colcon.colcon_core.package_identification:_identify(/home/alexubuntu/RoboArmMk2_MTC/src/armkidd_bringup) by extensions ['ignore', 'ignore_ament_install']
[0.601s] Level 1:colcon.colcon_core.package_identification:_identify(/home/alexubuntu/RoboArmMk2_MTC/src/armkidd_bringup) by extension 'ignore'
[0.609s] Level 1:colcon.colcon_core.package_identification:_identify(/home/alexubuntu/RoboArmMk2_MTC/src/armkidd_bringup) by extension 'ignore_ament_install'
[0.609s] Level 1:colcon.colcon_core.package_identification:_identify(/home/alexubuntu/RoboArmMk2_MTC/src/armkidd_bringup) by extensions ['colcon_pkg']
[0.609s] Level 1:colcon.colcon_core.package_identification:_identify(/home/alexubuntu/RoboArmMk2_MTC/src/armkidd_bringup) by extension 'colcon_pkg'
[0.609s] Level 1:colcon.colcon_core.package_identification:_identify(/home/alexubuntu/RoboArmMk2_MTC/src/armkidd_bringup) by extensions ['colcon_meta']
[0.609s] Level 1:colcon.colcon_core.package_identification:_identify(/home/alexubuntu/RoboArmMk2_MTC/src/armkidd_bringup) by extension 'colcon_meta'
[0.609s] Level 1:colcon.colcon_core.package_identification:_identify(/home/alexubuntu/RoboArmMk2_MTC/src/armkidd_bringup) by extensions ['ros']
[0.609s] Level 1:colcon.colcon_core.package_identification:_identify(/home/alexubuntu/RoboArmMk2_MTC/src/armkidd_bringup) by extension 'ros'
[0.615s] DEBUG:colcon.colcon_core.package_identification:Package '/home/alexubuntu/RoboArmMk2_MTC/src/armkidd_bringup' with type 'ros.ament_cmake' and name 'armkidd_bringup'
[0.615s] Level 1:colcon.colcon_core.package_identification:_identify(/home/alexubuntu/RoboArmMk2_MTC/src/armkidd_command) by extensions ['ignore', 'ignore_ament_install']
[0.615s] Level 1:colcon.colcon_core.package_identification:_identify(/home/alexubuntu/RoboArmMk2_MTC/src/armkidd_command) by extension 'ignore'
[0.616s] Level 1:colcon.colcon_core.package_identification:_identify(/home/alexubuntu/RoboArmMk2_MTC/src/armkidd_command) by extension 'ignore_ament_install'
[0.616s] Level 1:colcon.colcon_core.package_identification:_identify(/home/alexubuntu/RoboArmMk2_MTC/src/armkidd_command) by extensions ['colcon_pkg']
[0.616s] Level 1:colcon.colcon_core.package_identification:_identify(/home/alexubuntu/RoboArmMk2_MTC/src/armkidd_command) by extension 'colcon_pkg'
[0.616s] Level 1:colcon.colcon_core.package_identification:_identify(/home/alexubuntu/RoboArmMk2_MTC/src/armkidd_command) by extensions ['colcon_meta']
[0.616s] Level 1:colcon.colcon_core.package_identification:_identify(/home/alexubuntu/RoboArmMk2_MTC/src/armkidd_command) by extension 'colcon_meta'
[0.616s] Level 1:colcon.colcon_core.package_identification:_identify(/home/alexubuntu/RoboArmMk2_MTC/src/armkidd_command) by extensions ['ros']
[0.616s] Level 1:colcon.colcon_core.package_identification:_identify(/home/alexubuntu/RoboArmMk2_MTC/src/armkidd_command) by extension 'ros'
[0.618s] DEBUG:colcon.colcon_core.package_identification:Package '/home/alexubuntu/RoboArmMk2_MTC/src/armkidd_command' with type 'ros.ament_cmake' and name 'armkidd_command'
[0.618s] Level 1:colcon.colcon_core.package_identification:_identify(/home/alexubuntu/RoboArmMk2_MTC/src/armkidd_controller) by extensions ['ignore', 'ignore_ament_install']
[0.618s] Level 1:colcon.colcon_core.package_identification:_identify(/home/alexubuntu/RoboArmMk2_MTC/src/armkidd_controller) by extension 'ignore'
[0.618s] Level 1:colcon.colcon_core.package_identification:_identify(/home/alexubuntu/RoboArmMk2_MTC/src/armkidd_controller) by extension 'ignore_ament_install'
[0.618s] Level 1:colcon.colcon_core.package_identification:_identify(/home/alexubuntu/RoboArmMk2_MTC/src/armkidd_controller) by extensions ['colcon_pkg']
[0.618s] Level 1:colcon.colcon_core.package_identification:_identify(/home/alexubuntu/RoboArmMk2_MTC/src/armkidd_controller) by extension 'colcon_pkg'
[0.618s] Level 1:colcon.colcon_core.package_identification:_identify(/home/alexubuntu/RoboArmMk2_MTC/src/armkidd_controller) by extensions ['colcon_meta']
[0.618s] Level 1:colcon.colcon_core.package_identification:_identify(/home/alexubuntu/RoboArmMk2_MTC/src/armkidd_controller) by extension 'colcon_meta'
[0.618s] Level 1:colcon.colcon_core.package_identification:_identify(/home/alexubuntu/RoboArmMk2_MTC/src/armkidd_controller) by extensions ['ros']
[0.618s] Level 1:colcon.colcon_core.package_identification:_identify(/home/alexubuntu/RoboArmMk2_MTC/src/armkidd_controller) by extension 'ros'
[0.619s] DEBUG:colcon.colcon_core.package_identification:Package '/home/alexubuntu/RoboArmMk2_MTC/src/armkidd_controller' with type 'ros.ament_cmake' and name 'armkidd_controller'
[0.619s] Level 1:colcon.colcon_core.package_identification:_identify(/home/alexubuntu/RoboArmMk2_MTC/src/armkidd_description) by extensions ['ignore', 'ignore_ament_install']
[0.619s] Level 1:colcon.colcon_core.package_identification:_identify(/home/alexubuntu/RoboArmMk2_MTC/src/armkidd_description) by extension 'ignore'
[0.619s] Level 1:colcon.colcon_core.package_identification:_identify(/home/alexubuntu/RoboArmMk2_MTC/src/armkidd_description) by extension 'ignore_ament_install'
[0.619s] Level 1:colcon.colcon_core.package_identification:_identify(/home/alexubuntu/RoboArmMk2_MTC/src/armkidd_description) by extensions ['colcon_pkg']
[0.619s] Level 1:colcon.colcon_core.package_identification:_identify(/home/alexubuntu/RoboArmMk2_MTC/src/armkidd_description) by extension 'colcon_pkg'
[0.619s] Level 1:colcon.colcon_core.package_identification:_identify(/home/alexubuntu/RoboArmMk2_MTC/src/armkidd_description) by extensions ['colcon_meta']
[0.619s] Level 1:colcon.colcon_core.package_identification:_identify(/home/alexubuntu/RoboArmMk2_MTC/src/armkidd_description) by extension 'colcon_meta'
[0.619s] Level 1:colcon.colcon_core.package_identification:_identify(/home/alexubuntu/RoboArmMk2_MTC/src/armkidd_description) by extensions ['ros']
[0.619s] Level 1:colcon.colcon_core.package_identification:_identify(/home/alexubuntu/RoboArmMk2_MTC/src/armkidd_description) by extension 'ros'
[0.620s] DEBUG:colcon.colcon_core.package_identification:Package '/home/alexubuntu/RoboArmMk2_MTC/src/armkidd_description' with type 'ros.ament_cmake' and name 'armkidd_description'
[0.624s] Level 1:colcon.colcon_core.package_identification:_identify(/home/alexubuntu/RoboArmMk2_MTC/src/armkidd_interfaces) by extensions ['ignore', 'ignore_ament_install']
[0.625s] Level 1:colcon.colcon_core.package_identification:_identify(/home/alexubuntu/RoboArmMk2_MTC/src/armkidd_interfaces) by extension 'ignore'
[0.625s] Level 1:colcon.colcon_core.package_identification:_identify(/home/alexubuntu/RoboArmMk2_MTC/src/armkidd_interfaces) by extension 'ignore_ament_install'
[0.625s] Level 1:colcon.colcon_core.package_identification:_identify(/home/alexubuntu/RoboArmMk2_MTC/src/armkidd_interfaces) by extensions ['colcon_pkg']
[0.625s] Level 1:colcon.colcon_core.package_identification:_identify(/home/alexubuntu/RoboArmMk2_MTC/src/armkidd_interfaces) by extension 'colcon_pkg'
[0.626s] Level 1:colcon.colcon_core.package_identification:_identify(/home/alexubuntu/RoboArmMk2_MTC/src/armkidd_interfaces) by extensions ['colcon_meta']
[0.626s] Level 1:colcon.colcon_core.package_identification:_identify(/home/alexubuntu/RoboArmMk2_MTC/src/armkidd_interfaces) by extension 'colcon_meta'
[0.626s] Level 1:colcon.colcon_core.package_identification:_identify(/home/alexubuntu/RoboArmMk2_MTC/src/armkidd_interfaces) by extensions ['ros']
[0.626s] Level 1:colcon.colcon_core.package_identification:_identify(/home/alexubuntu/RoboArmMk2_MTC/src/armkidd_interfaces) by extension 'ros'
[0.627s] DEBUG:colcon.colcon_core.package_identification:Package '/home/alexubuntu/RoboArmMk2_MTC/src/armkidd_interfaces' with type 'ros.ament_cmake' and name 'armkidd_interfaces'
[0.627s] Level 1:colcon.colcon_core.package_identification:_identify(/home/alexubuntu/RoboArmMk2_MTC/src/armkidd_moveit) by extensions ['ignore', 'ignore_ament_install']
[0.627s] Level 1:colcon.colcon_core.package_identification:_identify(/home/alexubuntu/RoboArmMk2_MTC/src/armkidd_moveit) by extension 'ignore'
[0.627s] Level 1:colcon.colcon_core.package_identification:_identify(/home/alexubuntu/RoboArmMk2_MTC/src/armkidd_moveit) by extension 'ignore_ament_install'
[0.628s] Level 1:colcon.colcon_core.package_identification:_identify(/home/alexubuntu/RoboArmMk2_MTC/src/armkidd_moveit) by extensions ['colcon_pkg']
[0.628s] Level 1:colcon.colcon_core.package_identification:_identify(/home/alexubuntu/RoboArmMk2_MTC/src/armkidd_moveit) by extension 'colcon_pkg'
[0.628s] Level 1:colcon.colcon_core.package_identification:_identify(/home/alexubuntu/RoboArmMk2_MTC/src/armkidd_moveit) by extensions ['colcon_meta']
[0.628s] Level 1:colcon.colcon_core.package_identification:_identify(/home/alexubuntu/RoboArmMk2_MTC/src/armkidd_moveit) by extension 'colcon_meta'
[0.628s] Level 1:colcon.colcon_core.package_identification:_identify(/home/alexubuntu/RoboArmMk2_MTC/src/armkidd_moveit) by extensions ['ros']
[0.628s] Level 1:colcon.colcon_core.package_identification:_identify(/home/alexubuntu/RoboArmMk2_MTC/src/armkidd_moveit) by extension 'ros'
[0.628s] DEBUG:colcon.colcon_core.package_identification:Package '/home/alexubuntu/RoboArmMk2_MTC/src/armkidd_moveit' with type 'ros.ament_cmake' and name 'armkidd_moveit'
[0.629s] Level 1:colcon.colcon_core.package_identification:_identify(/home/alexubuntu/RoboArmMk2_MTC/src/armkidd_mtc_demos) by extensions ['ignore', 'ignore_ament_install']
[0.629s] Level 1:colcon.colcon_core.package_identification:_identify(/home/alexubuntu/RoboArmMk2_MTC/src/armkidd_mtc_demos) by extension 'ignore'
[0.629s] Level 1:colcon.colcon_core.package_identification:_identify(/home/alexubuntu/RoboArmMk2_MTC/src/armkidd_mtc_demos) by extension 'ignore_ament_install'
[0.629s] Level 1:colcon.colcon_core.package_identification:_identify(/home/alexubuntu/RoboArmMk2_MTC/src/armkidd_mtc_demos) by extensions ['colcon_pkg']
[0.629s] Level 1:colcon.colcon_core.package_identification:_identify(/home/alexubuntu/RoboArmMk2_MTC/src/armkidd_mtc_demos) by extension 'colcon_pkg'
[0.629s] Level 1:colcon.colcon_core.package_identification:_identify(/home/alexubuntu/RoboArmMk2_MTC/src/armkidd_mtc_demos) by extensions ['colcon_meta']
[0.629s] Level 1:colcon.colcon_core.package_identification:_identify(/home/alexubuntu/RoboArmMk2_MTC/src/armkidd_mtc_demos) by extension 'colcon_meta'
[0.629s] Level 1:colcon.colcon_core.package_identification:_identify(/home/alexubuntu/RoboArmMk2_MTC/src/armkidd_mtc_demos) by extensions ['ros']
[0.629s] Level 1:colcon.colcon_core.package_identification:_identify(/home/alexubuntu/RoboArmMk2_MTC/src/armkidd_mtc_demos) by extension 'ros'
[0.630s] DEBUG:colcon.colcon_core.package_identification:Package '/home/alexubuntu/RoboArmMk2_MTC/src/armkidd_mtc_demos' with type 'ros.ament_cmake' and name 'armkidd_mtc_demos'
[0.630s] Level 1:colcon.colcon_core.package_identification:_identify(/home/alexubuntu/RoboArmMk2_MTC/src/armkidd_mtc_pick_place_demo) by extensions ['ignore', 'ignore_ament_install']
[0.630s] Level 1:colcon.colcon_core.package_identification:_identify(/home/alexubuntu/RoboArmMk2_MTC/src/armkidd_mtc_pick_place_demo) by extension 'ignore'
[0.630s] Level 1:colcon.colcon_core.package_identification:_identify(/home/alexubuntu/RoboArmMk2_MTC/src/armkidd_mtc_pick_place_demo) by extension 'ignore_ament_install'
[0.630s] Level 1:colcon.colcon_core.package_identification:_identify(/home/alexubuntu/RoboArmMk2_MTC/src/armkidd_mtc_pick_place_demo) by extensions ['colcon_pkg']
[0.632s] Level 1:colcon.colcon_core.package_identification:_identify(/home/alexubuntu/RoboArmMk2_MTC/src/armkidd_mtc_pick_place_demo) by extension 'colcon_pkg'
[0.632s] Level 1:colcon.colcon_core.package_identification:_identify(/home/alexubuntu/RoboArmMk2_MTC/src/armkidd_mtc_pick_place_demo) by extensions ['colcon_meta']
[0.632s] Level 1:colcon.colcon_core.package_identification:_identify(/home/alexubuntu/RoboArmMk2_MTC/src/armkidd_mtc_pick_place_demo) by extension 'colcon_meta'
[0.633s] Level 1:colcon.colcon_core.package_identification:_identify(/home/alexubuntu/RoboArmMk2_MTC/src/armkidd_mtc_pick_place_demo) by extensions ['ros']
[0.633s] Level 1:colcon.colcon_core.package_identification:_identify(/home/alexubuntu/RoboArmMk2_MTC/src/armkidd_mtc_pick_place_demo) by extension 'ros'
[0.634s] DEBUG:colcon.colcon_core.package_identification:Package '/home/alexubuntu/RoboArmMk2_MTC/src/armkidd_mtc_pick_place_demo' with type 'ros.ament_cmake' and name 'armkidd_mtc_pick_place_demo'
[0.635s] Level 1:colcon.colcon_core.package_identification:_identify(/home/alexubuntu/RoboArmMk2_MTC/src/log) by extensions ['ignore', 'ignore_ament_install']
[0.635s] Level 1:colcon.colcon_core.package_identification:_identify(/home/alexubuntu/RoboArmMk2_MTC/src/log) by extension 'ignore'
[0.635s] Level 1:colcon.colcon_core.package_identification:_identify(/home/alexubuntu/RoboArmMk2_MTC/src/log) ignored
[0.636s] Level 1:colcon.colcon_core.package_discovery:discover_packages(recursive) using defaults
