[0.031s] Invoking command in '/workspace/run/ros2_ws/build/armkidd_interfaces': CMAKE_PREFIX_PATH=${CMAKE_PREFIX_PATH}:/opt/ros/jazzy /usr/bin/cmake --build /workspace/run/ros2_ws/build/armkidd_interfaces -- -j6 -l6
[0.114s] -- Found ament_cmake: 2.5.5 (/opt/ros/jazzy/share/ament_cmake/cmake)
[0.184s] -- Found Python3: /opt/venv/bin/python3 (found version "3.12.3") found components: Interpreter 
[0.509s] -- Found rosidl_default_generators: 1.6.0 (/opt/ros/jazzy/share/rosidl_default_generators/cmake)
[0.522s] -- Using all available rosidl_typesupport_c: rosidl_typesupport_fastrtps_c;rosidl_typesupport_introspection_c
[0.662s] -- Using all available rosidl_typesupport_cpp: rosidl_typesupport_fastrtps_cpp;rosidl_typesupport_introspection_cpp
[0.787s] -- Found rosidl_adapter: 4.6.7 (/opt/ros/jazzy/share/rosidl_adapter/cmake)
[0.793s] -- Found sensor_msgs: 5.3.6 (/opt/ros/jazzy/share/sensor_msgs/cmake)
[0.974s] -- Found rclcpp: 28.1.16 (/opt/ros/jazzy/share/rclcpp/cmake)
[1.061s] -- Found rmw_implementation_cmake: 7.3.3 (/opt/ros/jazzy/share/rmw_implementation_cmake/cmake)
[1.065s] -- Found rmw_cyclonedds_cpp: 2.2.3 (/opt/ros/jazzy/share/rmw_cyclonedds_cpp/cmake)
[1.118s] -- Using RMW implementation 'rmw_cyclonedds_cpp' as default
[2.210s] -- Found Python3: /usr/include/python3.12 (found version "3.12.3") found components: Development NumPy Interpreter Development.Module Development.Embed 
[2.271s] -- Found Python3: /opt/venv/bin/python3 (found version "3.12.3") found components: Interpreter 
[3.071s] -- Found ament_cmake_ros: 0.12.0 (/opt/ros/jazzy/share/ament_cmake_ros/cmake)
[3.657s] -- Using all available rosidl_typesupport_c: rosidl_typesupport_fastrtps_c;rosidl_typesupport_introspection_c
[4.343s] -- Using all available rosidl_typesupport_cpp: rosidl_typesupport_fastrtps_cpp;rosidl_typesupport_introspection_cpp
[4.348s] -- Found python_cmake_module: 0.11.1 (/opt/ros/jazzy/share/python_cmake_module/cmake)
[5.257s] -- Found Python3: /opt/venv/bin/python3 (found version "3.12.3") found components: Interpreter Development NumPy Development.Module Development.Embed 
[5.403s] -- Configuring done (5.3s)
[5.577s] -- Generating done (0.1s)
[5.613s] -- Build files have been written to: /workspace/run/ros2_ws/build/armkidd_interfaces
[5.715s] [  2%] [34m[1mGenerating type hashes for ROS interfaces[0m
[5.800s] [  2%] Built target ament_cmake_python_copy_armkidd_interfaces
[6.367s] [  2%] Built target armkidd_interfaces__rosidl_generator_type_description
[6.416s] [  4%] [34m[1mGenerating C code for ROS interfaces[0m
[6.425s] running egg_info
[6.469s] [  6%] [34m[1mGenerating C++ code for ROS interfaces[0m
[6.483s] writing armkidd_interfaces.egg-info/PKG-INFO
[6.484s] writing dependency_links to armkidd_interfaces.egg-info/dependency_links.txt
[6.485s] writing top-level names to armkidd_interfaces.egg-info/top_level.txt
[6.597s] reading manifest file 'armkidd_interfaces.egg-info/SOURCES.txt'
[6.600s] writing manifest file 'armkidd_interfaces.egg-info/SOURCES.txt'
[6.756s] [  6%] Built target ament_cmake_python_build_armkidd_interfaces_egg
[7.554s] [  6%] Built target armkidd_interfaces__cpp
[7.697s] [  9%] [32mBuilding C object CMakeFiles/armkidd_interfaces__rosidl_generator_c.dir/rosidl_generator_c/armkidd_interfaces/msg/detail/world_target__type_support.c.o[0m
[7.703s] [ 11%] [32mBuilding C object CMakeFiles/armkidd_interfaces__rosidl_generator_c.dir/rosidl_generator_c/armkidd_interfaces/srv/detail/mark_img__description.c.o[0m
[7.709s] [ 13%] [32mBuilding C object CMakeFiles/armkidd_interfaces__rosidl_generator_c.dir/rosidl_generator_c/armkidd_interfaces/msg/detail/world_target__functions.c.o[0m
[7.709s] [ 15%] [32mBuilding C object CMakeFiles/armkidd_interfaces__rosidl_generator_c.dir/rosidl_generator_c/armkidd_interfaces/msg/detail/world_target__description.c.o[0m
[7.721s] [ 18%] [32mBuilding C object CMakeFiles/armkidd_interfaces__rosidl_generator_c.dir/rosidl_generator_c/armkidd_interfaces/srv/detail/mark_img__functions.c.o[0m
[7.730s] [ 20%] [32mBuilding C object CMakeFiles/armkidd_interfaces__rosidl_generator_c.dir/rosidl_generator_c/armkidd_interfaces/srv/detail/mark_img__type_support.c.o[0m
[8.097s] [ 22%] [32m[1mLinking C shared library libarmkidd_interfaces__rosidl_generator_c.so[0m
[8.247s] [ 22%] Built target armkidd_interfaces__rosidl_generator_c
[8.294s] [ 25%] [34m[1mGenerating C type support for eProsima Fast-RTPS[0m
[8.295s] [ 29%] [34m[1mGenerating C++ type support dispatch for ROS interfaces[0m
[8.295s] [ 29%] [34m[1mGenerating C type support dispatch for ROS interfaces[0m
[8.305s] [ 31%] [34m[1mGenerating C introspection for ROS interfaces[0m
[8.333s] [ 34%] [34m[1mGenerating C++ introspection for ROS interfaces[0m
[8.346s] [ 36%] [34m[1mGenerating C++ type support for eProsima Fast-RTPS[0m
[9.514s] [ 38%] [32mBuilding CXX object CMakeFiles/armkidd_interfaces__rosidl_typesupport_cpp.dir/rosidl_typesupport_cpp/armkidd_interfaces/msg/world_target__type_support.cpp.o[0m
[9.774s] [ 40%] [32mBuilding CXX object CMakeFiles/armkidd_interfaces__rosidl_typesupport_c.dir/rosidl_typesupport_c/armkidd_interfaces/msg/world_target__type_support.cpp.o[0m
[10.071s] [ 43%] [32mBuilding CXX object CMakeFiles/armkidd_interfaces__rosidl_typesupport_c.dir/rosidl_typesupport_c/armkidd_interfaces/srv/mark_img__type_support.cpp.o[0m
[10.307s] [ 45%] [32mBuilding CXX object CMakeFiles/armkidd_interfaces__rosidl_typesupport_introspection_cpp.dir/rosidl_typesupport_introspection_cpp/armkidd_interfaces/msg/detail/world_target__type_support.cpp.o[0m
[10.413s] [ 47%] [32mBuilding CXX object CMakeFiles/armkidd_interfaces__rosidl_typesupport_fastrtps_c.dir/rosidl_typesupport_fastrtps_c/armkidd_interfaces/msg/detail/world_target__type_support_c.cpp.o[0m
[10.416s] [ 50%] [32m[1mLinking CXX shared library libarmkidd_interfaces__rosidl_typesupport_c.so[0m
[10.461s] [ 52%] [32mBuilding C object CMakeFiles/armkidd_interfaces__rosidl_typesupport_introspection_c.dir/rosidl_typesupport_introspection_c/armkidd_interfaces/msg/detail/world_target__type_support.c.o[0m
[10.599s] [ 52%] Built target armkidd_interfaces__rosidl_typesupport_c
[10.623s] [ 54%] [32mBuilding CXX object CMakeFiles/armkidd_interfaces__rosidl_typesupport_fastrtps_c.dir/rosidl_typesupport_fastrtps_c/armkidd_interfaces/srv/detail/mark_img__type_support_c.cpp.o[0m
[10.685s] [ 56%] [32mBuilding CXX object CMakeFiles/armkidd_interfaces__rosidl_typesupport_fastrtps_cpp.dir/rosidl_typesupport_fastrtps_cpp/armkidd_interfaces/msg/detail/dds_fastrtps/world_target__type_support.cpp.o[0m
[10.742s] [ 59%] [32mBuilding C object CMakeFiles/armkidd_interfaces__rosidl_typesupport_introspection_c.dir/rosidl_typesupport_introspection_c/armkidd_interfaces/srv/detail/mark_img__type_support.c.o[0m
[11.083s] [ 61%] [32m[1mLinking C shared library libarmkidd_interfaces__rosidl_typesupport_introspection_c.so[0m
[11.378s] [ 61%] Built target armkidd_interfaces__rosidl_typesupport_introspection_c
[11.457s] [ 63%] [32mBuilding CXX object CMakeFiles/armkidd_interfaces__rosidl_typesupport_fastrtps_cpp.dir/rosidl_typesupport_fastrtps_cpp/armkidd_interfaces/srv/detail/dds_fastrtps/mark_img__type_support.cpp.o[0m
[11.734s] [ 65%] [32mBuilding CXX object CMakeFiles/armkidd_interfaces__rosidl_typesupport_cpp.dir/rosidl_typesupport_cpp/armkidd_interfaces/srv/mark_img__type_support.cpp.o[0m
[12.279s] [ 68%] [32mBuilding CXX object CMakeFiles/armkidd_interfaces__rosidl_typesupport_introspection_cpp.dir/rosidl_typesupport_introspection_cpp/armkidd_interfaces/srv/detail/mark_img__type_support.cpp.o[0m
[13.913s] [ 70%] [32m[1mLinking CXX shared library libarmkidd_interfaces__rosidl_typesupport_fastrtps_c.so[0m
[14.061s] [ 70%] Built target armkidd_interfaces__rosidl_typesupport_fastrtps_c
[14.263s] [ 72%] [32m[1mLinking CXX shared library libarmkidd_interfaces__rosidl_typesupport_cpp.so[0m
[14.497s] [ 72%] Built target armkidd_interfaces__rosidl_typesupport_cpp
[14.928s] [ 75%] [32m[1mLinking CXX shared library libarmkidd_interfaces__rosidl_typesupport_introspection_cpp.so[0m
[14.928s] [ 77%] [32m[1mLinking CXX shared library libarmkidd_interfaces__rosidl_typesupport_fastrtps_cpp.so[0m
[15.179s] [ 77%] Built target armkidd_interfaces__rosidl_typesupport_introspection_cpp
[15.234s] [ 77%] Built target armkidd_interfaces__rosidl_typesupport_fastrtps_cpp
[15.290s] [ 77%] Built target armkidd_interfaces
[15.358s] [ 79%] [34m[1mGenerating Python code for ROS interfaces[0m
[16.800s] [ 79%] Built target armkidd_interfaces__py
[16.882s] [ 81%] [32mBuilding C object CMakeFiles/armkidd_interfaces__rosidl_generator_py.dir/rosidl_generator_py/armkidd_interfaces/msg/_world_target_s.c.o[0m
[16.885s] [ 84%] [32mBuilding C object CMakeFiles/armkidd_interfaces__rosidl_generator_py.dir/rosidl_generator_py/armkidd_interfaces/srv/_mark_img_s.c.o[0m
[17.298s] [ 86%] [32m[1mLinking C shared library libarmkidd_interfaces__rosidl_generator_py.so[0m
[17.414s] [ 86%] Built target armkidd_interfaces__rosidl_generator_py
[17.494s] [ 88%] [32mBuilding C object CMakeFiles/armkidd_interfaces_s__rosidl_typesupport_fastrtps_c.dir/rosidl_generator_py/armkidd_interfaces/_armkidd_interfaces_s.ep.rosidl_typesupport_fastrtps_c.c.o[0m
[17.498s] [ 90%] [32mBuilding C object CMakeFiles/armkidd_interfaces_s__rosidl_typesupport_introspection_c.dir/rosidl_generator_py/armkidd_interfaces/_armkidd_interfaces_s.ep.rosidl_typesupport_introspection_c.c.o[0m
[17.569s] [ 93%] [32mBuilding C object CMakeFiles/armkidd_interfaces_s__rosidl_typesupport_c.dir/rosidl_generator_py/armkidd_interfaces/_armkidd_interfaces_s.ep.rosidl_typesupport_c.c.o[0m
[17.852s] [ 95%] [32m[1mLinking C shared module rosidl_generator_py/armkidd_interfaces/armkidd_interfaces_s__rosidl_typesupport_introspection_c.so[0m
[17.870s] [ 97%] [32m[1mLinking C shared module rosidl_generator_py/armkidd_interfaces/armkidd_interfaces_s__rosidl_typesupport_fastrtps_c.so[0m
[17.953s] [ 97%] Built target armkidd_interfaces_s__rosidl_typesupport_introspection_c
[17.979s] [100%] [32m[1mLinking C shared module rosidl_generator_py/armkidd_interfaces/armkidd_interfaces_s__rosidl_typesupport_c.so[0m
[17.999s] [100%] Built target armkidd_interfaces_s__rosidl_typesupport_fastrtps_c
[18.050s] [100%] Built target armkidd_interfaces_s__rosidl_typesupport_c
[18.086s] Invoked command in '/workspace/run/ros2_ws/build/armkidd_interfaces' returned '0': CMAKE_PREFIX_PATH=${CMAKE_PREFIX_PATH}:/opt/ros/jazzy /usr/bin/cmake --build /workspace/run/ros2_ws/build/armkidd_interfaces -- -j6 -l6
[18.087s] Invoking command in '/workspace/run/ros2_ws/build/armkidd_interfaces': CMAKE_PREFIX_PATH=${CMAKE_PREFIX_PATH}:/opt/ros/jazzy /usr/bin/cmake --install /workspace/run/ros2_ws/build/armkidd_interfaces
[18.116s] -- Install configuration: ""
[18.117s] -- Installing: /workspace/run/ros2_ws/install/armkidd_interfaces/share/ament_index/resource_index/rosidl_interfaces/armkidd_interfaces
[18.119s] -- Installing: /workspace/run/ros2_ws/install/armkidd_interfaces/share/armkidd_interfaces/msg/WorldTarget.json
[18.120s] -- Installing: /workspace/run/ros2_ws/install/armkidd_interfaces/share/armkidd_interfaces/srv/MarkImg.json
[18.121s] -- Up-to-date: /workspace/run/ros2_ws/install/armkidd_interfaces/include/armkidd_interfaces/armkidd_interfaces
[18.122s] -- Up-to-date: /workspace/run/ros2_ws/install/armkidd_interfaces/include/armkidd_interfaces/armkidd_interfaces/msg
[18.123s] -- Up-to-date: /workspace/run/ros2_ws/install/armkidd_interfaces/include/armkidd_interfaces/armkidd_interfaces/msg/armkidd_target.h
[18.124s] -- Up-to-date: /workspace/run/ros2_ws/install/armkidd_interfaces/include/armkidd_interfaces/armkidd_interfaces/msg/rosidl_generator_c__visibility_control.h
[18.124s] -- Installing: /workspace/run/ros2_ws/install/armkidd_interfaces/include/armkidd_interfaces/armkidd_interfaces/msg/world_target.h
[18.125s] -- Up-to-date: /workspace/run/ros2_ws/install/armkidd_interfaces/include/armkidd_interfaces/armkidd_interfaces/msg/detail
[18.126s] -- Installing: /workspace/run/ros2_ws/install/armkidd_interfaces/include/armkidd_interfaces/armkidd_interfaces/msg/detail/world_target__struct.h
[18.127s] -- Installing: /workspace/run/ros2_ws/install/armkidd_interfaces/include/armkidd_interfaces/armkidd_interfaces/msg/detail/world_target__type_support.c
[18.128s] -- Up-to-date: /workspace/run/ros2_ws/install/armkidd_interfaces/include/armkidd_interfaces/armkidd_interfaces/msg/detail/armkidd_target__type_support.h
[18.129s] -- Installing: /workspace/run/ros2_ws/install/armkidd_interfaces/include/armkidd_interfaces/armkidd_interfaces/msg/detail/world_target__functions.c
[18.130s] -- Up-to-date: /workspace/run/ros2_ws/install/armkidd_interfaces/include/armkidd_interfaces/armkidd_interfaces/msg/detail/armkidd_target__description.c
[18.131s] -- Installing: /workspace/run/ros2_ws/install/armkidd_interfaces/include/armkidd_interfaces/armkidd_interfaces/msg/detail/world_target__functions.h
[18.132s] -- Installing: /workspace/run/ros2_ws/install/armkidd_interfaces/include/armkidd_interfaces/armkidd_interfaces/msg/detail/world_target__type_support.h
[18.133s] -- Up-to-date: /workspace/run/ros2_ws/install/armkidd_interfaces/include/armkidd_interfaces/armkidd_interfaces/msg/detail/armkidd_target__functions.h
[18.134s] -- Installing: /workspace/run/ros2_ws/install/armkidd_interfaces/include/armkidd_interfaces/armkidd_interfaces/msg/detail/world_target__description.c
[18.135s] -- Up-to-date: /workspace/run/ros2_ws/install/armkidd_interfaces/include/armkidd_interfaces/armkidd_interfaces/msg/detail/armkidd_target__struct.h
[18.135s] -- Installing: /workspace/run/ros2_ws/install/armkidd_interfaces/include/armkidd_interfaces/armkidd_interfaces/msg/detail/armkidd_target__type_support.c
[18.136s] -- Up-to-date: /workspace/run/ros2_ws/install/armkidd_interfaces/include/armkidd_interfaces/armkidd_interfaces/msg/detail/armkidd_target__functions.c
[18.137s] -- Up-to-date: /workspace/run/ros2_ws/install/armkidd_interfaces/include/armkidd_interfaces/armkidd_interfaces/srv
[18.137s] -- Installing: /workspace/run/ros2_ws/install/armkidd_interfaces/include/armkidd_interfaces/armkidd_interfaces/srv/mark_img.h
[18.138s] -- Up-to-date: /workspace/run/ros2_ws/install/armkidd_interfaces/include/armkidd_interfaces/armkidd_interfaces/srv/detail
[18.139s] -- Installing: /workspace/run/ros2_ws/install/armkidd_interfaces/include/armkidd_interfaces/armkidd_interfaces/srv/detail/mark_img__type_support.c
[18.141s] -- Installing: /workspace/run/ros2_ws/install/armkidd_interfaces/include/armkidd_interfaces/armkidd_interfaces/srv/detail/mark_img__description.c
[18.143s] -- Installing: /workspace/run/ros2_ws/install/armkidd_interfaces/include/armkidd_interfaces/armkidd_interfaces/srv/detail/mark_img__struct.h
[18.143s] -- Installing: /workspace/run/ros2_ws/install/armkidd_interfaces/include/armkidd_interfaces/armkidd_interfaces/srv/detail/mark_img__type_support.h
[18.143s] -- Installing: /workspace/run/ros2_ws/install/armkidd_interfaces/include/armkidd_interfaces/armkidd_interfaces/srv/detail/mark_img__functions.c
[18.144s] -- Installing: /workspace/run/ros2_ws/install/armkidd_interfaces/include/armkidd_interfaces/armkidd_interfaces/srv/detail/mark_img__functions.h
[18.144s] -- Up-to-date: /workspace/run/ros2_ws/install/armkidd_interfaces/share/armkidd_interfaces/environment/library_path.sh
[18.145s] -- Up-to-date: /workspace/run/ros2_ws/install/armkidd_interfaces/share/armkidd_interfaces/environment/library_path.dsv
[18.145s] -- Installing: /workspace/run/ros2_ws/install/armkidd_interfaces/lib/libarmkidd_interfaces__rosidl_generator_c.so
[18.147s] -- Set non-toolchain portion of runtime path of "/workspace/run/ros2_ws/install/armkidd_interfaces/lib/libarmkidd_interfaces__rosidl_generator_c.so" to ""
[18.147s] -- Up-to-date: /workspace/run/ros2_ws/install/armkidd_interfaces/include/armkidd_interfaces/armkidd_interfaces
[18.148s] -- Up-to-date: /workspace/run/ros2_ws/install/armkidd_interfaces/include/armkidd_interfaces/armkidd_interfaces/msg
[18.148s] -- Up-to-date: /workspace/run/ros2_ws/install/armkidd_interfaces/include/armkidd_interfaces/armkidd_interfaces/msg/detail
[18.148s] -- Up-to-date: /workspace/run/ros2_ws/install/armkidd_interfaces/include/armkidd_interfaces/armkidd_interfaces/msg/detail/armkidd_target__rosidl_typesupport_fastrtps_c.h
[18.149s] -- Installing: /workspace/run/ros2_ws/install/armkidd_interfaces/include/armkidd_interfaces/armkidd_interfaces/msg/detail/world_target__rosidl_typesupport_fastrtps_c.h
[18.149s] -- Up-to-date: /workspace/run/ros2_ws/install/armkidd_interfaces/include/armkidd_interfaces/armkidd_interfaces/msg/rosidl_typesupport_fastrtps_c__visibility_control.h
[18.149s] -- Up-to-date: /workspace/run/ros2_ws/install/armkidd_interfaces/include/armkidd_interfaces/armkidd_interfaces/srv
[18.150s] -- Up-to-date: /workspace/run/ros2_ws/install/armkidd_interfaces/include/armkidd_interfaces/armkidd_interfaces/srv/detail
[18.150s] -- Installing: /workspace/run/ros2_ws/install/armkidd_interfaces/include/armkidd_interfaces/armkidd_interfaces/srv/detail/mark_img__rosidl_typesupport_fastrtps_c.h
[18.150s] -- Installing: /workspace/run/ros2_ws/install/armkidd_interfaces/lib/libarmkidd_interfaces__rosidl_typesupport_fastrtps_c.so
[18.150s] -- Set non-toolchain portion of runtime path of "/workspace/run/ros2_ws/install/armkidd_interfaces/lib/libarmkidd_interfaces__rosidl_typesupport_fastrtps_c.so" to ""
[18.151s] -- Up-to-date: /workspace/run/ros2_ws/install/armkidd_interfaces/include/armkidd_interfaces/armkidd_interfaces
[18.151s] -- Up-to-date: /workspace/run/ros2_ws/install/armkidd_interfaces/include/armkidd_interfaces/armkidd_interfaces/msg
[18.151s] -- Up-to-date: /workspace/run/ros2_ws/install/armkidd_interfaces/include/armkidd_interfaces/armkidd_interfaces/msg/detail
[18.152s] -- Installing: /workspace/run/ros2_ws/install/armkidd_interfaces/include/armkidd_interfaces/armkidd_interfaces/msg/detail/world_target__type_support.c
[18.152s] -- Installing: /workspace/run/ros2_ws/install/armkidd_interfaces/include/armkidd_interfaces/armkidd_interfaces/msg/detail/world_target__rosidl_typesupport_introspection_c.h
[18.152s] -- Installing: /workspace/run/ros2_ws/install/armkidd_interfaces/include/armkidd_interfaces/armkidd_interfaces/msg/detail/armkidd_target__type_support.c
[18.152s] -- Up-to-date: /workspace/run/ros2_ws/install/armkidd_interfaces/include/armkidd_interfaces/armkidd_interfaces/msg/detail/armkidd_target__rosidl_typesupport_introspection_c.h
[18.153s] -- Up-to-date: /workspace/run/ros2_ws/install/armkidd_interfaces/include/armkidd_interfaces/armkidd_interfaces/msg/rosidl_typesupport_introspection_c__visibility_control.h
[18.153s] -- Up-to-date: /workspace/run/ros2_ws/install/armkidd_interfaces/include/armkidd_interfaces/armkidd_interfaces/srv
[18.153s] -- Up-to-date: /workspace/run/ros2_ws/install/armkidd_interfaces/include/armkidd_interfaces/armkidd_interfaces/srv/detail
[18.153s] -- Installing: /workspace/run/ros2_ws/install/armkidd_interfaces/include/armkidd_interfaces/armkidd_interfaces/srv/detail/mark_img__type_support.c
[18.154s] -- Installing: /workspace/run/ros2_ws/install/armkidd_interfaces/include/armkidd_interfaces/armkidd_interfaces/srv/detail/mark_img__rosidl_typesupport_introspection_c.h
[18.154s] -- Installing: /workspace/run/ros2_ws/install/armkidd_interfaces/lib/libarmkidd_interfaces__rosidl_typesupport_introspection_c.so
[18.155s] -- Set non-toolchain portion of runtime path of "/workspace/run/ros2_ws/install/armkidd_interfaces/lib/libarmkidd_interfaces__rosidl_typesupport_introspection_c.so" to ""
[18.155s] -- Installing: /workspace/run/ros2_ws/install/armkidd_interfaces/lib/libarmkidd_interfaces__rosidl_typesupport_c.so
[18.155s] -- Set non-toolchain portion of runtime path of "/workspace/run/ros2_ws/install/armkidd_interfaces/lib/libarmkidd_interfaces__rosidl_typesupport_c.so" to ""
[18.156s] -- Up-to-date: /workspace/run/ros2_ws/install/armkidd_interfaces/include/armkidd_interfaces/armkidd_interfaces
[18.156s] -- Up-to-date: /workspace/run/ros2_ws/install/armkidd_interfaces/include/armkidd_interfaces/armkidd_interfaces/msg
[18.157s] -- Installing: /workspace/run/ros2_ws/install/armkidd_interfaces/include/armkidd_interfaces/armkidd_interfaces/msg/world_target.hpp
[18.157s] -- Installing: /workspace/run/ros2_ws/install/armkidd_interfaces/include/armkidd_interfaces/armkidd_interfaces/msg/rosidl_generator_cpp__visibility_control.hpp
[18.157s] -- Up-to-date: /workspace/run/ros2_ws/install/armkidd_interfaces/include/armkidd_interfaces/armkidd_interfaces/msg/detail
[18.158s] -- Up-to-date: /workspace/run/ros2_ws/install/armkidd_interfaces/include/armkidd_interfaces/armkidd_interfaces/msg/detail/armkidd_target__struct.hpp
[18.158s] -- Installing: /workspace/run/ros2_ws/install/armkidd_interfaces/include/armkidd_interfaces/armkidd_interfaces/msg/detail/world_target__type_support.hpp
[18.158s] -- Up-to-date: /workspace/run/ros2_ws/install/armkidd_interfaces/include/armkidd_interfaces/armkidd_interfaces/msg/detail/armkidd_target__builder.hpp
[18.159s] -- Installing: /workspace/run/ros2_ws/install/armkidd_interfaces/include/armkidd_interfaces/armkidd_interfaces/msg/detail/world_target__traits.hpp
[18.159s] -- Installing: /workspace/run/ros2_ws/install/armkidd_interfaces/include/armkidd_interfaces/armkidd_interfaces/msg/detail/world_target__struct.hpp
[18.160s] -- Up-to-date: /workspace/run/ros2_ws/install/armkidd_interfaces/include/armkidd_interfaces/armkidd_interfaces/msg/detail/armkidd_target__type_support.hpp
[18.160s] -- Installing: /workspace/run/ros2_ws/install/armkidd_interfaces/include/armkidd_interfaces/armkidd_interfaces/msg/detail/world_target__builder.hpp
[18.160s] -- Up-to-date: /workspace/run/ros2_ws/install/armkidd_interfaces/include/armkidd_interfaces/armkidd_interfaces/msg/detail/armkidd_target__traits.hpp
[18.161s] -- Up-to-date: /workspace/run/ros2_ws/install/armkidd_interfaces/include/armkidd_interfaces/armkidd_interfaces/msg/armkidd_target.hpp
[18.161s] -- Up-to-date: /workspace/run/ros2_ws/install/armkidd_interfaces/include/armkidd_interfaces/armkidd_interfaces/srv
[18.161s] -- Installing: /workspace/run/ros2_ws/install/armkidd_interfaces/include/armkidd_interfaces/armkidd_interfaces/srv/mark_img.hpp
[18.161s] -- Up-to-date: /workspace/run/ros2_ws/install/armkidd_interfaces/include/armkidd_interfaces/armkidd_interfaces/srv/detail
[18.162s] -- Installing: /workspace/run/ros2_ws/install/armkidd_interfaces/include/armkidd_interfaces/armkidd_interfaces/srv/detail/mark_img__traits.hpp
[18.162s] -- Installing: /workspace/run/ros2_ws/install/armkidd_interfaces/include/armkidd_interfaces/armkidd_interfaces/srv/detail/mark_img__type_support.hpp
[18.163s] -- Installing: /workspace/run/ros2_ws/install/armkidd_interfaces/include/armkidd_interfaces/armkidd_interfaces/srv/detail/mark_img__struct.hpp
[18.163s] -- Installing: /workspace/run/ros2_ws/install/armkidd_interfaces/include/armkidd_interfaces/armkidd_interfaces/srv/detail/mark_img__builder.hpp
[18.163s] -- Up-to-date: /workspace/run/ros2_ws/install/armkidd_interfaces/include/armkidd_interfaces/armkidd_interfaces
[18.164s] -- Up-to-date: /workspace/run/ros2_ws/install/armkidd_interfaces/include/armkidd_interfaces/armkidd_interfaces/msg
[18.164s] -- Up-to-date: /workspace/run/ros2_ws/install/armkidd_interfaces/include/armkidd_interfaces/armkidd_interfaces/msg/detail
[18.164s] -- Installing: /workspace/run/ros2_ws/install/armkidd_interfaces/include/armkidd_interfaces/armkidd_interfaces/msg/detail/world_target__rosidl_typesupport_fastrtps_cpp.hpp
[18.165s] -- Up-to-date: /workspace/run/ros2_ws/install/armkidd_interfaces/include/armkidd_interfaces/armkidd_interfaces/msg/detail/armkidd_target__rosidl_typesupport_fastrtps_cpp.hpp
[18.165s] -- Up-to-date: /workspace/run/ros2_ws/install/armkidd_interfaces/include/armkidd_interfaces/armkidd_interfaces/msg/detail/dds_fastrtps
[18.165s] -- Up-to-date: /workspace/run/ros2_ws/install/armkidd_interfaces/include/armkidd_interfaces/armkidd_interfaces/msg/rosidl_typesupport_fastrtps_cpp__visibility_control.h
[18.165s] -- Up-to-date: /workspace/run/ros2_ws/install/armkidd_interfaces/include/armkidd_interfaces/armkidd_interfaces/srv
[18.166s] -- Up-to-date: /workspace/run/ros2_ws/install/armkidd_interfaces/include/armkidd_interfaces/armkidd_interfaces/srv/detail
[18.166s] -- Installing: /workspace/run/ros2_ws/install/armkidd_interfaces/include/armkidd_interfaces/armkidd_interfaces/srv/detail/mark_img__rosidl_typesupport_fastrtps_cpp.hpp
[18.166s] -- Up-to-date: /workspace/run/ros2_ws/install/armkidd_interfaces/include/armkidd_interfaces/armkidd_interfaces/srv/detail/dds_fastrtps
[18.167s] -- Installing: /workspace/run/ros2_ws/install/armkidd_interfaces/lib/libarmkidd_interfaces__rosidl_typesupport_fastrtps_cpp.so
[18.167s] -- Set non-toolchain portion of runtime path of "/workspace/run/ros2_ws/install/armkidd_interfaces/lib/libarmkidd_interfaces__rosidl_typesupport_fastrtps_cpp.so" to ""
[18.167s] -- Up-to-date: /workspace/run/ros2_ws/install/armkidd_interfaces/include/armkidd_interfaces/armkidd_interfaces
[18.168s] -- Up-to-date: /workspace/run/ros2_ws/install/armkidd_interfaces/include/armkidd_interfaces/armkidd_interfaces/msg
[18.168s] -- Up-to-date: /workspace/run/ros2_ws/install/armkidd_interfaces/include/armkidd_interfaces/armkidd_interfaces/msg/detail
[18.168s] -- Installing: /workspace/run/ros2_ws/install/armkidd_interfaces/include/armkidd_interfaces/armkidd_interfaces/msg/detail/world_target__rosidl_typesupport_introspection_cpp.hpp
[18.168s] -- Up-to-date: /workspace/run/ros2_ws/install/armkidd_interfaces/include/armkidd_interfaces/armkidd_interfaces/msg/detail/armkidd_target__rosidl_typesupport_introspection_cpp.hpp
[18.168s] -- Installing: /workspace/run/ros2_ws/install/armkidd_interfaces/include/armkidd_interfaces/armkidd_interfaces/msg/detail/world_target__type_support.cpp
[18.169s] -- Up-to-date: /workspace/run/ros2_ws/install/armkidd_interfaces/include/armkidd_interfaces/armkidd_interfaces/msg/detail/armkidd_target__type_support.cpp
[18.169s] -- Up-to-date: /workspace/run/ros2_ws/install/armkidd_interfaces/include/armkidd_interfaces/armkidd_interfaces/srv
[18.169s] -- Up-to-date: /workspace/run/ros2_ws/install/armkidd_interfaces/include/armkidd_interfaces/armkidd_interfaces/srv/detail
[18.170s] -- Installing: /workspace/run/ros2_ws/install/armkidd_interfaces/include/armkidd_interfaces/armkidd_interfaces/srv/detail/mark_img__type_support.cpp
[18.170s] -- Installing: /workspace/run/ros2_ws/install/armkidd_interfaces/include/armkidd_interfaces/armkidd_interfaces/srv/detail/mark_img__rosidl_typesupport_introspection_cpp.hpp
[18.170s] -- Installing: /workspace/run/ros2_ws/install/armkidd_interfaces/lib/libarmkidd_interfaces__rosidl_typesupport_introspection_cpp.so
[18.170s] -- Set non-toolchain portion of runtime path of "/workspace/run/ros2_ws/install/armkidd_interfaces/lib/libarmkidd_interfaces__rosidl_typesupport_introspection_cpp.so" to ""
[18.171s] -- Installing: /workspace/run/ros2_ws/install/armkidd_interfaces/lib/libarmkidd_interfaces__rosidl_typesupport_cpp.so
[18.171s] -- Set non-toolchain portion of runtime path of "/workspace/run/ros2_ws/install/armkidd_interfaces/lib/libarmkidd_interfaces__rosidl_typesupport_cpp.so" to ""
[18.171s] -- Up-to-date: /workspace/run/ros2_ws/install/armkidd_interfaces/share/armkidd_interfaces/environment/pythonpath.sh
[18.171s] -- Up-to-date: /workspace/run/ros2_ws/install/armkidd_interfaces/share/armkidd_interfaces/environment/pythonpath.dsv
[18.171s] -- Up-to-date: /workspace/run/ros2_ws/install/armkidd_interfaces/lib/python3.12/site-packages/armkidd_interfaces-0.0.0-py3.12.egg-info
[18.172s] -- Installing: /workspace/run/ros2_ws/install/armkidd_interfaces/lib/python3.12/site-packages/armkidd_interfaces-0.0.0-py3.12.egg-info/PKG-INFO
[18.172s] -- Installing: /workspace/run/ros2_ws/install/armkidd_interfaces/lib/python3.12/site-packages/armkidd_interfaces-0.0.0-py3.12.egg-info/top_level.txt
[18.172s] -- Installing: /workspace/run/ros2_ws/install/armkidd_interfaces/lib/python3.12/site-packages/armkidd_interfaces-0.0.0-py3.12.egg-info/dependency_links.txt
[18.173s] -- Installing: /workspace/run/ros2_ws/install/armkidd_interfaces/lib/python3.12/site-packages/armkidd_interfaces-0.0.0-py3.12.egg-info/SOURCES.txt
[18.173s] -- Up-to-date: /workspace/run/ros2_ws/install/armkidd_interfaces/lib/python3.12/site-packages/armkidd_interfaces
[18.174s] -- Up-to-date: /workspace/run/ros2_ws/install/armkidd_interfaces/lib/python3.12/site-packages/armkidd_interfaces/msg
[18.174s] -- Installing: /workspace/run/ros2_ws/install/armkidd_interfaces/lib/python3.12/site-packages/armkidd_interfaces/msg/_world_target_s.c
[18.175s] -- Up-to-date: /workspace/run/ros2_ws/install/armkidd_interfaces/lib/python3.12/site-packages/armkidd_interfaces/msg/_armkidd_target_s.c
[18.175s] -- Installing: /workspace/run/ros2_ws/install/armkidd_interfaces/lib/python3.12/site-packages/armkidd_interfaces/msg/_world_target.py
[18.175s] -- Installing: /workspace/run/ros2_ws/install/armkidd_interfaces/lib/python3.12/site-packages/armkidd_interfaces/msg/__init__.py
[18.175s] -- Up-to-date: /workspace/run/ros2_ws/install/armkidd_interfaces/lib/python3.12/site-packages/armkidd_interfaces/msg/_armkidd_target.py
[18.176s] -- Installing: /workspace/run/ros2_ws/install/armkidd_interfaces/lib/python3.12/site-packages/armkidd_interfaces/__init__.py
[18.176s] -- Installing: /workspace/run/ros2_ws/install/armkidd_interfaces/lib/python3.12/site-packages/armkidd_interfaces/_armkidd_interfaces_s.ep.rosidl_typesupport_fastrtps_c.c
[18.176s] -- Installing: /workspace/run/ros2_ws/install/armkidd_interfaces/lib/python3.12/site-packages/armkidd_interfaces/_armkidd_interfaces_s.ep.rosidl_typesupport_introspection_c.c
[18.176s] -- Installing: /workspace/run/ros2_ws/install/armkidd_interfaces/lib/python3.12/site-packages/armkidd_interfaces/armkidd_interfaces_s__rosidl_typesupport_fastrtps_c.so
[18.177s] -- Up-to-date: /workspace/run/ros2_ws/install/armkidd_interfaces/lib/python3.12/site-packages/armkidd_interfaces/srv
[18.177s] -- Installing: /workspace/run/ros2_ws/install/armkidd_interfaces/lib/python3.12/site-packages/armkidd_interfaces/srv/__init__.py
[18.178s] -- Installing: /workspace/run/ros2_ws/install/armkidd_interfaces/lib/python3.12/site-packages/armkidd_interfaces/srv/_mark_img_s.c
[18.178s] -- Installing: /workspace/run/ros2_ws/install/armkidd_interfaces/lib/python3.12/site-packages/armkidd_interfaces/srv/_mark_img.py
[18.179s] -- Installing: /workspace/run/ros2_ws/install/armkidd_interfaces/lib/python3.12/site-packages/armkidd_interfaces/armkidd_interfaces_s__rosidl_typesupport_c.so
[18.179s] -- Installing: /workspace/run/ros2_ws/install/armkidd_interfaces/lib/python3.12/site-packages/armkidd_interfaces/_armkidd_interfaces_s.ep.rosidl_typesupport_c.c
[18.179s] -- Installing: /workspace/run/ros2_ws/install/armkidd_interfaces/lib/python3.12/site-packages/armkidd_interfaces/armkidd_interfaces_s__rosidl_typesupport_introspection_c.so
[18.270s] Listing '/workspace/run/ros2_ws/install/armkidd_interfaces/lib/python3.12/site-packages/armkidd_interfaces'...
[18.273s] Compiling '/workspace/run/ros2_ws/install/armkidd_interfaces/lib/python3.12/site-packages/armkidd_interfaces/__init__.py'...
[18.274s] Listing '/workspace/run/ros2_ws/install/armkidd_interfaces/lib/python3.12/site-packages/armkidd_interfaces/msg'...
[18.274s] Compiling '/workspace/run/ros2_ws/install/armkidd_interfaces/lib/python3.12/site-packages/armkidd_interfaces/msg/__init__.py'...
[18.274s] Compiling '/workspace/run/ros2_ws/install/armkidd_interfaces/lib/python3.12/site-packages/armkidd_interfaces/msg/_world_target.py'...
[18.277s] Listing '/workspace/run/ros2_ws/install/armkidd_interfaces/lib/python3.12/site-packages/armkidd_interfaces/srv'...
[18.278s] Compiling '/workspace/run/ros2_ws/install/armkidd_interfaces/lib/python3.12/site-packages/armkidd_interfaces/srv/__init__.py'...
[18.281s] Compiling '/workspace/run/ros2_ws/install/armkidd_interfaces/lib/python3.12/site-packages/armkidd_interfaces/srv/_mark_img.py'...
[18.309s] -- Installing: /workspace/run/ros2_ws/install/armkidd_interfaces/lib/python3.12/site-packages/armkidd_interfaces/armkidd_interfaces_s__rosidl_typesupport_fastrtps_c.so
[18.310s] -- Set non-toolchain portion of runtime path of "/workspace/run/ros2_ws/install/armkidd_interfaces/lib/python3.12/site-packages/armkidd_interfaces/armkidd_interfaces_s__rosidl_typesupport_fastrtps_c.so" to ""
[18.310s] -- Installing: /workspace/run/ros2_ws/install/armkidd_interfaces/lib/python3.12/site-packages/armkidd_interfaces/armkidd_interfaces_s__rosidl_typesupport_introspection_c.so
[18.311s] -- Set non-toolchain portion of runtime path of "/workspace/run/ros2_ws/install/armkidd_interfaces/lib/python3.12/site-packages/armkidd_interfaces/armkidd_interfaces_s__rosidl_typesupport_introspection_c.so" to ""
[18.311s] -- Installing: /workspace/run/ros2_ws/install/armkidd_interfaces/lib/python3.12/site-packages/armkidd_interfaces/armkidd_interfaces_s__rosidl_typesupport_c.so
[18.312s] -- Set non-toolchain portion of runtime path of "/workspace/run/ros2_ws/install/armkidd_interfaces/lib/python3.12/site-packages/armkidd_interfaces/armkidd_interfaces_s__rosidl_typesupport_c.so" to ""
[18.313s] -- Installing: /workspace/run/ros2_ws/install/armkidd_interfaces/lib/libarmkidd_interfaces__rosidl_generator_py.so
[18.314s] -- Set non-toolchain portion of runtime path of "/workspace/run/ros2_ws/install/armkidd_interfaces/lib/libarmkidd_interfaces__rosidl_generator_py.so" to ""
[18.316s] -- Installing: /workspace/run/ros2_ws/install/armkidd_interfaces/share/armkidd_interfaces/msg/WorldTarget.idl
[18.317s] -- Up-to-date: /workspace/run/ros2_ws/install/armkidd_interfaces/share/armkidd_interfaces/srv/MarkImg.idl
[18.317s] -- Installing: /workspace/run/ros2_ws/install/armkidd_interfaces/share/armkidd_interfaces/msg/WorldTarget.msg
[18.317s] -- Up-to-date: /workspace/run/ros2_ws/install/armkidd_interfaces/share/armkidd_interfaces/srv/MarkImg.srv
[18.318s] -- Up-to-date: /workspace/run/ros2_ws/install/armkidd_interfaces/share/armkidd_interfaces/msg
[18.319s] -- Up-to-date: /workspace/run/ros2_ws/install/armkidd_interfaces/share/armkidd_interfaces/msg/WorldTarget.msg
[18.319s] -- Up-to-date: /workspace/run/ros2_ws/install/armkidd_interfaces/share/armkidd_interfaces/srv
[18.320s] -- Up-to-date: /workspace/run/ros2_ws/install/armkidd_interfaces/share/armkidd_interfaces/srv/MarkImg.srv
[18.321s] -- Up-to-date: /workspace/run/ros2_ws/install/armkidd_interfaces/share/ament_index/resource_index/package_run_dependencies/armkidd_interfaces
[18.321s] -- Installing: /workspace/run/ros2_ws/install/armkidd_interfaces/share/ament_index/resource_index/parent_prefix_path/armkidd_interfaces
[18.321s] -- Up-to-date: /workspace/run/ros2_ws/install/armkidd_interfaces/share/armkidd_interfaces/environment/ament_prefix_path.sh
[18.321s] -- Up-to-date: /workspace/run/ros2_ws/install/armkidd_interfaces/share/armkidd_interfaces/environment/ament_prefix_path.dsv
[18.321s] -- Up-to-date: /workspace/run/ros2_ws/install/armkidd_interfaces/share/armkidd_interfaces/environment/path.sh
[18.322s] -- Up-to-date: /workspace/run/ros2_ws/install/armkidd_interfaces/share/armkidd_interfaces/environment/path.dsv
[18.322s] -- Up-to-date: /workspace/run/ros2_ws/install/armkidd_interfaces/share/armkidd_interfaces/local_setup.bash
[18.322s] -- Up-to-date: /workspace/run/ros2_ws/install/armkidd_interfaces/share/armkidd_interfaces/local_setup.sh
[18.322s] -- Up-to-date: /workspace/run/ros2_ws/install/armkidd_interfaces/share/armkidd_interfaces/local_setup.zsh
[18.322s] -- Up-to-date: /workspace/run/ros2_ws/install/armkidd_interfaces/share/armkidd_interfaces/local_setup.dsv
[18.323s] -- Installing: /workspace/run/ros2_ws/install/armkidd_interfaces/share/armkidd_interfaces/package.dsv
[18.323s] -- Up-to-date: /workspace/run/ros2_ws/install/armkidd_interfaces/share/ament_index/resource_index/packages/armkidd_interfaces
[18.323s] -- Up-to-date: /workspace/run/ros2_ws/install/armkidd_interfaces/share/armkidd_interfaces/cmake/export_armkidd_interfaces__rosidl_generator_cExport.cmake
[18.324s] -- Up-to-date: /workspace/run/ros2_ws/install/armkidd_interfaces/share/armkidd_interfaces/cmake/export_armkidd_interfaces__rosidl_generator_cExport-noconfig.cmake
[18.324s] -- Up-to-date: /workspace/run/ros2_ws/install/armkidd_interfaces/share/armkidd_interfaces/cmake/export_armkidd_interfaces__rosidl_typesupport_fastrtps_cExport.cmake
[18.324s] -- Up-to-date: /workspace/run/ros2_ws/install/armkidd_interfaces/share/armkidd_interfaces/cmake/export_armkidd_interfaces__rosidl_typesupport_fastrtps_cExport-noconfig.cmake
[18.324s] -- Up-to-date: /workspace/run/ros2_ws/install/armkidd_interfaces/share/armkidd_interfaces/cmake/armkidd_interfaces__rosidl_typesupport_introspection_cExport.cmake
[18.324s] -- Up-to-date: /workspace/run/ros2_ws/install/armkidd_interfaces/share/armkidd_interfaces/cmake/armkidd_interfaces__rosidl_typesupport_introspection_cExport-noconfig.cmake
[18.325s] -- Up-to-date: /workspace/run/ros2_ws/install/armkidd_interfaces/share/armkidd_interfaces/cmake/armkidd_interfaces__rosidl_typesupport_cExport.cmake
[18.325s] -- Up-to-date: /workspace/run/ros2_ws/install/armkidd_interfaces/share/armkidd_interfaces/cmake/armkidd_interfaces__rosidl_typesupport_cExport-noconfig.cmake
[18.325s] -- Up-to-date: /workspace/run/ros2_ws/install/armkidd_interfaces/share/armkidd_interfaces/cmake/export_armkidd_interfaces__rosidl_generator_cppExport.cmake
[18.325s] -- Up-to-date: /workspace/run/ros2_ws/install/armkidd_interfaces/share/armkidd_interfaces/cmake/export_armkidd_interfaces__rosidl_typesupport_fastrtps_cppExport.cmake
[18.325s] -- Up-to-date: /workspace/run/ros2_ws/install/armkidd_interfaces/share/armkidd_interfaces/cmake/export_armkidd_interfaces__rosidl_typesupport_fastrtps_cppExport-noconfig.cmake
[18.326s] -- Up-to-date: /workspace/run/ros2_ws/install/armkidd_interfaces/share/armkidd_interfaces/cmake/armkidd_interfaces__rosidl_typesupport_introspection_cppExport.cmake
[18.326s] -- Up-to-date: /workspace/run/ros2_ws/install/armkidd_interfaces/share/armkidd_interfaces/cmake/armkidd_interfaces__rosidl_typesupport_introspection_cppExport-noconfig.cmake
[18.341s] -- Up-to-date: /workspace/run/ros2_ws/install/armkidd_interfaces/share/armkidd_interfaces/cmake/armkidd_interfaces__rosidl_typesupport_cppExport.cmake
[18.342s] -- Up-to-date: /workspace/run/ros2_ws/install/armkidd_interfaces/share/armkidd_interfaces/cmake/armkidd_interfaces__rosidl_typesupport_cppExport-noconfig.cmake
[18.342s] -- Up-to-date: /workspace/run/ros2_ws/install/armkidd_interfaces/share/armkidd_interfaces/cmake/export_armkidd_interfaces__rosidl_generator_pyExport.cmake
[18.342s] -- Up-to-date: /workspace/run/ros2_ws/install/armkidd_interfaces/share/armkidd_interfaces/cmake/export_armkidd_interfaces__rosidl_generator_pyExport-noconfig.cmake
[18.342s] -- Installing: /workspace/run/ros2_ws/install/armkidd_interfaces/share/armkidd_interfaces/cmake/rosidl_cmake-extras.cmake
[18.342s] -- Up-to-date: /workspace/run/ros2_ws/install/armkidd_interfaces/share/armkidd_interfaces/cmake/ament_cmake_export_dependencies-extras.cmake
[18.343s] -- Up-to-date: /workspace/run/ros2_ws/install/armkidd_interfaces/share/armkidd_interfaces/cmake/ament_cmake_export_include_directories-extras.cmake
[18.343s] -- Up-to-date: /workspace/run/ros2_ws/install/armkidd_interfaces/share/armkidd_interfaces/cmake/ament_cmake_export_libraries-extras.cmake
[18.343s] -- Up-to-date: /workspace/run/ros2_ws/install/armkidd_interfaces/share/armkidd_interfaces/cmake/ament_cmake_export_targets-extras.cmake
[18.343s] -- Up-to-date: /workspace/run/ros2_ws/install/armkidd_interfaces/share/armkidd_interfaces/cmake/rosidl_cmake_export_typesupport_targets-extras.cmake
[18.343s] -- Up-to-date: /workspace/run/ros2_ws/install/armkidd_interfaces/share/armkidd_interfaces/cmake/rosidl_cmake_export_typesupport_libraries-extras.cmake
[18.344s] -- Up-to-date: /workspace/run/ros2_ws/install/armkidd_interfaces/share/armkidd_interfaces/cmake/armkidd_interfacesConfig.cmake
[18.344s] -- Up-to-date: /workspace/run/ros2_ws/install/armkidd_interfaces/share/armkidd_interfaces/cmake/armkidd_interfacesConfig-version.cmake
[18.344s] -- Up-to-date: /workspace/run/ros2_ws/install/armkidd_interfaces/share/armkidd_interfaces/package.xml
[18.344s] Invoked command in '/workspace/run/ros2_ws/build/armkidd_interfaces' returned '0': CMAKE_PREFIX_PATH=${CMAKE_PREFIX_PATH}:/opt/ros/jazzy /usr/bin/cmake --install /workspace/run/ros2_ws/build/armkidd_interfaces
