[0.033s] Invoking command in '/workspace/run/ros2_ws/build/armkidd_interfaces': CMAKE_PREFIX_PATH=${CMAKE_PREFIX_PATH}:/opt/ros/jazzy /usr/bin/cmake --build /workspace/run/ros2_ws/build/armkidd_interfaces -- -j6 -l6
[0.232s] [  2%] Built target armkidd_interfaces__rosidl_generator_type_description
[0.267s] [  2%] Built target ament_cmake_python_copy_armkidd_interfaces
[0.289s] [  4%] Built target armkidd_interfaces__cpp
[0.296s] [ 22%] Built target armkidd_interfaces__rosidl_generator_c
[0.398s] [ 31%] Built target armkidd_interfaces__rosidl_typesupport_cpp
[0.415s] [ 40%] Built target armkidd_interfaces__rosidl_typesupport_fastrtps_cpp
[0.424s] [ 50%] Built target armkidd_interfaces__rosidl_typesupport_fastrtps_c
[0.436s] [ 59%] Built target armkidd_interfaces__rosidl_typesupport_introspection_c
[0.441s] [ 68%] Built target armkidd_interfaces__rosidl_typesupport_c
[0.489s] [ 77%] Built target armkidd_interfaces__rosidl_typesupport_introspection_cpp
[0.543s] [ 77%] Built target armkidd_interfaces
[0.596s] [ 79%] Built target armkidd_interfaces__py
[0.656s] [ 86%] Built target armkidd_interfaces__rosidl_generator_py
[0.716s] [ 90%] Built target armkidd_interfaces_s__rosidl_typesupport_fastrtps_c
[0.744s] [ 95%] Built target armkidd_interfaces_s__rosidl_typesupport_c
[0.754s] [100%] Built target armkidd_interfaces_s__rosidl_typesupport_introspection_c
[0.894s] running egg_info
[0.923s] writing armkidd_interfaces.egg-info/PKG-INFO
[0.924s] writing dependency_links to armkidd_interfaces.egg-info/dependency_links.txt
[0.925s] writing top-level names to armkidd_interfaces.egg-info/top_level.txt
[1.016s] reading manifest file 'armkidd_interfaces.egg-info/SOURCES.txt'
[1.019s] writing manifest file 'armkidd_interfaces.egg-info/SOURCES.txt'
[1.121s] [100%] Built target ament_cmake_python_build_armkidd_interfaces_egg
[1.149s] Invoked command in '/workspace/run/ros2_ws/build/armkidd_interfaces' returned '0': CMAKE_PREFIX_PATH=${CMAKE_PREFIX_PATH}:/opt/ros/jazzy /usr/bin/cmake --build /workspace/run/ros2_ws/build/armkidd_interfaces -- -j6 -l6
[1.174s] Invoking command in '/workspace/run/ros2_ws/build/armkidd_interfaces': CMAKE_PREFIX_PATH=${CMAKE_PREFIX_PATH}:/opt/ros/jazzy /usr/bin/cmake --install /workspace/run/ros2_ws/build/armkidd_interfaces
[1.197s] -- Install configuration: ""
[1.198s] -- Up-to-date: /workspace/run/ros2_ws/install/armkidd_interfaces/share/ament_index/resource_index/rosidl_interfaces/armkidd_interfaces
[1.199s] -- Up-to-date: /workspace/run/ros2_ws/install/armkidd_interfaces/share/armkidd_interfaces/msg/WorldTarget.json
[1.199s] -- Up-to-date: /workspace/run/ros2_ws/install/armkidd_interfaces/share/armkidd_interfaces/srv/MarkImg.json
[1.200s] -- Up-to-date: /workspace/run/ros2_ws/install/armkidd_interfaces/include/armkidd_interfaces/armkidd_interfaces
[1.200s] -- Up-to-date: /workspace/run/ros2_ws/install/armkidd_interfaces/include/armkidd_interfaces/armkidd_interfaces/msg
[1.200s] -- Up-to-date: /workspace/run/ros2_ws/install/armkidd_interfaces/include/armkidd_interfaces/armkidd_interfaces/msg/armkidd_target.h
[1.200s] -- Up-to-date: /workspace/run/ros2_ws/install/armkidd_interfaces/include/armkidd_interfaces/armkidd_interfaces/msg/rosidl_generator_c__visibility_control.h
[1.202s] -- Up-to-date: /workspace/run/ros2_ws/install/armkidd_interfaces/include/armkidd_interfaces/armkidd_interfaces/msg/world_target.h
[1.202s] -- Up-to-date: /workspace/run/ros2_ws/install/armkidd_interfaces/include/armkidd_interfaces/armkidd_interfaces/msg/detail
[1.202s] -- Up-to-date: /workspace/run/ros2_ws/install/armkidd_interfaces/include/armkidd_interfaces/armkidd_interfaces/msg/detail/world_target__struct.h
[1.203s] -- Installing: /workspace/run/ros2_ws/install/armkidd_interfaces/include/armkidd_interfaces/armkidd_interfaces/msg/detail/world_target__type_support.c
[1.204s] -- Up-to-date: /workspace/run/ros2_ws/install/armkidd_interfaces/include/armkidd_interfaces/armkidd_interfaces/msg/detail/armkidd_target__type_support.h
[1.205s] -- Up-to-date: /workspace/run/ros2_ws/install/armkidd_interfaces/include/armkidd_interfaces/armkidd_interfaces/msg/detail/world_target__functions.c
[1.205s] -- Up-to-date: /workspace/run/ros2_ws/install/armkidd_interfaces/include/armkidd_interfaces/armkidd_interfaces/msg/detail/armkidd_target__description.c
[1.205s] -- Up-to-date: /workspace/run/ros2_ws/install/armkidd_interfaces/include/armkidd_interfaces/armkidd_interfaces/msg/detail/world_target__functions.h
[1.205s] -- Up-to-date: /workspace/run/ros2_ws/install/armkidd_interfaces/include/armkidd_interfaces/armkidd_interfaces/msg/detail/world_target__type_support.h
[1.205s] -- Up-to-date: /workspace/run/ros2_ws/install/armkidd_interfaces/include/armkidd_interfaces/armkidd_interfaces/msg/detail/armkidd_target__functions.h
[1.205s] -- Up-to-date: /workspace/run/ros2_ws/install/armkidd_interfaces/include/armkidd_interfaces/armkidd_interfaces/msg/detail/world_target__description.c
[1.206s] -- Up-to-date: /workspace/run/ros2_ws/install/armkidd_interfaces/include/armkidd_interfaces/armkidd_interfaces/msg/detail/armkidd_target__struct.h
[1.206s] -- Installing: /workspace/run/ros2_ws/install/armkidd_interfaces/include/armkidd_interfaces/armkidd_interfaces/msg/detail/armkidd_target__type_support.c
[1.206s] -- Up-to-date: /workspace/run/ros2_ws/install/armkidd_interfaces/include/armkidd_interfaces/armkidd_interfaces/msg/detail/armkidd_target__functions.c
[1.206s] -- Up-to-date: /workspace/run/ros2_ws/install/armkidd_interfaces/include/armkidd_interfaces/armkidd_interfaces/srv
[1.207s] -- Up-to-date: /workspace/run/ros2_ws/install/armkidd_interfaces/include/armkidd_interfaces/armkidd_interfaces/srv/mark_img.h
[1.207s] -- Up-to-date: /workspace/run/ros2_ws/install/armkidd_interfaces/include/armkidd_interfaces/armkidd_interfaces/srv/detail
[1.207s] -- Installing: /workspace/run/ros2_ws/install/armkidd_interfaces/include/armkidd_interfaces/armkidd_interfaces/srv/detail/mark_img__type_support.c
[1.207s] -- Up-to-date: /workspace/run/ros2_ws/install/armkidd_interfaces/include/armkidd_interfaces/armkidd_interfaces/srv/detail/mark_img__description.c
[1.207s] -- Up-to-date: /workspace/run/ros2_ws/install/armkidd_interfaces/include/armkidd_interfaces/armkidd_interfaces/srv/detail/mark_img__struct.h
[1.207s] -- Up-to-date: /workspace/run/ros2_ws/install/armkidd_interfaces/include/armkidd_interfaces/armkidd_interfaces/srv/detail/mark_img__type_support.h
[1.208s] -- Up-to-date: /workspace/run/ros2_ws/install/armkidd_interfaces/include/armkidd_interfaces/armkidd_interfaces/srv/detail/mark_img__functions.c
[1.208s] -- Up-to-date: /workspace/run/ros2_ws/install/armkidd_interfaces/include/armkidd_interfaces/armkidd_interfaces/srv/detail/mark_img__functions.h
[1.208s] -- Up-to-date: /workspace/run/ros2_ws/install/armkidd_interfaces/share/armkidd_interfaces/environment/library_path.sh
[1.208s] -- Up-to-date: /workspace/run/ros2_ws/install/armkidd_interfaces/share/armkidd_interfaces/environment/library_path.dsv
[1.209s] -- Up-to-date: /workspace/run/ros2_ws/install/armkidd_interfaces/lib/libarmkidd_interfaces__rosidl_generator_c.so
[1.209s] -- Up-to-date: /workspace/run/ros2_ws/install/armkidd_interfaces/include/armkidd_interfaces/armkidd_interfaces
[1.209s] -- Up-to-date: /workspace/run/ros2_ws/install/armkidd_interfaces/include/armkidd_interfaces/armkidd_interfaces/msg
[1.209s] -- Up-to-date: /workspace/run/ros2_ws/install/armkidd_interfaces/include/armkidd_interfaces/armkidd_interfaces/msg/detail
[1.209s] -- Up-to-date: /workspace/run/ros2_ws/install/armkidd_interfaces/include/armkidd_interfaces/armkidd_interfaces/msg/detail/armkidd_target__rosidl_typesupport_fastrtps_c.h
[1.210s] -- Up-to-date: /workspace/run/ros2_ws/install/armkidd_interfaces/include/armkidd_interfaces/armkidd_interfaces/msg/detail/world_target__rosidl_typesupport_fastrtps_c.h
[1.210s] -- Up-to-date: /workspace/run/ros2_ws/install/armkidd_interfaces/include/armkidd_interfaces/armkidd_interfaces/msg/rosidl_typesupport_fastrtps_c__visibility_control.h
[1.210s] -- Up-to-date: /workspace/run/ros2_ws/install/armkidd_interfaces/include/armkidd_interfaces/armkidd_interfaces/srv
[1.210s] -- Up-to-date: /workspace/run/ros2_ws/install/armkidd_interfaces/include/armkidd_interfaces/armkidd_interfaces/srv/detail
[1.210s] -- Up-to-date: /workspace/run/ros2_ws/install/armkidd_interfaces/include/armkidd_interfaces/armkidd_interfaces/srv/detail/mark_img__rosidl_typesupport_fastrtps_c.h
[1.211s] -- Up-to-date: /workspace/run/ros2_ws/install/armkidd_interfaces/lib/libarmkidd_interfaces__rosidl_typesupport_fastrtps_c.so
[1.211s] -- Up-to-date: /workspace/run/ros2_ws/install/armkidd_interfaces/include/armkidd_interfaces/armkidd_interfaces
[1.211s] -- Up-to-date: /workspace/run/ros2_ws/install/armkidd_interfaces/include/armkidd_interfaces/armkidd_interfaces/msg
[1.211s] -- Up-to-date: /workspace/run/ros2_ws/install/armkidd_interfaces/include/armkidd_interfaces/armkidd_interfaces/msg/detail
[1.211s] -- Installing: /workspace/run/ros2_ws/install/armkidd_interfaces/include/armkidd_interfaces/armkidd_interfaces/msg/detail/world_target__type_support.c
[1.211s] -- Up-to-date: /workspace/run/ros2_ws/install/armkidd_interfaces/include/armkidd_interfaces/armkidd_interfaces/msg/detail/world_target__rosidl_typesupport_introspection_c.h
[1.212s] -- Installing: /workspace/run/ros2_ws/install/armkidd_interfaces/include/armkidd_interfaces/armkidd_interfaces/msg/detail/armkidd_target__type_support.c
[1.212s] -- Up-to-date: /workspace/run/ros2_ws/install/armkidd_interfaces/include/armkidd_interfaces/armkidd_interfaces/msg/detail/armkidd_target__rosidl_typesupport_introspection_c.h
[1.212s] -- Up-to-date: /workspace/run/ros2_ws/install/armkidd_interfaces/include/armkidd_interfaces/armkidd_interfaces/msg/rosidl_typesupport_introspection_c__visibility_control.h
[1.212s] -- Up-to-date: /workspace/run/ros2_ws/install/armkidd_interfaces/include/armkidd_interfaces/armkidd_interfaces/srv
[1.213s] -- Up-to-date: /workspace/run/ros2_ws/install/armkidd_interfaces/include/armkidd_interfaces/armkidd_interfaces/srv/detail
[1.213s] -- Installing: /workspace/run/ros2_ws/install/armkidd_interfaces/include/armkidd_interfaces/armkidd_interfaces/srv/detail/mark_img__type_support.c
[1.213s] -- Up-to-date: /workspace/run/ros2_ws/install/armkidd_interfaces/include/armkidd_interfaces/armkidd_interfaces/srv/detail/mark_img__rosidl_typesupport_introspection_c.h
[1.214s] -- Up-to-date: /workspace/run/ros2_ws/install/armkidd_interfaces/lib/libarmkidd_interfaces__rosidl_typesupport_introspection_c.so
[1.214s] -- Up-to-date: /workspace/run/ros2_ws/install/armkidd_interfaces/lib/libarmkidd_interfaces__rosidl_typesupport_c.so
[1.214s] -- Up-to-date: /workspace/run/ros2_ws/install/armkidd_interfaces/include/armkidd_interfaces/armkidd_interfaces
[1.214s] -- Up-to-date: /workspace/run/ros2_ws/install/armkidd_interfaces/include/armkidd_interfaces/armkidd_interfaces/msg
[1.215s] -- Up-to-date: /workspace/run/ros2_ws/install/armkidd_interfaces/include/armkidd_interfaces/armkidd_interfaces/msg/world_target.hpp
[1.215s] -- Up-to-date: /workspace/run/ros2_ws/install/armkidd_interfaces/include/armkidd_interfaces/armkidd_interfaces/msg/rosidl_generator_cpp__visibility_control.hpp
[1.215s] -- Up-to-date: /workspace/run/ros2_ws/install/armkidd_interfaces/include/armkidd_interfaces/armkidd_interfaces/msg/detail
[1.215s] -- Up-to-date: /workspace/run/ros2_ws/install/armkidd_interfaces/include/armkidd_interfaces/armkidd_interfaces/msg/detail/armkidd_target__struct.hpp
[1.215s] -- Up-to-date: /workspace/run/ros2_ws/install/armkidd_interfaces/include/armkidd_interfaces/armkidd_interfaces/msg/detail/world_target__type_support.hpp
[1.215s] -- Up-to-date: /workspace/run/ros2_ws/install/armkidd_interfaces/include/armkidd_interfaces/armkidd_interfaces/msg/detail/armkidd_target__builder.hpp
[1.216s] -- Up-to-date: /workspace/run/ros2_ws/install/armkidd_interfaces/include/armkidd_interfaces/armkidd_interfaces/msg/detail/world_target__traits.hpp
[1.216s] -- Up-to-date: /workspace/run/ros2_ws/install/armkidd_interfaces/include/armkidd_interfaces/armkidd_interfaces/msg/detail/world_target__struct.hpp
[1.216s] -- Up-to-date: /workspace/run/ros2_ws/install/armkidd_interfaces/include/armkidd_interfaces/armkidd_interfaces/msg/detail/armkidd_target__type_support.hpp
[1.216s] -- Up-to-date: /workspace/run/ros2_ws/install/armkidd_interfaces/include/armkidd_interfaces/armkidd_interfaces/msg/detail/world_target__builder.hpp
[1.217s] -- Up-to-date: /workspace/run/ros2_ws/install/armkidd_interfaces/include/armkidd_interfaces/armkidd_interfaces/msg/detail/armkidd_target__traits.hpp
[1.217s] -- Up-to-date: /workspace/run/ros2_ws/install/armkidd_interfaces/include/armkidd_interfaces/armkidd_interfaces/msg/armkidd_target.hpp
[1.217s] -- Up-to-date: /workspace/run/ros2_ws/install/armkidd_interfaces/include/armkidd_interfaces/armkidd_interfaces/srv
[1.217s] -- Up-to-date: /workspace/run/ros2_ws/install/armkidd_interfaces/include/armkidd_interfaces/armkidd_interfaces/srv/mark_img.hpp
[1.217s] -- Up-to-date: /workspace/run/ros2_ws/install/armkidd_interfaces/include/armkidd_interfaces/armkidd_interfaces/srv/detail
[1.217s] -- Up-to-date: /workspace/run/ros2_ws/install/armkidd_interfaces/include/armkidd_interfaces/armkidd_interfaces/srv/detail/mark_img__traits.hpp
[1.218s] -- Up-to-date: /workspace/run/ros2_ws/install/armkidd_interfaces/include/armkidd_interfaces/armkidd_interfaces/srv/detail/mark_img__type_support.hpp
[1.218s] -- Up-to-date: /workspace/run/ros2_ws/install/armkidd_interfaces/include/armkidd_interfaces/armkidd_interfaces/srv/detail/mark_img__struct.hpp
[1.218s] -- Up-to-date: /workspace/run/ros2_ws/install/armkidd_interfaces/include/armkidd_interfaces/armkidd_interfaces/srv/detail/mark_img__builder.hpp
[1.219s] -- Up-to-date: /workspace/run/ros2_ws/install/armkidd_interfaces/include/armkidd_interfaces/armkidd_interfaces
[1.219s] -- Up-to-date: /workspace/run/ros2_ws/install/armkidd_interfaces/include/armkidd_interfaces/armkidd_interfaces/msg
[1.219s] -- Up-to-date: /workspace/run/ros2_ws/install/armkidd_interfaces/include/armkidd_interfaces/armkidd_interfaces/msg/detail
[1.220s] -- Up-to-date: /workspace/run/ros2_ws/install/armkidd_interfaces/include/armkidd_interfaces/armkidd_interfaces/msg/detail/world_target__rosidl_typesupport_fastrtps_cpp.hpp
[1.220s] -- Up-to-date: /workspace/run/ros2_ws/install/armkidd_interfaces/include/armkidd_interfaces/armkidd_interfaces/msg/detail/armkidd_target__rosidl_typesupport_fastrtps_cpp.hpp
[1.220s] -- Up-to-date: /workspace/run/ros2_ws/install/armkidd_interfaces/include/armkidd_interfaces/armkidd_interfaces/msg/detail/dds_fastrtps
[1.220s] -- Up-to-date: /workspace/run/ros2_ws/install/armkidd_interfaces/include/armkidd_interfaces/armkidd_interfaces/msg/rosidl_typesupport_fastrtps_cpp__visibility_control.h
[1.220s] -- Up-to-date: /workspace/run/ros2_ws/install/armkidd_interfaces/include/armkidd_interfaces/armkidd_interfaces/srv
[1.221s] -- Up-to-date: /workspace/run/ros2_ws/install/armkidd_interfaces/include/armkidd_interfaces/armkidd_interfaces/srv/detail
[1.221s] -- Up-to-date: /workspace/run/ros2_ws/install/armkidd_interfaces/include/armkidd_interfaces/armkidd_interfaces/srv/detail/mark_img__rosidl_typesupport_fastrtps_cpp.hpp
[1.221s] -- Up-to-date: /workspace/run/ros2_ws/install/armkidd_interfaces/include/armkidd_interfaces/armkidd_interfaces/srv/detail/dds_fastrtps
[1.221s] -- Up-to-date: /workspace/run/ros2_ws/install/armkidd_interfaces/lib/libarmkidd_interfaces__rosidl_typesupport_fastrtps_cpp.so
[1.221s] -- Up-to-date: /workspace/run/ros2_ws/install/armkidd_interfaces/include/armkidd_interfaces/armkidd_interfaces
[1.222s] -- Up-to-date: /workspace/run/ros2_ws/install/armkidd_interfaces/include/armkidd_interfaces/armkidd_interfaces/msg
[1.222s] -- Up-to-date: /workspace/run/ros2_ws/install/armkidd_interfaces/include/armkidd_interfaces/armkidd_interfaces/msg/detail
[1.222s] -- Up-to-date: /workspace/run/ros2_ws/install/armkidd_interfaces/include/armkidd_interfaces/armkidd_interfaces/msg/detail/world_target__rosidl_typesupport_introspection_cpp.hpp
[1.222s] -- Up-to-date: /workspace/run/ros2_ws/install/armkidd_interfaces/include/armkidd_interfaces/armkidd_interfaces/msg/detail/armkidd_target__rosidl_typesupport_introspection_cpp.hpp
[1.222s] -- Up-to-date: /workspace/run/ros2_ws/install/armkidd_interfaces/include/armkidd_interfaces/armkidd_interfaces/msg/detail/world_target__type_support.cpp
[1.222s] -- Up-to-date: /workspace/run/ros2_ws/install/armkidd_interfaces/include/armkidd_interfaces/armkidd_interfaces/msg/detail/armkidd_target__type_support.cpp
[1.223s] -- Up-to-date: /workspace/run/ros2_ws/install/armkidd_interfaces/include/armkidd_interfaces/armkidd_interfaces/srv
[1.223s] -- Up-to-date: /workspace/run/ros2_ws/install/armkidd_interfaces/include/armkidd_interfaces/armkidd_interfaces/srv/detail
[1.223s] -- Up-to-date: /workspace/run/ros2_ws/install/armkidd_interfaces/include/armkidd_interfaces/armkidd_interfaces/srv/detail/mark_img__type_support.cpp
[1.224s] -- Up-to-date: /workspace/run/ros2_ws/install/armkidd_interfaces/include/armkidd_interfaces/armkidd_interfaces/srv/detail/mark_img__rosidl_typesupport_introspection_cpp.hpp
[1.224s] -- Up-to-date: /workspace/run/ros2_ws/install/armkidd_interfaces/lib/libarmkidd_interfaces__rosidl_typesupport_introspection_cpp.so
[1.224s] -- Up-to-date: /workspace/run/ros2_ws/install/armkidd_interfaces/lib/libarmkidd_interfaces__rosidl_typesupport_cpp.so
[1.224s] -- Up-to-date: /workspace/run/ros2_ws/install/armkidd_interfaces/share/armkidd_interfaces/environment/pythonpath.sh
[1.224s] -- Up-to-date: /workspace/run/ros2_ws/install/armkidd_interfaces/share/armkidd_interfaces/environment/pythonpath.dsv
[1.224s] -- Up-to-date: /workspace/run/ros2_ws/install/armkidd_interfaces/lib/python3.12/site-packages/armkidd_interfaces-0.0.0-py3.12.egg-info
[1.225s] -- Installing: /workspace/run/ros2_ws/install/armkidd_interfaces/lib/python3.12/site-packages/armkidd_interfaces-0.0.0-py3.12.egg-info/PKG-INFO
[1.225s] -- Installing: /workspace/run/ros2_ws/install/armkidd_interfaces/lib/python3.12/site-packages/armkidd_interfaces-0.0.0-py3.12.egg-info/top_level.txt
[1.225s] -- Installing: /workspace/run/ros2_ws/install/armkidd_interfaces/lib/python3.12/site-packages/armkidd_interfaces-0.0.0-py3.12.egg-info/dependency_links.txt
[1.225s] -- Installing: /workspace/run/ros2_ws/install/armkidd_interfaces/lib/python3.12/site-packages/armkidd_interfaces-0.0.0-py3.12.egg-info/SOURCES.txt
[1.225s] -- Up-to-date: /workspace/run/ros2_ws/install/armkidd_interfaces/lib/python3.12/site-packages/armkidd_interfaces
[1.225s] -- Up-to-date: /workspace/run/ros2_ws/install/armkidd_interfaces/lib/python3.12/site-packages/armkidd_interfaces/msg
[1.226s] -- Up-to-date: /workspace/run/ros2_ws/install/armkidd_interfaces/lib/python3.12/site-packages/armkidd_interfaces/msg/_world_target_s.c
[1.226s] -- Up-to-date: /workspace/run/ros2_ws/install/armkidd_interfaces/lib/python3.12/site-packages/armkidd_interfaces/msg/_armkidd_target_s.c
[1.226s] -- Up-to-date: /workspace/run/ros2_ws/install/armkidd_interfaces/lib/python3.12/site-packages/armkidd_interfaces/msg/_world_target.py
[1.226s] -- Up-to-date: /workspace/run/ros2_ws/install/armkidd_interfaces/lib/python3.12/site-packages/armkidd_interfaces/msg/__init__.py
[1.226s] -- Up-to-date: /workspace/run/ros2_ws/install/armkidd_interfaces/lib/python3.12/site-packages/armkidd_interfaces/msg/_armkidd_target.py
[1.226s] -- Up-to-date: /workspace/run/ros2_ws/install/armkidd_interfaces/lib/python3.12/site-packages/armkidd_interfaces/__init__.py
[1.227s] -- Up-to-date: /workspace/run/ros2_ws/install/armkidd_interfaces/lib/python3.12/site-packages/armkidd_interfaces/_armkidd_interfaces_s.ep.rosidl_typesupport_fastrtps_c.c
[1.227s] -- Up-to-date: /workspace/run/ros2_ws/install/armkidd_interfaces/lib/python3.12/site-packages/armkidd_interfaces/_armkidd_interfaces_s.ep.rosidl_typesupport_introspection_c.c
[1.227s] -- Up-to-date: /workspace/run/ros2_ws/install/armkidd_interfaces/lib/python3.12/site-packages/armkidd_interfaces/armkidd_interfaces_s__rosidl_typesupport_fastrtps_c.so
[1.227s] -- Up-to-date: /workspace/run/ros2_ws/install/armkidd_interfaces/lib/python3.12/site-packages/armkidd_interfaces/srv
[1.227s] -- Up-to-date: /workspace/run/ros2_ws/install/armkidd_interfaces/lib/python3.12/site-packages/armkidd_interfaces/srv/__init__.py
[1.227s] -- Up-to-date: /workspace/run/ros2_ws/install/armkidd_interfaces/lib/python3.12/site-packages/armkidd_interfaces/srv/_mark_img_s.c
[1.228s] -- Up-to-date: /workspace/run/ros2_ws/install/armkidd_interfaces/lib/python3.12/site-packages/armkidd_interfaces/srv/_mark_img.py
[1.228s] -- Up-to-date: /workspace/run/ros2_ws/install/armkidd_interfaces/lib/python3.12/site-packages/armkidd_interfaces/armkidd_interfaces_s__rosidl_typesupport_c.so
[1.228s] -- Up-to-date: /workspace/run/ros2_ws/install/armkidd_interfaces/lib/python3.12/site-packages/armkidd_interfaces/_armkidd_interfaces_s.ep.rosidl_typesupport_c.c
[1.228s] -- Up-to-date: /workspace/run/ros2_ws/install/armkidd_interfaces/lib/python3.12/site-packages/armkidd_interfaces/armkidd_interfaces_s__rosidl_typesupport_introspection_c.so
[1.313s] Listing '/workspace/run/ros2_ws/install/armkidd_interfaces/lib/python3.12/site-packages/armkidd_interfaces'...
[1.314s] Listing '/workspace/run/ros2_ws/install/armkidd_interfaces/lib/python3.12/site-packages/armkidd_interfaces/msg'...
[1.315s] Listing '/workspace/run/ros2_ws/install/armkidd_interfaces/lib/python3.12/site-packages/armkidd_interfaces/srv'...
[1.333s] -- Up-to-date: /workspace/run/ros2_ws/install/armkidd_interfaces/lib/python3.12/site-packages/armkidd_interfaces/armkidd_interfaces_s__rosidl_typesupport_fastrtps_c.so
[1.335s] -- Up-to-date: /workspace/run/ros2_ws/install/armkidd_interfaces/lib/python3.12/site-packages/armkidd_interfaces/armkidd_interfaces_s__rosidl_typesupport_introspection_c.so
[1.338s] -- Up-to-date: /workspace/run/ros2_ws/install/armkidd_interfaces/lib/python3.12/site-packages/armkidd_interfaces/armkidd_interfaces_s__rosidl_typesupport_c.so
[1.338s] -- Up-to-date: /workspace/run/ros2_ws/install/armkidd_interfaces/lib/libarmkidd_interfaces__rosidl_generator_py.so
[1.339s] -- Up-to-date: /workspace/run/ros2_ws/install/armkidd_interfaces/share/armkidd_interfaces/msg/WorldTarget.idl
[1.340s] -- Up-to-date: /workspace/run/ros2_ws/install/armkidd_interfaces/share/armkidd_interfaces/srv/MarkImg.idl
[1.340s] -- Up-to-date: /workspace/run/ros2_ws/install/armkidd_interfaces/share/armkidd_interfaces/msg/WorldTarget.msg
[1.340s] -- Up-to-date: /workspace/run/ros2_ws/install/armkidd_interfaces/share/armkidd_interfaces/srv/MarkImg.srv
[1.341s] -- Up-to-date: /workspace/run/ros2_ws/install/armkidd_interfaces/share/armkidd_interfaces/msg
[1.341s] -- Up-to-date: /workspace/run/ros2_ws/install/armkidd_interfaces/share/armkidd_interfaces/msg/WorldTarget.msg
[1.341s] -- Up-to-date: /workspace/run/ros2_ws/install/armkidd_interfaces/share/armkidd_interfaces/srv
[1.342s] -- Up-to-date: /workspace/run/ros2_ws/install/armkidd_interfaces/share/armkidd_interfaces/srv/MarkImg.srv
[1.342s] -- Up-to-date: /workspace/run/ros2_ws/install/armkidd_interfaces/share/ament_index/resource_index/package_run_dependencies/armkidd_interfaces
[1.343s] -- Up-to-date: /workspace/run/ros2_ws/install/armkidd_interfaces/share/ament_index/resource_index/parent_prefix_path/armkidd_interfaces
[1.343s] -- Up-to-date: /workspace/run/ros2_ws/install/armkidd_interfaces/share/armkidd_interfaces/environment/ament_prefix_path.sh
[1.344s] -- Up-to-date: /workspace/run/ros2_ws/install/armkidd_interfaces/share/armkidd_interfaces/environment/ament_prefix_path.dsv
[1.344s] -- Up-to-date: /workspace/run/ros2_ws/install/armkidd_interfaces/share/armkidd_interfaces/environment/path.sh
[1.345s] -- Up-to-date: /workspace/run/ros2_ws/install/armkidd_interfaces/share/armkidd_interfaces/environment/path.dsv
[1.345s] -- Up-to-date: /workspace/run/ros2_ws/install/armkidd_interfaces/share/armkidd_interfaces/local_setup.bash
[1.346s] -- Up-to-date: /workspace/run/ros2_ws/install/armkidd_interfaces/share/armkidd_interfaces/local_setup.sh
[1.346s] -- Up-to-date: /workspace/run/ros2_ws/install/armkidd_interfaces/share/armkidd_interfaces/local_setup.zsh
[1.347s] -- Up-to-date: /workspace/run/ros2_ws/install/armkidd_interfaces/share/armkidd_interfaces/local_setup.dsv
[1.347s] -- Installing: /workspace/run/ros2_ws/install/armkidd_interfaces/share/armkidd_interfaces/package.dsv
[1.348s] -- Up-to-date: /workspace/run/ros2_ws/install/armkidd_interfaces/share/ament_index/resource_index/packages/armkidd_interfaces
[1.349s] -- Up-to-date: /workspace/run/ros2_ws/install/armkidd_interfaces/share/armkidd_interfaces/cmake/export_armkidd_interfaces__rosidl_generator_cExport.cmake
[1.349s] -- Up-to-date: /workspace/run/ros2_ws/install/armkidd_interfaces/share/armkidd_interfaces/cmake/export_armkidd_interfaces__rosidl_generator_cExport-noconfig.cmake
[1.350s] -- Up-to-date: /workspace/run/ros2_ws/install/armkidd_interfaces/share/armkidd_interfaces/cmake/export_armkidd_interfaces__rosidl_typesupport_fastrtps_cExport.cmake
[1.350s] -- Up-to-date: /workspace/run/ros2_ws/install/armkidd_interfaces/share/armkidd_interfaces/cmake/export_armkidd_interfaces__rosidl_typesupport_fastrtps_cExport-noconfig.cmake
[1.350s] -- Up-to-date: /workspace/run/ros2_ws/install/armkidd_interfaces/share/armkidd_interfaces/cmake/armkidd_interfaces__rosidl_typesupport_introspection_cExport.cmake
[1.351s] -- Up-to-date: /workspace/run/ros2_ws/install/armkidd_interfaces/share/armkidd_interfaces/cmake/armkidd_interfaces__rosidl_typesupport_introspection_cExport-noconfig.cmake
[1.352s] -- Up-to-date: /workspace/run/ros2_ws/install/armkidd_interfaces/share/armkidd_interfaces/cmake/armkidd_interfaces__rosidl_typesupport_cExport.cmake
[1.352s] -- Up-to-date: /workspace/run/ros2_ws/install/armkidd_interfaces/share/armkidd_interfaces/cmake/armkidd_interfaces__rosidl_typesupport_cExport-noconfig.cmake
[1.353s] -- Up-to-date: /workspace/run/ros2_ws/install/armkidd_interfaces/share/armkidd_interfaces/cmake/export_armkidd_interfaces__rosidl_generator_cppExport.cmake
[1.356s] -- Up-to-date: /workspace/run/ros2_ws/install/armkidd_interfaces/share/armkidd_interfaces/cmake/export_armkidd_interfaces__rosidl_typesupport_fastrtps_cppExport.cmake
[1.358s] -- Up-to-date: /workspace/run/ros2_ws/install/armkidd_interfaces/share/armkidd_interfaces/cmake/export_armkidd_interfaces__rosidl_typesupport_fastrtps_cppExport-noconfig.cmake
[1.358s] -- Up-to-date: /workspace/run/ros2_ws/install/armkidd_interfaces/share/armkidd_interfaces/cmake/armkidd_interfaces__rosidl_typesupport_introspection_cppExport.cmake
[1.359s] -- Up-to-date: /workspace/run/ros2_ws/install/armkidd_interfaces/share/armkidd_interfaces/cmake/armkidd_interfaces__rosidl_typesupport_introspection_cppExport-noconfig.cmake
[1.359s] -- Up-to-date: /workspace/run/ros2_ws/install/armkidd_interfaces/share/armkidd_interfaces/cmake/armkidd_interfaces__rosidl_typesupport_cppExport.cmake
[1.360s] -- Up-to-date: /workspace/run/ros2_ws/install/armkidd_interfaces/share/armkidd_interfaces/cmake/armkidd_interfaces__rosidl_typesupport_cppExport-noconfig.cmake
[1.361s] -- Up-to-date: /workspace/run/ros2_ws/install/armkidd_interfaces/share/armkidd_interfaces/cmake/export_armkidd_interfaces__rosidl_generator_pyExport.cmake
[1.361s] -- Up-to-date: /workspace/run/ros2_ws/install/armkidd_interfaces/share/armkidd_interfaces/cmake/export_armkidd_interfaces__rosidl_generator_pyExport-noconfig.cmake
[1.361s] -- Up-to-date: /workspace/run/ros2_ws/install/armkidd_interfaces/share/armkidd_interfaces/cmake/rosidl_cmake-extras.cmake
[1.362s] -- Up-to-date: /workspace/run/ros2_ws/install/armkidd_interfaces/share/armkidd_interfaces/cmake/ament_cmake_export_dependencies-extras.cmake
[1.362s] -- Up-to-date: /workspace/run/ros2_ws/install/armkidd_interfaces/share/armkidd_interfaces/cmake/ament_cmake_export_include_directories-extras.cmake
[1.362s] -- Up-to-date: /workspace/run/ros2_ws/install/armkidd_interfaces/share/armkidd_interfaces/cmake/ament_cmake_export_libraries-extras.cmake
[1.363s] -- Up-to-date: /workspace/run/ros2_ws/install/armkidd_interfaces/share/armkidd_interfaces/cmake/ament_cmake_export_targets-extras.cmake
[1.363s] -- Up-to-date: /workspace/run/ros2_ws/install/armkidd_interfaces/share/armkidd_interfaces/cmake/rosidl_cmake_export_typesupport_targets-extras.cmake
[1.364s] -- Up-to-date: /workspace/run/ros2_ws/install/armkidd_interfaces/share/armkidd_interfaces/cmake/rosidl_cmake_export_typesupport_libraries-extras.cmake
[1.365s] -- Up-to-date: /workspace/run/ros2_ws/install/armkidd_interfaces/share/armkidd_interfaces/cmake/armkidd_interfacesConfig.cmake
[1.366s] -- Up-to-date: /workspace/run/ros2_ws/install/armkidd_interfaces/share/armkidd_interfaces/cmake/armkidd_interfacesConfig-version.cmake
[1.367s] -- Up-to-date: /workspace/run/ros2_ws/install/armkidd_interfaces/share/armkidd_interfaces/package.xml
[1.395s] Invoked command in '/workspace/run/ros2_ws/build/armkidd_interfaces' returned '0': CMAKE_PREFIX_PATH=${CMAKE_PREFIX_PATH}:/opt/ros/jazzy /usr/bin/cmake --install /workspace/run/ros2_ws/build/armkidd_interfaces
