[0.042s] Invoking command in '/workspace/run/ros2_ws/build/armkidd_cvprocesser': CMAKE_PREFIX_PATH=${CMAKE_PREFIX_PATH}:/opt/ros/jazzy /usr/bin/cmake --build /workspace/run/ros2_ws/build/armkidd_cvprocesser -- -j6 -l6
[0.686s] Built target ament_cmake_python_copy_armkidd_cvprocesser
[1.502s] running egg_info
[1.532s] writing armkidd_cvprocesser.egg-info/PKG-INFO
[1.533s] writing dependency_links to armkidd_cvprocesser.egg-info/dependency_links.txt
[1.539s] writing top-level names to armkidd_cvprocesser.egg-info/top_level.txt
[1.636s] reading manifest file 'armkidd_cvprocesser.egg-info/SOURCES.txt'
[1.638s] writing manifest file 'armkidd_cvprocesser.egg-info/SOURCES.txt'
[1.774s] Built target ament_cmake_python_build_armkidd_cvprocesser_egg
[1.801s] Invoked command in '/workspace/run/ros2_ws/build/armkidd_cvprocesser' returned '0': CMAKE_PREFIX_PATH=${CMAKE_PREFIX_PATH}:/opt/ros/jazzy /usr/bin/cmake --build /workspace/run/ros2_ws/build/armkidd_cvprocesser -- -j6 -l6
[1.822s] Invoking command in '/workspace/run/ros2_ws/build/armkidd_cvprocesser': CMAKE_PREFIX_PATH=${CMAKE_PREFIX_PATH}:/opt/ros/jazzy /usr/bin/cmake --install /workspace/run/ros2_ws/build/armkidd_cvprocesser
[1.842s] -- Install configuration: ""
[1.843s] -- Up-to-date: /workspace/run/ros2_ws/install/armkidd_cvprocesser/share/armkidd_cvprocesser/environment/pythonpath.sh
[1.845s] -- Up-to-date: /workspace/run/ros2_ws/install/armkidd_cvprocesser/share/armkidd_cvprocesser/environment/pythonpath.dsv
[1.846s] -- Up-to-date: /workspace/run/ros2_ws/install/armkidd_cvprocesser/lib/python3.12/site-packages/armkidd_cvprocesser-0.0.0-py3.12.egg-info
[1.846s] -- Installing: /workspace/run/ros2_ws/install/armkidd_cvprocesser/lib/python3.12/site-packages/armkidd_cvprocesser-0.0.0-py3.12.egg-info/PKG-INFO
[1.846s] -- Installing: /workspace/run/ros2_ws/install/armkidd_cvprocesser/lib/python3.12/site-packages/armkidd_cvprocesser-0.0.0-py3.12.egg-info/top_level.txt
[1.847s] -- Installing: /workspace/run/ros2_ws/install/armkidd_cvprocesser/lib/python3.12/site-packages/armkidd_cvprocesser-0.0.0-py3.12.egg-info/dependency_links.txt
[1.848s] -- Installing: /workspace/run/ros2_ws/install/armkidd_cvprocesser/lib/python3.12/site-packages/armkidd_cvprocesser-0.0.0-py3.12.egg-info/SOURCES.txt
[1.849s] -- Up-to-date: /workspace/run/ros2_ws/install/armkidd_cvprocesser/lib/python3.12/site-packages/armkidd_cvprocesser
[1.849s] -- Installing: /workspace/run/ros2_ws/install/armkidd_cvprocesser/lib/python3.12/site-packages/armkidd_cvprocesser/cv_processer_node.py
[1.849s] -- Up-to-date: /workspace/run/ros2_ws/install/armkidd_cvprocesser/lib/python3.12/site-packages/armkidd_cvprocesser/ImageServiceStream_pb2.py
[1.849s] -- Up-to-date: /workspace/run/ros2_ws/install/armkidd_cvprocesser/lib/python3.12/site-packages/armkidd_cvprocesser/AgentServiceStream_pb2.py
[1.867s] -- Up-to-date: /workspace/run/ros2_ws/install/armkidd_cvprocesser/lib/python3.12/site-packages/armkidd_cvprocesser/AgentServiceStream.proto
[1.868s] -- Up-to-date: /workspace/run/ros2_ws/install/armkidd_cvprocesser/lib/python3.12/site-packages/armkidd_cvprocesser/__init__.py
[1.868s] -- Up-to-date: /workspace/run/ros2_ws/install/armkidd_cvprocesser/lib/python3.12/site-packages/armkidd_cvprocesser/ImageServiceStream.proto
[1.868s] -- Up-to-date: /workspace/run/ros2_ws/install/armkidd_cvprocesser/lib/python3.12/site-packages/armkidd_cvprocesser/ImageServiceStream_pb2_grpc.py
[1.868s] -- Up-to-date: /workspace/run/ros2_ws/install/armkidd_cvprocesser/lib/python3.12/site-packages/armkidd_cvprocesser/AgentServiceStream_pb2_grpc.py
[1.869s] -- Up-to-date: /workspace/run/ros2_ws/install/armkidd_cvprocesser/lib/python3.12/site-packages/armkidd_cvprocesser/ImageClient.py
[1.869s] -- Up-to-date: /workspace/run/ros2_ws/install/armkidd_cvprocesser/lib/python3.12/site-packages/armkidd_cvprocesser/AgentClient.py
[1.869s] -- Up-to-date: /workspace/run/ros2_ws/install/armkidd_cvprocesser/lib/python3.12/site-packages/armkidd_cvprocesser/load_config.py
[1.954s] Listing '/workspace/run/ros2_ws/install/armkidd_cvprocesser/lib/python3.12/site-packages/armkidd_cvprocesser'...
[1.957s] Compiling '/workspace/run/ros2_ws/install/armkidd_cvprocesser/lib/python3.12/site-packages/armkidd_cvprocesser/cv_processer_node.py'...
[1.986s] -- Up-to-date: /workspace/run/ros2_ws/install/armkidd_cvprocesser/lib//armkidd_cvprocesser
[1.989s] -- Installing: /workspace/run/ros2_ws/install/armkidd_cvprocesser/lib//armkidd_cvprocesser/cv_processer_node.py
[1.990s] -- Up-to-date: /workspace/run/ros2_ws/install/armkidd_cvprocesser/lib//armkidd_cvprocesser/ImageServiceStream_pb2.py
[1.990s] -- Up-to-date: /workspace/run/ros2_ws/install/armkidd_cvprocesser/lib//armkidd_cvprocesser/AgentServiceStream_pb2.py
[1.991s] -- Up-to-date: /workspace/run/ros2_ws/install/armkidd_cvprocesser/lib//armkidd_cvprocesser/AgentServiceStream.proto
[1.991s] -- Up-to-date: /workspace/run/ros2_ws/install/armkidd_cvprocesser/lib//armkidd_cvprocesser/__init__.py
[1.991s] -- Up-to-date: /workspace/run/ros2_ws/install/armkidd_cvprocesser/lib//armkidd_cvprocesser/ImageServiceStream.proto
[1.992s] -- Up-to-date: /workspace/run/ros2_ws/install/armkidd_cvprocesser/lib//armkidd_cvprocesser/ImageServiceStream_pb2_grpc.py
[1.992s] -- Up-to-date: /workspace/run/ros2_ws/install/armkidd_cvprocesser/lib//armkidd_cvprocesser/AgentServiceStream_pb2_grpc.py
[1.992s] -- Up-to-date: /workspace/run/ros2_ws/install/armkidd_cvprocesser/lib//armkidd_cvprocesser/ImageClient.py
[1.992s] -- Up-to-date: /workspace/run/ros2_ws/install/armkidd_cvprocesser/lib//armkidd_cvprocesser/AgentClient.py
[1.992s] -- Up-to-date: /workspace/run/ros2_ws/install/armkidd_cvprocesser/lib//armkidd_cvprocesser/load_config.py
[1.993s] -- Up-to-date: /workspace/run/ros2_ws/install/armkidd_cvprocesser/lib/armkidd_cvprocesser/cv_processer_node.py
[1.993s] -- Up-to-date: /workspace/run/ros2_ws/install/armkidd_cvprocesser/share/ament_index/resource_index/package_run_dependencies/armkidd_cvprocesser
[1.993s] -- Up-to-date: /workspace/run/ros2_ws/install/armkidd_cvprocesser/share/ament_index/resource_index/parent_prefix_path/armkidd_cvprocesser
[1.993s] -- Up-to-date: /workspace/run/ros2_ws/install/armkidd_cvprocesser/share/armkidd_cvprocesser/environment/ament_prefix_path.sh
[1.995s] -- Up-to-date: /workspace/run/ros2_ws/install/armkidd_cvprocesser/share/armkidd_cvprocesser/environment/ament_prefix_path.dsv
[1.995s] -- Up-to-date: /workspace/run/ros2_ws/install/armkidd_cvprocesser/share/armkidd_cvprocesser/environment/path.sh
[1.996s] -- Up-to-date: /workspace/run/ros2_ws/install/armkidd_cvprocesser/share/armkidd_cvprocesser/environment/path.dsv
[1.996s] -- Up-to-date: /workspace/run/ros2_ws/install/armkidd_cvprocesser/share/armkidd_cvprocesser/local_setup.bash
[1.997s] -- Up-to-date: /workspace/run/ros2_ws/install/armkidd_cvprocesser/share/armkidd_cvprocesser/local_setup.sh
[1.997s] -- Up-to-date: /workspace/run/ros2_ws/install/armkidd_cvprocesser/share/armkidd_cvprocesser/local_setup.zsh
[1.997s] -- Up-to-date: /workspace/run/ros2_ws/install/armkidd_cvprocesser/share/armkidd_cvprocesser/local_setup.dsv
[1.997s] -- Installing: /workspace/run/ros2_ws/install/armkidd_cvprocesser/share/armkidd_cvprocesser/package.dsv
[1.997s] -- Up-to-date: /workspace/run/ros2_ws/install/armkidd_cvprocesser/share/ament_index/resource_index/packages/armkidd_cvprocesser
[1.998s] -- Up-to-date: /workspace/run/ros2_ws/install/armkidd_cvprocesser/share/armkidd_cvprocesser/cmake/armkidd_cvprocesserConfig.cmake
[2.000s] -- Up-to-date: /workspace/run/ros2_ws/install/armkidd_cvprocesser/share/armkidd_cvprocesser/cmake/armkidd_cvprocesserConfig-version.cmake
[2.001s] -- Up-to-date: /workspace/run/ros2_ws/install/armkidd_cvprocesser/share/armkidd_cvprocesser/package.xml
[2.002s] Invoked command in '/workspace/run/ros2_ws/build/armkidd_cvprocesser' returned '0': CMAKE_PREFIX_PATH=${CMAKE_PREFIX_PATH}:/opt/ros/jazzy /usr/bin/cmake --install /workspace/run/ros2_ws/build/armkidd_cvprocesser
