[0.535s] DEBUG:colcon:Command line arguments: ['/usr/bin/colcon', 'build']
[0.535s] DEBUG:colcon:Parsed command line arguments: Namespace(log_base=None, log_level=None, verb_name='build', build_base='build', install_base='install', merge_install=False, symlink_install=False, test_result_base=None, continue_on_error=False, executor='parallel', parallel_workers=6, event_handlers=None, ignore_user_meta=False, metas=['./colcon.meta'], base_paths=['.'], packages_ignore=None, packages_ignore_regex=None, paths=None, packages_up_to=None, packages_up_to_regex=None, packages_above=None, packages_above_and_dependencies=None, packages_above_depth=None, packages_select_by_dep=None, packages_skip_by_dep=None, packages_skip_up_to=None, packages_select_build_failed=False, packages_skip_build_finished=False, packages_select_test_failures=False, packages_skip_test_passed=False, packages_select=None, packages_skip=None, packages_select_regex=None, packages_skip_regex=None, packages_start=None, packages_end=None, cmake_args=None, cmake_target=None, cmake_target_skip_unavailable=False, cmake_clean_cache=False, cmake_clean_first=False, cmake_force_configure=False, ament_cmake_args=None, catkin_cmake_args=None, catkin_skip_building_tests=False, mixin_files=None, mixin=None, verb_parser=<colcon_mixin.mixin.mixin_argument.MixinArgumentDecorator object at 0xffff7f27aae0>, verb_extension=<colcon_core.verb.build.BuildVerb object at 0xffff7f393200>, main=<bound method BuildVerb.main of <colcon_core.verb.build.BuildVerb object at 0xffff7f393200>>, mixin_verb=('build',))
[0.689s] Level 1:colcon.colcon_core.package_discovery:discover_packages(colcon_meta) check parameters
[0.692s] INFO:colcon.colcon_metadata.package_discovery.colcon_meta:Using configuration from '/root/.colcon/metadata/default/Gazebo.meta'
[0.693s] INFO:colcon.colcon_metadata.package_discovery.colcon_meta:Using configuration from '/root/.colcon/metadata/default/fastdds.meta'
[0.694s] INFO:colcon.colcon_metadata.package_discovery.colcon_meta:Using configuration from '/root/.colcon/metadata/default/fastrtps.meta'
[0.694s] Level 1:colcon.colcon_core.package_discovery:discover_packages(recursive) check parameters
[0.694s] Level 1:colcon.colcon_core.package_discovery:discover_packages(ignore) check parameters
[0.694s] Level 1:colcon.colcon_core.package_discovery:discover_packages(path) check parameters
[0.694s] Level 1:colcon.colcon_core.package_discovery:discover_packages(colcon_meta) discover
[0.694s] Level 1:colcon.colcon_core.package_discovery:discover_packages(recursive) discover
[0.694s] INFO:colcon.colcon_core.package_discovery:Crawling recursively for packages in '/workspace/run/ros2_ws'
[0.695s] Level 1:colcon.colcon_core.package_identification:_identify(.) by extensions ['ignore', 'ignore_ament_install']
[0.695s] Level 1:colcon.colcon_core.package_identification:_identify(.) by extension 'ignore'
[0.695s] Level 1:colcon.colcon_core.package_identification:_identify(.) by extension 'ignore_ament_install'
[0.695s] Level 1:colcon.colcon_core.package_identification:_identify(.) by extensions ['colcon_pkg']
[0.695s] Level 1:colcon.colcon_core.package_identification:_identify(.) by extension 'colcon_pkg'
[0.696s] Level 1:colcon.colcon_core.package_identification:_identify(.) by extensions ['colcon_meta']
[0.696s] Level 1:colcon.colcon_core.package_identification:_identify(.) by extension 'colcon_meta'
[0.696s] Level 1:colcon.colcon_core.package_identification:_identify(.) by extensions ['ros']
[0.696s] Level 1:colcon.colcon_core.package_identification:_identify(.) by extension 'ros'
[0.775s] Level 1:colcon.colcon_core.package_identification:_identify(.) by extensions ['cmake', 'python']
[0.775s] Level 1:colcon.colcon_core.package_identification:_identify(.) by extension 'cmake'
[0.775s] Level 1:colcon.colcon_core.package_identification:_identify(.) by extension 'python'
[0.776s] Level 1:colcon.colcon_core.package_identification:_identify(.) by extensions ['python_setup_py']
[0.776s] Level 1:colcon.colcon_core.package_identification:_identify(.) by extension 'python_setup_py'
[0.776s] Level 1:colcon.colcon_core.package_identification:_identify(build) by extensions ['ignore', 'ignore_ament_install']
[0.776s] Level 1:colcon.colcon_core.package_identification:_identify(build) by extension 'ignore'
[0.776s] Level 1:colcon.colcon_core.package_identification:_identify(build) ignored
[0.777s] Level 1:colcon.colcon_core.package_identification:_identify(install) by extensions ['ignore', 'ignore_ament_install']
[0.777s] Level 1:colcon.colcon_core.package_identification:_identify(install) by extension 'ignore'
[0.777s] Level 1:colcon.colcon_core.package_identification:_identify(install) ignored
[0.778s] Level 1:colcon.colcon_core.package_identification:_identify(log) by extensions ['ignore', 'ignore_ament_install']
[0.778s] Level 1:colcon.colcon_core.package_identification:_identify(log) by extension 'ignore'
[0.778s] Level 1:colcon.colcon_core.package_identification:_identify(log) ignored
[0.778s] Level 1:colcon.colcon_core.package_identification:_identify(src) by extensions ['ignore', 'ignore_ament_install']
[0.778s] Level 1:colcon.colcon_core.package_identification:_identify(src) by extension 'ignore'
[0.779s] Level 1:colcon.colcon_core.package_identification:_identify(src) by extension 'ignore_ament_install'
[0.779s] Level 1:colcon.colcon_core.package_identification:_identify(src) by extensions ['colcon_pkg']
[0.779s] Level 1:colcon.colcon_core.package_identification:_identify(src) by extension 'colcon_pkg'
[0.779s] Level 1:colcon.colcon_core.package_identification:_identify(src) by extensions ['colcon_meta']
[0.779s] Level 1:colcon.colcon_core.package_identification:_identify(src) by extension 'colcon_meta'
[0.779s] Level 1:colcon.colcon_core.package_identification:_identify(src) by extensions ['ros']
[0.779s] Level 1:colcon.colcon_core.package_identification:_identify(src) by extension 'ros'
[0.780s] Level 1:colcon.colcon_core.package_identification:_identify(src) by extensions ['cmake', 'python']
[0.780s] Level 1:colcon.colcon_core.package_identification:_identify(src) by extension 'cmake'
[0.780s] Level 1:colcon.colcon_core.package_identification:_identify(src) by extension 'python'
[0.780s] Level 1:colcon.colcon_core.package_identification:_identify(src) by extensions ['python_setup_py']
[0.780s] Level 1:colcon.colcon_core.package_identification:_identify(src) by extension 'python_setup_py'
[0.780s] Level 1:colcon.colcon_core.package_identification:_identify(src/armkidd_cvprocesser) by extensions ['ignore', 'ignore_ament_install']
[0.781s] Level 1:colcon.colcon_core.package_identification:_identify(src/armkidd_cvprocesser) by extension 'ignore'
[0.781s] Level 1:colcon.colcon_core.package_identification:_identify(src/armkidd_cvprocesser) by extension 'ignore_ament_install'
[0.781s] Level 1:colcon.colcon_core.package_identification:_identify(src/armkidd_cvprocesser) by extensions ['colcon_pkg']
[0.781s] Level 1:colcon.colcon_core.package_identification:_identify(src/armkidd_cvprocesser) by extension 'colcon_pkg'
[0.781s] Level 1:colcon.colcon_core.package_identification:_identify(src/armkidd_cvprocesser) by extensions ['colcon_meta']
[0.781s] Level 1:colcon.colcon_core.package_identification:_identify(src/armkidd_cvprocesser) by extension 'colcon_meta'
[0.781s] Level 1:colcon.colcon_core.package_identification:_identify(src/armkidd_cvprocesser) by extensions ['ros']
[0.781s] Level 1:colcon.colcon_core.package_identification:_identify(src/armkidd_cvprocesser) by extension 'ros'
[0.789s] DEBUG:colcon.colcon_core.package_identification:Package 'src/armkidd_cvprocesser' with type 'ros.ament_cmake' and name 'armkidd_cvprocesser'
[0.790s] Level 1:colcon.colcon_core.package_identification:_identify(src/armkidd_interfaces) by extensions ['ignore', 'ignore_ament_install']
[0.790s] Level 1:colcon.colcon_core.package_identification:_identify(src/armkidd_interfaces) by extension 'ignore'
[0.790s] Level 1:colcon.colcon_core.package_identification:_identify(src/armkidd_interfaces) by extension 'ignore_ament_install'
[0.790s] Level 1:colcon.colcon_core.package_identification:_identify(src/armkidd_interfaces) by extensions ['colcon_pkg']
[0.790s] Level 1:colcon.colcon_core.package_identification:_identify(src/armkidd_interfaces) by extension 'colcon_pkg'
[0.791s] Level 1:colcon.colcon_core.package_identification:_identify(src/armkidd_interfaces) by extensions ['colcon_meta']
[0.791s] Level 1:colcon.colcon_core.package_identification:_identify(src/armkidd_interfaces) by extension 'colcon_meta'
[0.791s] Level 1:colcon.colcon_core.package_identification:_identify(src/armkidd_interfaces) by extensions ['ros']
[0.791s] Level 1:colcon.colcon_core.package_identification:_identify(src/armkidd_interfaces) by extension 'ros'
[0.792s] DEBUG:colcon.colcon_core.package_identification:Package 'src/armkidd_interfaces' with type 'ros.ament_cmake' and name 'armkidd_interfaces'
[0.793s] Level 1:colcon.colcon_core.package_identification:_identify(src/other) by extensions ['ignore', 'ignore_ament_install']
[0.793s] Level 1:colcon.colcon_core.package_identification:_identify(src/other) by extension 'ignore'
[0.793s] Level 1:colcon.colcon_core.package_identification:_identify(src/other) by extension 'ignore_ament_install'
[0.793s] Level 1:colcon.colcon_core.package_identification:_identify(src/other) by extensions ['colcon_pkg']
[0.793s] Level 1:colcon.colcon_core.package_identification:_identify(src/other) by extension 'colcon_pkg'
[0.793s] Level 1:colcon.colcon_core.package_identification:_identify(src/other) by extensions ['colcon_meta']
[0.793s] Level 1:colcon.colcon_core.package_identification:_identify(src/other) by extension 'colcon_meta'
[0.794s] Level 1:colcon.colcon_core.package_identification:_identify(src/other) by extensions ['ros']
[0.794s] Level 1:colcon.colcon_core.package_identification:_identify(src/other) by extension 'ros'
[0.794s] Level 1:colcon.colcon_core.package_identification:_identify(src/other) by extensions ['cmake', 'python']
[0.794s] Level 1:colcon.colcon_core.package_identification:_identify(src/other) by extension 'cmake'
[0.794s] Level 1:colcon.colcon_core.package_identification:_identify(src/other) by extension 'python'
[0.794s] Level 1:colcon.colcon_core.package_identification:_identify(src/other) by extensions ['python_setup_py']
[0.794s] Level 1:colcon.colcon_core.package_identification:_identify(src/other) by extension 'python_setup_py'
[0.795s] Level 1:colcon.colcon_core.package_discovery:discover_packages(recursive) using defaults
[0.795s] Level 1:colcon.colcon_core.package_discovery:discover_packages(ignore) discover
[0.795s] Level 1:colcon.colcon_core.package_discovery:discover_packages(ignore) using defaults
[0.795s] Level 1:colcon.colcon_core.package_discovery:discover_packages(path) discover
[0.795s] Level 1:colcon.colcon_core.package_discovery:discover_packages(path) using defaults
[0.864s] Level 5:colcon.colcon_core.verb:set package 'armkidd_cvprocesser' build argument 'cmake_args' from command line to 'None'
[0.865s] Level 5:colcon.colcon_core.verb:set package 'armkidd_cvprocesser' build argument 'cmake_target' from command line to 'None'
[0.865s] Level 5:colcon.colcon_core.verb:set package 'armkidd_cvprocesser' build argument 'cmake_target_skip_unavailable' from command line to 'False'
[0.865s] Level 5:colcon.colcon_core.verb:set package 'armkidd_cvprocesser' build argument 'cmake_clean_cache' from command line to 'False'
[0.865s] Level 5:colcon.colcon_core.verb:set package 'armkidd_cvprocesser' build argument 'cmake_clean_first' from command line to 'False'
[0.865s] Level 5:colcon.colcon_core.verb:set package 'armkidd_cvprocesser' build argument 'cmake_force_configure' from command line to 'False'
[0.865s] Level 5:colcon.colcon_core.verb:set package 'armkidd_cvprocesser' build argument 'ament_cmake_args' from command line to 'None'
[0.865s] Level 5:colcon.colcon_core.verb:set package 'armkidd_cvprocesser' build argument 'catkin_cmake_args' from command line to 'None'
[0.865s] Level 5:colcon.colcon_core.verb:set package 'armkidd_cvprocesser' build argument 'catkin_skip_building_tests' from command line to 'False'
[0.865s] DEBUG:colcon.colcon_core.verb:Building package 'armkidd_cvprocesser' with the following arguments: {'ament_cmake_args': None, 'build_base': '/workspace/run/ros2_ws/build/armkidd_cvprocesser', 'catkin_cmake_args': None, 'catkin_skip_building_tests': False, 'cmake_args': None, 'cmake_clean_cache': False, 'cmake_clean_first': False, 'cmake_force_configure': False, 'cmake_target': None, 'cmake_target_skip_unavailable': False, 'install_base': '/workspace/run/ros2_ws/install/armkidd_cvprocesser', 'merge_install': False, 'path': '/workspace/run/ros2_ws/src/armkidd_cvprocesser', 'symlink_install': False, 'test_result_base': None}
[0.866s] Level 5:colcon.colcon_core.verb:set package 'armkidd_interfaces' build argument 'cmake_args' from command line to 'None'
[0.866s] Level 5:colcon.colcon_core.verb:set package 'armkidd_interfaces' build argument 'cmake_target' from command line to 'None'
[0.866s] Level 5:colcon.colcon_core.verb:set package 'armkidd_interfaces' build argument 'cmake_target_skip_unavailable' from command line to 'False'
[0.866s] Level 5:colcon.colcon_core.verb:set package 'armkidd_interfaces' build argument 'cmake_clean_cache' from command line to 'False'
[0.866s] Level 5:colcon.colcon_core.verb:set package 'armkidd_interfaces' build argument 'cmake_clean_first' from command line to 'False'
[0.866s] Level 5:colcon.colcon_core.verb:set package 'armkidd_interfaces' build argument 'cmake_force_configure' from command line to 'False'
[0.866s] Level 5:colcon.colcon_core.verb:set package 'armkidd_interfaces' build argument 'ament_cmake_args' from command line to 'None'
[0.866s] Level 5:colcon.colcon_core.verb:set package 'armkidd_interfaces' build argument 'catkin_cmake_args' from command line to 'None'
[0.866s] Level 5:colcon.colcon_core.verb:set package 'armkidd_interfaces' build argument 'catkin_skip_building_tests' from command line to 'False'
[0.866s] DEBUG:colcon.colcon_core.verb:Building package 'armkidd_interfaces' with the following arguments: {'ament_cmake_args': None, 'build_base': '/workspace/run/ros2_ws/build/armkidd_interfaces', 'catkin_cmake_args': None, 'catkin_skip_building_tests': False, 'cmake_args': None, 'cmake_clean_cache': False, 'cmake_clean_first': False, 'cmake_force_configure': False, 'cmake_target': None, 'cmake_target_skip_unavailable': False, 'install_base': '/workspace/run/ros2_ws/install/armkidd_interfaces', 'merge_install': False, 'path': '/workspace/run/ros2_ws/src/armkidd_interfaces', 'symlink_install': False, 'test_result_base': None}
[0.867s] INFO:colcon.colcon_core.executor:Executing jobs using 'parallel' executor
[0.869s] DEBUG:colcon.colcon_parallel_executor.executor.parallel:run_until_complete
[0.870s] INFO:colcon.colcon_ros.task.ament_cmake.build:Building ROS package in '/workspace/run/ros2_ws/src/armkidd_cvprocesser' with build type 'ament_cmake'
[0.870s] INFO:colcon.colcon_cmake.task.cmake.build:Building CMake package in '/workspace/run/ros2_ws/src/armkidd_cvprocesser'
[0.882s] INFO:colcon.colcon_core.plugin_system:Skipping extension 'colcon_core.shell.bat': Not used on non-Windows systems
[0.882s] INFO:colcon.colcon_core.shell:Skip shell extension 'powershell' for command environment: Not usable outside of PowerShell
[0.882s] DEBUG:colcon.colcon_core.shell:Skip shell extension 'dsv' for command environment
[0.895s] INFO:colcon.colcon_ros.task.ament_cmake.build:Building ROS package in '/workspace/run/ros2_ws/src/armkidd_interfaces' with build type 'ament_cmake'
[0.895s] INFO:colcon.colcon_cmake.task.cmake.build:Building CMake package in '/workspace/run/ros2_ws/src/armkidd_interfaces'
[0.896s] INFO:colcon.colcon_core.shell:Skip shell extension 'powershell' for command environment: Not usable outside of PowerShell
[0.896s] DEBUG:colcon.colcon_core.shell:Skip shell extension 'dsv' for command environment
[0.909s] DEBUG:colcon.colcon_core.event_handler.log_command:Invoking command in '/workspace/run/ros2_ws/build/armkidd_cvprocesser': CMAKE_PREFIX_PATH=/opt/ros/jazzy /usr/bin/cmake --build /workspace/run/ros2_ws/build/armkidd_cvprocesser -- -j6 -l6
[0.922s] DEBUG:colcon.colcon_core.event_handler.log_command:Invoking command in '/workspace/run/ros2_ws/build/armkidd_interfaces': CMAKE_PREFIX_PATH=/opt/ros/jazzy /usr/bin/cmake --build /workspace/run/ros2_ws/build/armkidd_interfaces -- -j6 -l6
[2.032s] DEBUG:colcon.colcon_core.event_handler.log_command:Invoked command in '/workspace/run/ros2_ws/build/armkidd_cvprocesser' returned '0': CMAKE_PREFIX_PATH=/opt/ros/jazzy /usr/bin/cmake --build /workspace/run/ros2_ws/build/armkidd_cvprocesser -- -j6 -l6
[2.054s] DEBUG:colcon.colcon_core.event_handler.log_command:Invoking command in '/workspace/run/ros2_ws/build/armkidd_cvprocesser': CMAKE_PREFIX_PATH=/opt/ros/jazzy /usr/bin/cmake --install /workspace/run/ros2_ws/build/armkidd_cvprocesser
[2.056s] DEBUG:colcon.colcon_core.event_handler.log_command:Invoked command in '/workspace/run/ros2_ws/build/armkidd_interfaces' returned '0': CMAKE_PREFIX_PATH=/opt/ros/jazzy /usr/bin/cmake --build /workspace/run/ros2_ws/build/armkidd_interfaces -- -j6 -l6
[2.062s] DEBUG:colcon.colcon_core.event_handler.log_command:Invoking command in '/workspace/run/ros2_ws/build/armkidd_interfaces': CMAKE_PREFIX_PATH=/opt/ros/jazzy /usr/bin/cmake --install /workspace/run/ros2_ws/build/armkidd_interfaces
[2.198s] Level 1:colcon.colcon_core.environment:create_environment_scripts_only(armkidd_cvprocesser)
[2.199s] DEBUG:colcon.colcon_core.event_handler.log_command:Invoked command in '/workspace/run/ros2_ws/build/armkidd_cvprocesser' returned '0': CMAKE_PREFIX_PATH=/opt/ros/jazzy /usr/bin/cmake --install /workspace/run/ros2_ws/build/armkidd_cvprocesser
[2.223s] Level 1:colcon.colcon_core.environment:checking '/workspace/run/ros2_ws/install/armkidd_cvprocesser' for CMake module files
[2.238s] Level 1:colcon.colcon_core.environment:checking '/workspace/run/ros2_ws/install/armkidd_cvprocesser' for CMake config files
[2.241s] Level 1:colcon.colcon_core.shell:create_environment_hook('armkidd_cvprocesser', 'cmake_prefix_path')
[2.242s] INFO:colcon.colcon_core.shell:Creating environment hook '/workspace/run/ros2_ws/install/armkidd_cvprocesser/share/armkidd_cvprocesser/hook/cmake_prefix_path.ps1'
[2.246s] INFO:colcon.colcon_core.shell:Creating environment descriptor '/workspace/run/ros2_ws/install/armkidd_cvprocesser/share/armkidd_cvprocesser/hook/cmake_prefix_path.dsv'
[2.249s] INFO:colcon.colcon_core.shell:Creating environment hook '/workspace/run/ros2_ws/install/armkidd_cvprocesser/share/armkidd_cvprocesser/hook/cmake_prefix_path.sh'
[2.253s] Level 1:colcon.colcon_core.environment:checking '/workspace/run/ros2_ws/install/armkidd_cvprocesser/lib'
[2.255s] Level 1:colcon.colcon_core.environment:checking '/workspace/run/ros2_ws/install/armkidd_cvprocesser/bin'
[2.255s] Level 1:colcon.colcon_core.environment:checking '/workspace/run/ros2_ws/install/armkidd_cvprocesser/lib/pkgconfig/armkidd_cvprocesser.pc'
[2.261s] Level 1:colcon.colcon_core.environment:checking '/workspace/run/ros2_ws/install/armkidd_cvprocesser/lib/python3.12/site-packages'
[2.261s] Level 1:colcon.colcon_core.shell:create_environment_hook('armkidd_cvprocesser', 'pythonpath')
[2.262s] INFO:colcon.colcon_core.shell:Creating environment hook '/workspace/run/ros2_ws/install/armkidd_cvprocesser/share/armkidd_cvprocesser/hook/pythonpath.ps1'
[2.263s] INFO:colcon.colcon_core.shell:Creating environment descriptor '/workspace/run/ros2_ws/install/armkidd_cvprocesser/share/armkidd_cvprocesser/hook/pythonpath.dsv'
[2.264s] INFO:colcon.colcon_core.shell:Creating environment hook '/workspace/run/ros2_ws/install/armkidd_cvprocesser/share/armkidd_cvprocesser/hook/pythonpath.sh'
[2.266s] Level 1:colcon.colcon_core.environment:checking '/workspace/run/ros2_ws/install/armkidd_cvprocesser/bin'
[2.266s] INFO:colcon.colcon_core.shell:Creating package script '/workspace/run/ros2_ws/install/armkidd_cvprocesser/share/armkidd_cvprocesser/package.ps1'
[2.269s] INFO:colcon.colcon_core.shell:Creating package descriptor '/workspace/run/ros2_ws/install/armkidd_cvprocesser/share/armkidd_cvprocesser/package.dsv'
[2.270s] INFO:colcon.colcon_core.shell:Creating package script '/workspace/run/ros2_ws/install/armkidd_cvprocesser/share/armkidd_cvprocesser/package.sh'
[2.273s] INFO:colcon.colcon_core.shell:Creating package script '/workspace/run/ros2_ws/install/armkidd_cvprocesser/share/armkidd_cvprocesser/package.bash'
[2.276s] INFO:colcon.colcon_core.shell:Creating package script '/workspace/run/ros2_ws/install/armkidd_cvprocesser/share/armkidd_cvprocesser/package.zsh'
[2.278s] Level 1:colcon.colcon_core.environment:create_file_with_runtime_dependencies(/workspace/run/ros2_ws/install/armkidd_cvprocesser/share/colcon-core/packages/armkidd_cvprocesser)
[2.279s] Level 1:colcon.colcon_core.environment:create_environment_scripts_only(armkidd_cvprocesser)
[2.280s] Level 1:colcon.colcon_core.environment:checking '/workspace/run/ros2_ws/install/armkidd_cvprocesser' for CMake module files
[2.281s] Level 1:colcon.colcon_core.environment:checking '/workspace/run/ros2_ws/install/armkidd_cvprocesser' for CMake config files
[2.282s] Level 1:colcon.colcon_core.shell:create_environment_hook('armkidd_cvprocesser', 'cmake_prefix_path')
[2.282s] INFO:colcon.colcon_core.shell:Creating environment hook '/workspace/run/ros2_ws/install/armkidd_cvprocesser/share/armkidd_cvprocesser/hook/cmake_prefix_path.ps1'
[2.283s] INFO:colcon.colcon_core.shell:Creating environment descriptor '/workspace/run/ros2_ws/install/armkidd_cvprocesser/share/armkidd_cvprocesser/hook/cmake_prefix_path.dsv'
[2.284s] INFO:colcon.colcon_core.shell:Creating environment hook '/workspace/run/ros2_ws/install/armkidd_cvprocesser/share/armkidd_cvprocesser/hook/cmake_prefix_path.sh'
[2.285s] Level 1:colcon.colcon_core.environment:checking '/workspace/run/ros2_ws/install/armkidd_cvprocesser/lib'
[2.286s] Level 1:colcon.colcon_core.environment:checking '/workspace/run/ros2_ws/install/armkidd_cvprocesser/bin'
[2.286s] Level 1:colcon.colcon_core.environment:checking '/workspace/run/ros2_ws/install/armkidd_cvprocesser/lib/pkgconfig/armkidd_cvprocesser.pc'
[2.286s] Level 1:colcon.colcon_core.environment:checking '/workspace/run/ros2_ws/install/armkidd_cvprocesser/lib/python3.12/site-packages'
[2.287s] Level 1:colcon.colcon_core.shell:create_environment_hook('armkidd_cvprocesser', 'pythonpath')
[2.287s] INFO:colcon.colcon_core.shell:Creating environment hook '/workspace/run/ros2_ws/install/armkidd_cvprocesser/share/armkidd_cvprocesser/hook/pythonpath.ps1'
[2.288s] INFO:colcon.colcon_core.shell:Creating environment descriptor '/workspace/run/ros2_ws/install/armkidd_cvprocesser/share/armkidd_cvprocesser/hook/pythonpath.dsv'
[2.289s] INFO:colcon.colcon_core.shell:Creating environment hook '/workspace/run/ros2_ws/install/armkidd_cvprocesser/share/armkidd_cvprocesser/hook/pythonpath.sh'
[2.291s] Level 1:colcon.colcon_core.environment:checking '/workspace/run/ros2_ws/install/armkidd_cvprocesser/bin'
[2.291s] INFO:colcon.colcon_core.shell:Creating package script '/workspace/run/ros2_ws/install/armkidd_cvprocesser/share/armkidd_cvprocesser/package.ps1'
[2.293s] INFO:colcon.colcon_core.shell:Creating package descriptor '/workspace/run/ros2_ws/install/armkidd_cvprocesser/share/armkidd_cvprocesser/package.dsv'
[2.294s] INFO:colcon.colcon_core.shell:Creating package script '/workspace/run/ros2_ws/install/armkidd_cvprocesser/share/armkidd_cvprocesser/package.sh'
[2.295s] INFO:colcon.colcon_core.shell:Creating package script '/workspace/run/ros2_ws/install/armkidd_cvprocesser/share/armkidd_cvprocesser/package.bash'
[2.297s] INFO:colcon.colcon_core.shell:Creating package script '/workspace/run/ros2_ws/install/armkidd_cvprocesser/share/armkidd_cvprocesser/package.zsh'
[2.298s] Level 1:colcon.colcon_core.environment:create_file_with_runtime_dependencies(/workspace/run/ros2_ws/install/armkidd_cvprocesser/share/colcon-core/packages/armkidd_cvprocesser)
[2.301s] Level 1:colcon.colcon_core.environment:create_environment_scripts_only(armkidd_interfaces)
[2.301s] Level 1:colcon.colcon_core.environment:checking '/workspace/run/ros2_ws/install/armkidd_interfaces' for CMake module files
[2.303s] DEBUG:colcon.colcon_core.event_handler.log_command:Invoked command in '/workspace/run/ros2_ws/build/armkidd_interfaces' returned '0': CMAKE_PREFIX_PATH=/opt/ros/jazzy /usr/bin/cmake --install /workspace/run/ros2_ws/build/armkidd_interfaces
[2.305s] Level 1:colcon.colcon_core.environment:checking '/workspace/run/ros2_ws/install/armkidd_interfaces' for CMake config files
[2.306s] Level 1:colcon.colcon_core.shell:create_environment_hook('armkidd_interfaces', 'cmake_prefix_path')
[2.306s] INFO:colcon.colcon_core.shell:Creating environment hook '/workspace/run/ros2_ws/install/armkidd_interfaces/share/armkidd_interfaces/hook/cmake_prefix_path.ps1'
[2.307s] INFO:colcon.colcon_core.shell:Creating environment descriptor '/workspace/run/ros2_ws/install/armkidd_interfaces/share/armkidd_interfaces/hook/cmake_prefix_path.dsv'
[2.308s] INFO:colcon.colcon_core.shell:Creating environment hook '/workspace/run/ros2_ws/install/armkidd_interfaces/share/armkidd_interfaces/hook/cmake_prefix_path.sh'
[2.310s] Level 1:colcon.colcon_core.environment:checking '/workspace/run/ros2_ws/install/armkidd_interfaces/lib'
[2.310s] Level 1:colcon.colcon_core.shell:create_environment_hook('armkidd_interfaces', 'ld_library_path_lib')
[2.310s] INFO:colcon.colcon_core.shell:Creating environment hook '/workspace/run/ros2_ws/install/armkidd_interfaces/share/armkidd_interfaces/hook/ld_library_path_lib.ps1'
[2.311s] INFO:colcon.colcon_core.shell:Creating environment descriptor '/workspace/run/ros2_ws/install/armkidd_interfaces/share/armkidd_interfaces/hook/ld_library_path_lib.dsv'
[2.312s] INFO:colcon.colcon_core.shell:Creating environment hook '/workspace/run/ros2_ws/install/armkidd_interfaces/share/armkidd_interfaces/hook/ld_library_path_lib.sh'
[2.313s] Level 1:colcon.colcon_core.environment:checking '/workspace/run/ros2_ws/install/armkidd_interfaces/bin'
[2.314s] Level 1:colcon.colcon_core.environment:checking '/workspace/run/ros2_ws/install/armkidd_interfaces/lib/pkgconfig/armkidd_interfaces.pc'
[2.314s] Level 1:colcon.colcon_core.environment:checking '/workspace/run/ros2_ws/install/armkidd_interfaces/lib/python3.12/site-packages'
[2.315s] Level 1:colcon.colcon_core.shell:create_environment_hook('armkidd_interfaces', 'pythonpath')
[2.315s] INFO:colcon.colcon_core.shell:Creating environment hook '/workspace/run/ros2_ws/install/armkidd_interfaces/share/armkidd_interfaces/hook/pythonpath.ps1'
[2.316s] INFO:colcon.colcon_core.shell:Creating environment descriptor '/workspace/run/ros2_ws/install/armkidd_interfaces/share/armkidd_interfaces/hook/pythonpath.dsv'
[2.317s] INFO:colcon.colcon_core.shell:Creating environment hook '/workspace/run/ros2_ws/install/armkidd_interfaces/share/armkidd_interfaces/hook/pythonpath.sh'
[2.318s] Level 1:colcon.colcon_core.environment:checking '/workspace/run/ros2_ws/install/armkidd_interfaces/bin'
[2.319s] INFO:colcon.colcon_core.shell:Creating package script '/workspace/run/ros2_ws/install/armkidd_interfaces/share/armkidd_interfaces/package.ps1'
[2.320s] INFO:colcon.colcon_core.shell:Creating package descriptor '/workspace/run/ros2_ws/install/armkidd_interfaces/share/armkidd_interfaces/package.dsv'
[2.322s] INFO:colcon.colcon_core.shell:Creating package script '/workspace/run/ros2_ws/install/armkidd_interfaces/share/armkidd_interfaces/package.sh'
[2.323s] INFO:colcon.colcon_core.shell:Creating package script '/workspace/run/ros2_ws/install/armkidd_interfaces/share/armkidd_interfaces/package.bash'
[2.324s] INFO:colcon.colcon_core.shell:Creating package script '/workspace/run/ros2_ws/install/armkidd_interfaces/share/armkidd_interfaces/package.zsh'
[2.325s] Level 1:colcon.colcon_core.environment:create_file_with_runtime_dependencies(/workspace/run/ros2_ws/install/armkidd_interfaces/share/colcon-core/packages/armkidd_interfaces)
[2.326s] Level 1:colcon.colcon_core.environment:create_environment_scripts_only(armkidd_interfaces)
[2.327s] Level 1:colcon.colcon_core.environment:checking '/workspace/run/ros2_ws/install/armkidd_interfaces' for CMake module files
[2.329s] Level 1:colcon.colcon_core.environment:checking '/workspace/run/ros2_ws/install/armkidd_interfaces' for CMake config files
[2.330s] Level 1:colcon.colcon_core.shell:create_environment_hook('armkidd_interfaces', 'cmake_prefix_path')
[2.330s] INFO:colcon.colcon_core.shell:Creating environment hook '/workspace/run/ros2_ws/install/armkidd_interfaces/share/armkidd_interfaces/hook/cmake_prefix_path.ps1'
[2.331s] INFO:colcon.colcon_core.shell:Creating environment descriptor '/workspace/run/ros2_ws/install/armkidd_interfaces/share/armkidd_interfaces/hook/cmake_prefix_path.dsv'
[2.332s] INFO:colcon.colcon_core.shell:Creating environment hook '/workspace/run/ros2_ws/install/armkidd_interfaces/share/armkidd_interfaces/hook/cmake_prefix_path.sh'
[2.333s] Level 1:colcon.colcon_core.environment:checking '/workspace/run/ros2_ws/install/armkidd_interfaces/lib'
[2.334s] Level 1:colcon.colcon_core.shell:create_environment_hook('armkidd_interfaces', 'ld_library_path_lib')
[2.334s] INFO:colcon.colcon_core.shell:Creating environment hook '/workspace/run/ros2_ws/install/armkidd_interfaces/share/armkidd_interfaces/hook/ld_library_path_lib.ps1'
[2.335s] INFO:colcon.colcon_core.shell:Creating environment descriptor '/workspace/run/ros2_ws/install/armkidd_interfaces/share/armkidd_interfaces/hook/ld_library_path_lib.dsv'
[2.336s] INFO:colcon.colcon_core.shell:Creating environment hook '/workspace/run/ros2_ws/install/armkidd_interfaces/share/armkidd_interfaces/hook/ld_library_path_lib.sh'
[2.337s] Level 1:colcon.colcon_core.environment:checking '/workspace/run/ros2_ws/install/armkidd_interfaces/bin'
[2.337s] Level 1:colcon.colcon_core.environment:checking '/workspace/run/ros2_ws/install/armkidd_interfaces/lib/pkgconfig/armkidd_interfaces.pc'
[2.337s] Level 1:colcon.colcon_core.environment:checking '/workspace/run/ros2_ws/install/armkidd_interfaces/lib/python3.12/site-packages'
[2.338s] Level 1:colcon.colcon_core.shell:create_environment_hook('armkidd_interfaces', 'pythonpath')
[2.338s] INFO:colcon.colcon_core.shell:Creating environment hook '/workspace/run/ros2_ws/install/armkidd_interfaces/share/armkidd_interfaces/hook/pythonpath.ps1'
[2.339s] INFO:colcon.colcon_core.shell:Creating environment descriptor '/workspace/run/ros2_ws/install/armkidd_interfaces/share/armkidd_interfaces/hook/pythonpath.dsv'
[2.340s] INFO:colcon.colcon_core.shell:Creating environment hook '/workspace/run/ros2_ws/install/armkidd_interfaces/share/armkidd_interfaces/hook/pythonpath.sh'
[2.342s] Level 1:colcon.colcon_core.environment:checking '/workspace/run/ros2_ws/install/armkidd_interfaces/bin'
[2.343s] INFO:colcon.colcon_core.shell:Creating package script '/workspace/run/ros2_ws/install/armkidd_interfaces/share/armkidd_interfaces/package.ps1'
[2.345s] INFO:colcon.colcon_core.shell:Creating package descriptor '/workspace/run/ros2_ws/install/armkidd_interfaces/share/armkidd_interfaces/package.dsv'
[2.346s] INFO:colcon.colcon_core.shell:Creating package script '/workspace/run/ros2_ws/install/armkidd_interfaces/share/armkidd_interfaces/package.sh'
[2.347s] INFO:colcon.colcon_core.shell:Creating package script '/workspace/run/ros2_ws/install/armkidd_interfaces/share/armkidd_interfaces/package.bash'
[2.348s] INFO:colcon.colcon_core.shell:Creating package script '/workspace/run/ros2_ws/install/armkidd_interfaces/share/armkidd_interfaces/package.zsh'
[2.349s] Level 1:colcon.colcon_core.environment:create_file_with_runtime_dependencies(/workspace/run/ros2_ws/install/armkidd_interfaces/share/colcon-core/packages/armkidd_interfaces)
[2.350s] DEBUG:colcon.colcon_parallel_executor.executor.parallel:closing loop
[2.351s] DEBUG:colcon.colcon_parallel_executor.executor.parallel:loop closed
[2.351s] DEBUG:colcon.colcon_parallel_executor.executor.parallel:run_until_complete finished with '0'
[2.352s] DEBUG:colcon.colcon_core.event_reactor:joining thread
[2.378s] INFO:colcon.colcon_core.plugin_system:Skipping extension 'colcon_notification.desktop_notification.notify_send': Could not find 'notify-send'
[2.378s] INFO:colcon.colcon_core.plugin_system:Skipping extension 'colcon_notification.desktop_notification.terminal_notifier': Not used on non-Darwin systems
[2.379s] INFO:colcon.colcon_core.plugin_system:Skipping extension 'colcon_notification.desktop_notification.win32': Not used on non-Windows systems
[2.379s] INFO:colcon.colcon_notification.desktop_notification:Sending desktop notification using 'notify2'
[2.379s] DEBUG:colcon.colcon_notification.desktop_notification.notify2:Failed to initialize notify2: org.freedesktop.DBus.Error.NotSupported: Unable to autolaunch a dbus-daemon without a $DISPLAY for X11
[2.379s] DEBUG:colcon.colcon_core.event_reactor:joined thread
[2.380s] INFO:colcon.colcon_core.shell:Creating prefix script '/workspace/run/ros2_ws/install/local_setup.ps1'
[2.382s] INFO:colcon.colcon_core.shell:Creating prefix util module '/workspace/run/ros2_ws/install/_local_setup_util_ps1.py'
[2.386s] INFO:colcon.colcon_core.shell:Creating prefix chain script '/workspace/run/ros2_ws/install/setup.ps1'
[2.389s] INFO:colcon.colcon_core.shell:Creating prefix script '/workspace/run/ros2_ws/install/local_setup.sh'
[2.390s] INFO:colcon.colcon_core.shell:Creating prefix util module '/workspace/run/ros2_ws/install/_local_setup_util_sh.py'
[2.392s] INFO:colcon.colcon_core.shell:Creating prefix chain script '/workspace/run/ros2_ws/install/setup.sh'
[2.395s] INFO:colcon.colcon_core.shell:Creating prefix script '/workspace/run/ros2_ws/install/local_setup.bash'
[2.398s] INFO:colcon.colcon_core.shell:Creating prefix chain script '/workspace/run/ros2_ws/install/setup.bash'
[2.402s] INFO:colcon.colcon_core.shell:Creating prefix script '/workspace/run/ros2_ws/install/local_setup.zsh'
[2.404s] INFO:colcon.colcon_core.shell:Creating prefix chain script '/workspace/run/ros2_ws/install/setup.zsh'
