[0.035s] Invoking command in '/workspace/run/ros2_ws/build/armkidd_interfaces': CMAKE_PREFIX_PATH=${CMAKE_PREFIX_PATH}:/opt/ros/jazzy /usr/bin/cmake --build /workspace/run/ros2_ws/build/armkidd_interfaces -- -j6 -l6
[0.513s] [  2%] Built target armkidd_interfaces__rosidl_generator_type_description
[0.579s] [  2%] Built target ament_cmake_python_copy_armkidd_interfaces
[0.647s] [ 17%] Built target armkidd_interfaces__rosidl_generator_c
[1.145s] running egg_info
[1.175s] writing armkidd_interfaces.egg-info/PKG-INFO
[1.176s] writing dependency_links to armkidd_interfaces.egg-info/dependency_links.txt
[1.177s] writing top-level names to armkidd_interfaces.egg-info/top_level.txt
[1.277s] reading manifest file 'armkidd_interfaces.egg-info/SOURCES.txt'
[1.277s] writing manifest file 'armkidd_interfaces.egg-info/SOURCES.txt'
[1.381s] [ 17%] Built target ament_cmake_python_build_armkidd_interfaces_egg
[1.439s] [ 26%] Built target armkidd_interfaces__rosidl_typesupport_c
[1.491s] [ 35%] Built target armkidd_interfaces__rosidl_typesupport_introspection_c
[1.559s] [ 44%] Built target armkidd_interfaces__rosidl_typesupport_fastrtps_c
[1.608s] [ 47%] Built target armkidd_interfaces__cpp
[1.667s] [ 55%] Built target armkidd_interfaces__rosidl_typesupport_cpp
[1.726s] [ 64%] Built target armkidd_interfaces__rosidl_typesupport_introspection_cpp
[1.777s] [ 73%] Built target armkidd_interfaces__rosidl_typesupport_fastrtps_cpp
[1.821s] [ 73%] Built target armkidd_interfaces
[1.867s] [ 76%] Built target armkidd_interfaces__py
[1.917s] [ 82%] Built target armkidd_interfaces__rosidl_generator_py
[1.963s] [ 88%] Built target armkidd_interfaces_s__rosidl_typesupport_fastrtps_c
[2.013s] [ 94%] Built target armkidd_interfaces_s__rosidl_typesupport_c
[2.066s] [100%] Built target armkidd_interfaces_s__rosidl_typesupport_introspection_c
[2.093s] Invoked command in '/workspace/run/ros2_ws/build/armkidd_interfaces' returned '0': CMAKE_PREFIX_PATH=${CMAKE_PREFIX_PATH}:/opt/ros/jazzy /usr/bin/cmake --build /workspace/run/ros2_ws/build/armkidd_interfaces -- -j6 -l6
[2.098s] Invoking command in '/workspace/run/ros2_ws/build/armkidd_interfaces': CMAKE_PREFIX_PATH=${CMAKE_PREFIX_PATH}:/opt/ros/jazzy /usr/bin/cmake --install /workspace/run/ros2_ws/build/armkidd_interfaces
[2.119s] -- Install configuration: ""
[2.120s] -- Up-to-date: /workspace/run/ros2_ws/install/armkidd_interfaces/share/ament_index/resource_index/rosidl_interfaces/armkidd_interfaces
[2.120s] -- Up-to-date: /workspace/run/ros2_ws/install/armkidd_interfaces/share/armkidd_interfaces/msg/ArmkiddTarget.json
[2.120s] -- Up-to-date: /workspace/run/ros2_ws/install/armkidd_interfaces/include/armkidd_interfaces/armkidd_interfaces
[2.121s] -- Up-to-date: /workspace/run/ros2_ws/install/armkidd_interfaces/include/armkidd_interfaces/armkidd_interfaces/msg
[2.122s] -- Up-to-date: /workspace/run/ros2_ws/install/armkidd_interfaces/include/armkidd_interfaces/armkidd_interfaces/msg/armkidd_target.h
[2.122s] -- Up-to-date: /workspace/run/ros2_ws/install/armkidd_interfaces/include/armkidd_interfaces/armkidd_interfaces/msg/rosidl_generator_c__visibility_control.h
[2.122s] -- Up-to-date: /workspace/run/ros2_ws/install/armkidd_interfaces/include/armkidd_interfaces/armkidd_interfaces/msg/detail
[2.123s] -- Up-to-date: /workspace/run/ros2_ws/install/armkidd_interfaces/include/armkidd_interfaces/armkidd_interfaces/msg/detail/armkidd_target__type_support.h
[2.123s] -- Up-to-date: /workspace/run/ros2_ws/install/armkidd_interfaces/include/armkidd_interfaces/armkidd_interfaces/msg/detail/armkidd_target__description.c
[2.123s] -- Up-to-date: /workspace/run/ros2_ws/install/armkidd_interfaces/include/armkidd_interfaces/armkidd_interfaces/msg/detail/armkidd_target__functions.h
[2.124s] -- Up-to-date: /workspace/run/ros2_ws/install/armkidd_interfaces/include/armkidd_interfaces/armkidd_interfaces/msg/detail/armkidd_target__struct.h
[2.124s] -- Up-to-date: /workspace/run/ros2_ws/install/armkidd_interfaces/include/armkidd_interfaces/armkidd_interfaces/msg/detail/armkidd_target__type_support.c
[2.124s] -- Up-to-date: /workspace/run/ros2_ws/install/armkidd_interfaces/include/armkidd_interfaces/armkidd_interfaces/msg/detail/armkidd_target__functions.c
[2.125s] -- Up-to-date: /workspace/run/ros2_ws/install/armkidd_interfaces/share/armkidd_interfaces/environment/library_path.sh
[2.125s] -- Up-to-date: /workspace/run/ros2_ws/install/armkidd_interfaces/share/armkidd_interfaces/environment/library_path.dsv
[2.125s] -- Up-to-date: /workspace/run/ros2_ws/install/armkidd_interfaces/lib/libarmkidd_interfaces__rosidl_generator_c.so
[2.126s] -- Up-to-date: /workspace/run/ros2_ws/install/armkidd_interfaces/include/armkidd_interfaces/armkidd_interfaces
[2.126s] -- Up-to-date: /workspace/run/ros2_ws/install/armkidd_interfaces/include/armkidd_interfaces/armkidd_interfaces/msg
[2.127s] -- Up-to-date: /workspace/run/ros2_ws/install/armkidd_interfaces/include/armkidd_interfaces/armkidd_interfaces/msg/detail
[2.127s] -- Up-to-date: /workspace/run/ros2_ws/install/armkidd_interfaces/include/armkidd_interfaces/armkidd_interfaces/msg/detail/armkidd_target__rosidl_typesupport_fastrtps_c.h
[2.127s] -- Up-to-date: /workspace/run/ros2_ws/install/armkidd_interfaces/include/armkidd_interfaces/armkidd_interfaces/msg/rosidl_typesupport_fastrtps_c__visibility_control.h
[2.127s] -- Up-to-date: /workspace/run/ros2_ws/install/armkidd_interfaces/lib/libarmkidd_interfaces__rosidl_typesupport_fastrtps_c.so
[2.128s] -- Up-to-date: /workspace/run/ros2_ws/install/armkidd_interfaces/include/armkidd_interfaces/armkidd_interfaces
[2.128s] -- Up-to-date: /workspace/run/ros2_ws/install/armkidd_interfaces/include/armkidd_interfaces/armkidd_interfaces/msg
[2.129s] -- Up-to-date: /workspace/run/ros2_ws/install/armkidd_interfaces/include/armkidd_interfaces/armkidd_interfaces/msg/detail
[2.129s] -- Up-to-date: /workspace/run/ros2_ws/install/armkidd_interfaces/include/armkidd_interfaces/armkidd_interfaces/msg/detail/armkidd_target__type_support.c
[2.132s] -- Up-to-date: /workspace/run/ros2_ws/install/armkidd_interfaces/include/armkidd_interfaces/armkidd_interfaces/msg/detail/armkidd_target__rosidl_typesupport_introspection_c.h
[2.132s] -- Up-to-date: /workspace/run/ros2_ws/install/armkidd_interfaces/include/armkidd_interfaces/armkidd_interfaces/msg/rosidl_typesupport_introspection_c__visibility_control.h
[2.133s] -- Up-to-date: /workspace/run/ros2_ws/install/armkidd_interfaces/lib/libarmkidd_interfaces__rosidl_typesupport_introspection_c.so
[2.133s] -- Up-to-date: /workspace/run/ros2_ws/install/armkidd_interfaces/lib/libarmkidd_interfaces__rosidl_typesupport_c.so
[2.133s] -- Up-to-date: /workspace/run/ros2_ws/install/armkidd_interfaces/include/armkidd_interfaces/armkidd_interfaces
[2.134s] -- Up-to-date: /workspace/run/ros2_ws/install/armkidd_interfaces/include/armkidd_interfaces/armkidd_interfaces/msg
[2.135s] -- Up-to-date: /workspace/run/ros2_ws/install/armkidd_interfaces/include/armkidd_interfaces/armkidd_interfaces/msg/rosidl_generator_cpp__visibility_control.hpp
[2.135s] -- Up-to-date: /workspace/run/ros2_ws/install/armkidd_interfaces/include/armkidd_interfaces/armkidd_interfaces/msg/detail
[2.136s] -- Up-to-date: /workspace/run/ros2_ws/install/armkidd_interfaces/include/armkidd_interfaces/armkidd_interfaces/msg/detail/armkidd_target__struct.hpp
[2.136s] -- Up-to-date: /workspace/run/ros2_ws/install/armkidd_interfaces/include/armkidd_interfaces/armkidd_interfaces/msg/detail/armkidd_target__builder.hpp
[2.136s] -- Up-to-date: /workspace/run/ros2_ws/install/armkidd_interfaces/include/armkidd_interfaces/armkidd_interfaces/msg/detail/armkidd_target__type_support.hpp
[2.137s] -- Up-to-date: /workspace/run/ros2_ws/install/armkidd_interfaces/include/armkidd_interfaces/armkidd_interfaces/msg/detail/armkidd_target__traits.hpp
[2.137s] -- Up-to-date: /workspace/run/ros2_ws/install/armkidd_interfaces/include/armkidd_interfaces/armkidd_interfaces/msg/armkidd_target.hpp
[2.138s] -- Up-to-date: /workspace/run/ros2_ws/install/armkidd_interfaces/include/armkidd_interfaces/armkidd_interfaces
[2.138s] -- Up-to-date: /workspace/run/ros2_ws/install/armkidd_interfaces/include/armkidd_interfaces/armkidd_interfaces/msg
[2.138s] -- Up-to-date: /workspace/run/ros2_ws/install/armkidd_interfaces/include/armkidd_interfaces/armkidd_interfaces/msg/detail
[2.138s] -- Up-to-date: /workspace/run/ros2_ws/install/armkidd_interfaces/include/armkidd_interfaces/armkidd_interfaces/msg/detail/armkidd_target__rosidl_typesupport_fastrtps_cpp.hpp
[2.139s] -- Up-to-date: /workspace/run/ros2_ws/install/armkidd_interfaces/include/armkidd_interfaces/armkidd_interfaces/msg/detail/dds_fastrtps
[2.139s] -- Up-to-date: /workspace/run/ros2_ws/install/armkidd_interfaces/include/armkidd_interfaces/armkidd_interfaces/msg/rosidl_typesupport_fastrtps_cpp__visibility_control.h
[2.139s] -- Up-to-date: /workspace/run/ros2_ws/install/armkidd_interfaces/lib/libarmkidd_interfaces__rosidl_typesupport_fastrtps_cpp.so
[2.140s] -- Up-to-date: /workspace/run/ros2_ws/install/armkidd_interfaces/include/armkidd_interfaces/armkidd_interfaces
[2.140s] -- Up-to-date: /workspace/run/ros2_ws/install/armkidd_interfaces/include/armkidd_interfaces/armkidd_interfaces/msg
[2.140s] -- Up-to-date: /workspace/run/ros2_ws/install/armkidd_interfaces/include/armkidd_interfaces/armkidd_interfaces/msg/detail
[2.141s] -- Up-to-date: /workspace/run/ros2_ws/install/armkidd_interfaces/include/armkidd_interfaces/armkidd_interfaces/msg/detail/armkidd_target__rosidl_typesupport_introspection_cpp.hpp
[2.141s] -- Up-to-date: /workspace/run/ros2_ws/install/armkidd_interfaces/include/armkidd_interfaces/armkidd_interfaces/msg/detail/armkidd_target__type_support.cpp
[2.141s] -- Up-to-date: /workspace/run/ros2_ws/install/armkidd_interfaces/lib/libarmkidd_interfaces__rosidl_typesupport_introspection_cpp.so
[2.141s] -- Up-to-date: /workspace/run/ros2_ws/install/armkidd_interfaces/lib/libarmkidd_interfaces__rosidl_typesupport_cpp.so
[2.142s] -- Up-to-date: /workspace/run/ros2_ws/install/armkidd_interfaces/share/armkidd_interfaces/environment/pythonpath.sh
[2.142s] -- Up-to-date: /workspace/run/ros2_ws/install/armkidd_interfaces/share/armkidd_interfaces/environment/pythonpath.dsv
[2.142s] -- Up-to-date: /workspace/run/ros2_ws/install/armkidd_interfaces/lib/python3.12/site-packages/armkidd_interfaces-0.0.0-py3.12.egg-info
[2.143s] -- Installing: /workspace/run/ros2_ws/install/armkidd_interfaces/lib/python3.12/site-packages/armkidd_interfaces-0.0.0-py3.12.egg-info/PKG-INFO
[2.143s] -- Installing: /workspace/run/ros2_ws/install/armkidd_interfaces/lib/python3.12/site-packages/armkidd_interfaces-0.0.0-py3.12.egg-info/top_level.txt
[2.143s] -- Installing: /workspace/run/ros2_ws/install/armkidd_interfaces/lib/python3.12/site-packages/armkidd_interfaces-0.0.0-py3.12.egg-info/dependency_links.txt
[2.143s] -- Installing: /workspace/run/ros2_ws/install/armkidd_interfaces/lib/python3.12/site-packages/armkidd_interfaces-0.0.0-py3.12.egg-info/SOURCES.txt
[2.144s] -- Up-to-date: /workspace/run/ros2_ws/install/armkidd_interfaces/lib/python3.12/site-packages/armkidd_interfaces
[2.144s] -- Up-to-date: /workspace/run/ros2_ws/install/armkidd_interfaces/lib/python3.12/site-packages/armkidd_interfaces/msg
[2.144s] -- Up-to-date: /workspace/run/ros2_ws/install/armkidd_interfaces/lib/python3.12/site-packages/armkidd_interfaces/msg/_armkidd_target_s.c
[2.145s] -- Up-to-date: /workspace/run/ros2_ws/install/armkidd_interfaces/lib/python3.12/site-packages/armkidd_interfaces/msg/__init__.py
[2.145s] -- Up-to-date: /workspace/run/ros2_ws/install/armkidd_interfaces/lib/python3.12/site-packages/armkidd_interfaces/msg/_armkidd_target.py
[2.145s] -- Up-to-date: /workspace/run/ros2_ws/install/armkidd_interfaces/lib/python3.12/site-packages/armkidd_interfaces/__init__.py
[2.145s] -- Up-to-date: /workspace/run/ros2_ws/install/armkidd_interfaces/lib/python3.12/site-packages/armkidd_interfaces/_armkidd_interfaces_s.ep.rosidl_typesupport_fastrtps_c.c
[2.146s] -- Up-to-date: /workspace/run/ros2_ws/install/armkidd_interfaces/lib/python3.12/site-packages/armkidd_interfaces/_armkidd_interfaces_s.ep.rosidl_typesupport_introspection_c.c
[2.146s] -- Up-to-date: /workspace/run/ros2_ws/install/armkidd_interfaces/lib/python3.12/site-packages/armkidd_interfaces/armkidd_interfaces_s__rosidl_typesupport_fastrtps_c.so
[2.146s] -- Up-to-date: /workspace/run/ros2_ws/install/armkidd_interfaces/lib/python3.12/site-packages/armkidd_interfaces/armkidd_interfaces_s__rosidl_typesupport_c.so
[2.146s] -- Up-to-date: /workspace/run/ros2_ws/install/armkidd_interfaces/lib/python3.12/site-packages/armkidd_interfaces/_armkidd_interfaces_s.ep.rosidl_typesupport_c.c
[2.147s] -- Up-to-date: /workspace/run/ros2_ws/install/armkidd_interfaces/lib/python3.12/site-packages/armkidd_interfaces/armkidd_interfaces_s__rosidl_typesupport_introspection_c.so
[2.220s] Listing '/workspace/run/ros2_ws/install/armkidd_interfaces/lib/python3.12/site-packages/armkidd_interfaces'...
[2.220s] Listing '/workspace/run/ros2_ws/install/armkidd_interfaces/lib/python3.12/site-packages/armkidd_interfaces/msg'...
[2.237s] -- Up-to-date: /workspace/run/ros2_ws/install/armkidd_interfaces/lib/python3.12/site-packages/armkidd_interfaces/armkidd_interfaces_s__rosidl_typesupport_fastrtps_c.so
[2.239s] -- Up-to-date: /workspace/run/ros2_ws/install/armkidd_interfaces/lib/python3.12/site-packages/armkidd_interfaces/armkidd_interfaces_s__rosidl_typesupport_introspection_c.so
[2.241s] -- Up-to-date: /workspace/run/ros2_ws/install/armkidd_interfaces/lib/python3.12/site-packages/armkidd_interfaces/armkidd_interfaces_s__rosidl_typesupport_c.so
[2.244s] -- Up-to-date: /workspace/run/ros2_ws/install/armkidd_interfaces/lib/libarmkidd_interfaces__rosidl_generator_py.so
[2.244s] -- Up-to-date: /workspace/run/ros2_ws/install/armkidd_interfaces/share/armkidd_interfaces/msg/ArmkiddTarget.idl
[2.245s] -- Up-to-date: /workspace/run/ros2_ws/install/armkidd_interfaces/share/armkidd_interfaces/msg/ArmkiddTarget.msg
[2.245s] -- Up-to-date: /workspace/run/ros2_ws/install/armkidd_interfaces/share/armkidd_interfaces/msg
[2.246s] -- Up-to-date: /workspace/run/ros2_ws/install/armkidd_interfaces/share/armkidd_interfaces/msg/ArmkiddTarget.msg
[2.246s] -- Up-to-date: /workspace/run/ros2_ws/install/armkidd_interfaces/share/ament_index/resource_index/package_run_dependencies/armkidd_interfaces
[2.247s] -- Up-to-date: /workspace/run/ros2_ws/install/armkidd_interfaces/share/ament_index/resource_index/parent_prefix_path/armkidd_interfaces
[2.247s] -- Up-to-date: /workspace/run/ros2_ws/install/armkidd_interfaces/share/armkidd_interfaces/environment/ament_prefix_path.sh
[2.248s] -- Up-to-date: /workspace/run/ros2_ws/install/armkidd_interfaces/share/armkidd_interfaces/environment/ament_prefix_path.dsv
[2.248s] -- Up-to-date: /workspace/run/ros2_ws/install/armkidd_interfaces/share/armkidd_interfaces/environment/path.sh
[2.248s] -- Up-to-date: /workspace/run/ros2_ws/install/armkidd_interfaces/share/armkidd_interfaces/environment/path.dsv
[2.249s] -- Up-to-date: /workspace/run/ros2_ws/install/armkidd_interfaces/share/armkidd_interfaces/local_setup.bash
[2.249s] -- Up-to-date: /workspace/run/ros2_ws/install/armkidd_interfaces/share/armkidd_interfaces/local_setup.sh
[2.249s] -- Up-to-date: /workspace/run/ros2_ws/install/armkidd_interfaces/share/armkidd_interfaces/local_setup.zsh
[2.250s] -- Up-to-date: /workspace/run/ros2_ws/install/armkidd_interfaces/share/armkidd_interfaces/local_setup.dsv
[2.250s] -- Installing: /workspace/run/ros2_ws/install/armkidd_interfaces/share/armkidd_interfaces/package.dsv
[2.251s] -- Up-to-date: /workspace/run/ros2_ws/install/armkidd_interfaces/share/ament_index/resource_index/packages/armkidd_interfaces
[2.251s] -- Up-to-date: /workspace/run/ros2_ws/install/armkidd_interfaces/share/armkidd_interfaces/cmake/export_armkidd_interfaces__rosidl_generator_cExport.cmake
[2.252s] -- Up-to-date: /workspace/run/ros2_ws/install/armkidd_interfaces/share/armkidd_interfaces/cmake/export_armkidd_interfaces__rosidl_generator_cExport-noconfig.cmake
[2.252s] -- Up-to-date: /workspace/run/ros2_ws/install/armkidd_interfaces/share/armkidd_interfaces/cmake/export_armkidd_interfaces__rosidl_typesupport_fastrtps_cExport.cmake
[2.253s] -- Up-to-date: /workspace/run/ros2_ws/install/armkidd_interfaces/share/armkidd_interfaces/cmake/export_armkidd_interfaces__rosidl_typesupport_fastrtps_cExport-noconfig.cmake
[2.253s] -- Up-to-date: /workspace/run/ros2_ws/install/armkidd_interfaces/share/armkidd_interfaces/cmake/armkidd_interfaces__rosidl_typesupport_introspection_cExport.cmake
[2.254s] -- Up-to-date: /workspace/run/ros2_ws/install/armkidd_interfaces/share/armkidd_interfaces/cmake/armkidd_interfaces__rosidl_typesupport_introspection_cExport-noconfig.cmake
[2.254s] -- Up-to-date: /workspace/run/ros2_ws/install/armkidd_interfaces/share/armkidd_interfaces/cmake/armkidd_interfaces__rosidl_typesupport_cExport.cmake
[2.255s] -- Up-to-date: /workspace/run/ros2_ws/install/armkidd_interfaces/share/armkidd_interfaces/cmake/armkidd_interfaces__rosidl_typesupport_cExport-noconfig.cmake
[2.255s] -- Up-to-date: /workspace/run/ros2_ws/install/armkidd_interfaces/share/armkidd_interfaces/cmake/export_armkidd_interfaces__rosidl_generator_cppExport.cmake
[2.256s] -- Up-to-date: /workspace/run/ros2_ws/install/armkidd_interfaces/share/armkidd_interfaces/cmake/export_armkidd_interfaces__rosidl_typesupport_fastrtps_cppExport.cmake
[2.257s] -- Up-to-date: /workspace/run/ros2_ws/install/armkidd_interfaces/share/armkidd_interfaces/cmake/export_armkidd_interfaces__rosidl_typesupport_fastrtps_cppExport-noconfig.cmake
[2.258s] -- Up-to-date: /workspace/run/ros2_ws/install/armkidd_interfaces/share/armkidd_interfaces/cmake/armkidd_interfaces__rosidl_typesupport_introspection_cppExport.cmake
[2.258s] -- Up-to-date: /workspace/run/ros2_ws/install/armkidd_interfaces/share/armkidd_interfaces/cmake/armkidd_interfaces__rosidl_typesupport_introspection_cppExport-noconfig.cmake
[2.259s] -- Up-to-date: /workspace/run/ros2_ws/install/armkidd_interfaces/share/armkidd_interfaces/cmake/armkidd_interfaces__rosidl_typesupport_cppExport.cmake
[2.260s] -- Up-to-date: /workspace/run/ros2_ws/install/armkidd_interfaces/share/armkidd_interfaces/cmake/armkidd_interfaces__rosidl_typesupport_cppExport-noconfig.cmake
[2.260s] -- Up-to-date: /workspace/run/ros2_ws/install/armkidd_interfaces/share/armkidd_interfaces/cmake/export_armkidd_interfaces__rosidl_generator_pyExport.cmake
[2.261s] -- Up-to-date: /workspace/run/ros2_ws/install/armkidd_interfaces/share/armkidd_interfaces/cmake/export_armkidd_interfaces__rosidl_generator_pyExport-noconfig.cmake
[2.261s] -- Up-to-date: /workspace/run/ros2_ws/install/armkidd_interfaces/share/armkidd_interfaces/cmake/rosidl_cmake-extras.cmake
[2.261s] -- Up-to-date: /workspace/run/ros2_ws/install/armkidd_interfaces/share/armkidd_interfaces/cmake/ament_cmake_export_dependencies-extras.cmake
[2.262s] -- Up-to-date: /workspace/run/ros2_ws/install/armkidd_interfaces/share/armkidd_interfaces/cmake/ament_cmake_export_include_directories-extras.cmake
[2.262s] -- Up-to-date: /workspace/run/ros2_ws/install/armkidd_interfaces/share/armkidd_interfaces/cmake/ament_cmake_export_libraries-extras.cmake
[2.263s] -- Up-to-date: /workspace/run/ros2_ws/install/armkidd_interfaces/share/armkidd_interfaces/cmake/ament_cmake_export_targets-extras.cmake
[2.263s] -- Up-to-date: /workspace/run/ros2_ws/install/armkidd_interfaces/share/armkidd_interfaces/cmake/rosidl_cmake_export_typesupport_targets-extras.cmake
[2.263s] -- Up-to-date: /workspace/run/ros2_ws/install/armkidd_interfaces/share/armkidd_interfaces/cmake/rosidl_cmake_export_typesupport_libraries-extras.cmake
[2.263s] -- Up-to-date: /workspace/run/ros2_ws/install/armkidd_interfaces/share/armkidd_interfaces/cmake/armkidd_interfacesConfig.cmake
[2.263s] -- Up-to-date: /workspace/run/ros2_ws/install/armkidd_interfaces/share/armkidd_interfaces/cmake/armkidd_interfacesConfig-version.cmake
[2.263s] -- Up-to-date: /workspace/run/ros2_ws/install/armkidd_interfaces/share/armkidd_interfaces/package.xml
[2.270s] Invoked command in '/workspace/run/ros2_ws/build/armkidd_interfaces' returned '0': CMAKE_PREFIX_PATH=${CMAKE_PREFIX_PATH}:/opt/ros/jazzy /usr/bin/cmake --install /workspace/run/ros2_ws/build/armkidd_interfaces
