[0.028s] Invoking command in '/workspace/run/ros2_ws/build/armkidd_cvprocesser': CMAKE_PREFIX_PATH=${CMAKE_PREFIX_PATH}:/opt/ros/jazzy /usr/bin/cmake --build /workspace/run/ros2_ws/build/armkidd_cvprocesser -- -j6 -l6
[0.160s] Built target ament_cmake_python_copy_armkidd_cvprocesser
[0.682s] running egg_info
[0.711s] writing armkidd_cvprocesser.egg-info/PKG-INFO
[0.712s] writing dependency_links to armkidd_cvprocesser.egg-info/dependency_links.txt
[0.713s] writing top-level names to armkidd_cvprocesser.egg-info/top_level.txt
[0.802s] reading manifest file 'armkidd_cvprocesser.egg-info/SOURCES.txt'
[0.804s] writing manifest file 'armkidd_cvprocesser.egg-info/SOURCES.txt'
[0.896s] Built target ament_cmake_python_build_armkidd_cvprocesser_egg
[0.937s] Invoked command in '/workspace/run/ros2_ws/build/armkidd_cvprocesser' returned '0': CMAKE_PREFIX_PATH=${CMAKE_PREFIX_PATH}:/opt/ros/jazzy /usr/bin/cmake --build /workspace/run/ros2_ws/build/armkidd_cvprocesser -- -j6 -l6
[0.940s] Invoking command in '/workspace/run/ros2_ws/build/armkidd_cvprocesser': CMAKE_PREFIX_PATH=${CMAKE_PREFIX_PATH}:/opt/ros/jazzy /usr/bin/cmake --install /workspace/run/ros2_ws/build/armkidd_cvprocesser
[0.959s] -- Install configuration: ""
[0.959s] -- Up-to-date: /workspace/run/ros2_ws/install/armkidd_cvprocesser/share/armkidd_cvprocesser/environment/pythonpath.sh
[0.960s] -- Up-to-date: /workspace/run/ros2_ws/install/armkidd_cvprocesser/share/armkidd_cvprocesser/environment/pythonpath.dsv
[0.961s] -- Up-to-date: /workspace/run/ros2_ws/install/armkidd_cvprocesser/lib/python3.12/site-packages/armkidd_cvprocesser-0.0.0-py3.12.egg-info
[0.962s] -- Installing: /workspace/run/ros2_ws/install/armkidd_cvprocesser/lib/python3.12/site-packages/armkidd_cvprocesser-0.0.0-py3.12.egg-info/PKG-INFO
[0.962s] -- Installing: /workspace/run/ros2_ws/install/armkidd_cvprocesser/lib/python3.12/site-packages/armkidd_cvprocesser-0.0.0-py3.12.egg-info/top_level.txt
[0.962s] -- Installing: /workspace/run/ros2_ws/install/armkidd_cvprocesser/lib/python3.12/site-packages/armkidd_cvprocesser-0.0.0-py3.12.egg-info/dependency_links.txt
[0.962s] -- Installing: /workspace/run/ros2_ws/install/armkidd_cvprocesser/lib/python3.12/site-packages/armkidd_cvprocesser-0.0.0-py3.12.egg-info/SOURCES.txt
[0.963s] -- Up-to-date: /workspace/run/ros2_ws/install/armkidd_cvprocesser/lib/python3.12/site-packages/armkidd_cvprocesser
[0.963s] -- Installing: /workspace/run/ros2_ws/install/armkidd_cvprocesser/lib/python3.12/site-packages/armkidd_cvprocesser/cv_processer_node.py
[0.963s] -- Up-to-date: /workspace/run/ros2_ws/install/armkidd_cvprocesser/lib/python3.12/site-packages/armkidd_cvprocesser/ImageServiceStream_pb2.py
[0.963s] -- Up-to-date: /workspace/run/ros2_ws/install/armkidd_cvprocesser/lib/python3.12/site-packages/armkidd_cvprocesser/AgentServiceStream_pb2.py
[0.964s] -- Up-to-date: /workspace/run/ros2_ws/install/armkidd_cvprocesser/lib/python3.12/site-packages/armkidd_cvprocesser/AgentServiceStream.proto
[0.964s] -- Up-to-date: /workspace/run/ros2_ws/install/armkidd_cvprocesser/lib/python3.12/site-packages/armkidd_cvprocesser/__init__.py
[0.964s] -- Up-to-date: /workspace/run/ros2_ws/install/armkidd_cvprocesser/lib/python3.12/site-packages/armkidd_cvprocesser/cv_helpers.py
[0.965s] -- Up-to-date: /workspace/run/ros2_ws/install/armkidd_cvprocesser/lib/python3.12/site-packages/armkidd_cvprocesser/ImageServiceStream.proto
[0.971s] -- Up-to-date: /workspace/run/ros2_ws/install/armkidd_cvprocesser/lib/python3.12/site-packages/armkidd_cvprocesser/ImageServiceStream_pb2_grpc.py
[0.971s] -- Up-to-date: /workspace/run/ros2_ws/install/armkidd_cvprocesser/lib/python3.12/site-packages/armkidd_cvprocesser/AgentServiceStream_pb2_grpc.py
[0.971s] -- Up-to-date: /workspace/run/ros2_ws/install/armkidd_cvprocesser/lib/python3.12/site-packages/armkidd_cvprocesser/ImageClient.py
[0.972s] -- Up-to-date: /workspace/run/ros2_ws/install/armkidd_cvprocesser/lib/python3.12/site-packages/armkidd_cvprocesser/AgentClient.py
[0.972s] -- Up-to-date: /workspace/run/ros2_ws/install/armkidd_cvprocesser/lib/python3.12/site-packages/armkidd_cvprocesser/load_config.py
[1.045s] Listing '/workspace/run/ros2_ws/install/armkidd_cvprocesser/lib/python3.12/site-packages/armkidd_cvprocesser'...
[1.049s] Compiling '/workspace/run/ros2_ws/install/armkidd_cvprocesser/lib/python3.12/site-packages/armkidd_cvprocesser/cv_processer_node.py'...
[1.074s] -- Up-to-date: /workspace/run/ros2_ws/install/armkidd_cvprocesser/lib//armkidd_cvprocesser
[1.075s] -- Installing: /workspace/run/ros2_ws/install/armkidd_cvprocesser/lib//armkidd_cvprocesser/cv_processer_node.py
[1.076s] -- Up-to-date: /workspace/run/ros2_ws/install/armkidd_cvprocesser/lib//armkidd_cvprocesser/ImageServiceStream_pb2.py
[1.076s] -- Up-to-date: /workspace/run/ros2_ws/install/armkidd_cvprocesser/lib//armkidd_cvprocesser/AgentServiceStream_pb2.py
[1.077s] -- Up-to-date: /workspace/run/ros2_ws/install/armkidd_cvprocesser/lib//armkidd_cvprocesser/AgentServiceStream.proto
[1.077s] -- Up-to-date: /workspace/run/ros2_ws/install/armkidd_cvprocesser/lib//armkidd_cvprocesser/__init__.py
[1.078s] -- Up-to-date: /workspace/run/ros2_ws/install/armkidd_cvprocesser/lib//armkidd_cvprocesser/cv_helpers.py
[1.078s] -- Up-to-date: /workspace/run/ros2_ws/install/armkidd_cvprocesser/lib//armkidd_cvprocesser/ImageServiceStream.proto
[1.079s] -- Up-to-date: /workspace/run/ros2_ws/install/armkidd_cvprocesser/lib//armkidd_cvprocesser/ImageServiceStream_pb2_grpc.py
[1.079s] -- Up-to-date: /workspace/run/ros2_ws/install/armkidd_cvprocesser/lib//armkidd_cvprocesser/AgentServiceStream_pb2_grpc.py
[1.079s] -- Up-to-date: /workspace/run/ros2_ws/install/armkidd_cvprocesser/lib//armkidd_cvprocesser/ImageClient.py
[1.079s] -- Up-to-date: /workspace/run/ros2_ws/install/armkidd_cvprocesser/lib//armkidd_cvprocesser/AgentClient.py
[1.080s] -- Up-to-date: /workspace/run/ros2_ws/install/armkidd_cvprocesser/lib//armkidd_cvprocesser/load_config.py
[1.081s] -- Up-to-date: /workspace/run/ros2_ws/install/armkidd_cvprocesser/lib/armkidd_cvprocesser/cv_processer_node.py
[1.081s] -- Up-to-date: /workspace/run/ros2_ws/install/armkidd_cvprocesser/share/ament_index/resource_index/package_run_dependencies/armkidd_cvprocesser
[1.084s] -- Up-to-date: /workspace/run/ros2_ws/install/armkidd_cvprocesser/share/ament_index/resource_index/parent_prefix_path/armkidd_cvprocesser
[1.085s] -- Up-to-date: /workspace/run/ros2_ws/install/armkidd_cvprocesser/share/armkidd_cvprocesser/environment/ament_prefix_path.sh
[1.085s] -- Up-to-date: /workspace/run/ros2_ws/install/armkidd_cvprocesser/share/armkidd_cvprocesser/environment/ament_prefix_path.dsv
[1.086s] -- Up-to-date: /workspace/run/ros2_ws/install/armkidd_cvprocesser/share/armkidd_cvprocesser/environment/path.sh
[1.086s] -- Up-to-date: /workspace/run/ros2_ws/install/armkidd_cvprocesser/share/armkidd_cvprocesser/environment/path.dsv
[1.086s] -- Up-to-date: /workspace/run/ros2_ws/install/armkidd_cvprocesser/share/armkidd_cvprocesser/local_setup.bash
[1.087s] -- Up-to-date: /workspace/run/ros2_ws/install/armkidd_cvprocesser/share/armkidd_cvprocesser/local_setup.sh
[1.087s] -- Up-to-date: /workspace/run/ros2_ws/install/armkidd_cvprocesser/share/armkidd_cvprocesser/local_setup.zsh
[1.087s] -- Up-to-date: /workspace/run/ros2_ws/install/armkidd_cvprocesser/share/armkidd_cvprocesser/local_setup.dsv
[1.087s] -- Installing: /workspace/run/ros2_ws/install/armkidd_cvprocesser/share/armkidd_cvprocesser/package.dsv
[1.089s] -- Up-to-date: /workspace/run/ros2_ws/install/armkidd_cvprocesser/share/ament_index/resource_index/packages/armkidd_cvprocesser
[1.089s] -- Up-to-date: /workspace/run/ros2_ws/install/armkidd_cvprocesser/share/armkidd_cvprocesser/cmake/armkidd_cvprocesserConfig.cmake
[1.089s] -- Up-to-date: /workspace/run/ros2_ws/install/armkidd_cvprocesser/share/armkidd_cvprocesser/cmake/armkidd_cvprocesserConfig-version.cmake
[1.089s] -- Up-to-date: /workspace/run/ros2_ws/install/armkidd_cvprocesser/share/armkidd_cvprocesser/package.xml
[1.097s] Invoked command in '/workspace/run/ros2_ws/build/armkidd_cvprocesser' returned '0': CMAKE_PREFIX_PATH=${CMAKE_PREFIX_PATH}:/opt/ros/jazzy /usr/bin/cmake --install /workspace/run/ros2_ws/build/armkidd_cvprocesser
